<?xml version="1.0" encoding="utf-8"?>
<CoverageSession xmlns:xsd="http://www.w3.org/2001/XMLSchema" xmlns:xsi="http://www.w3.org/2001/XMLSchema-instance" Version="0.0.0.0">
  <Summary numSequencePoints="1247" visitedSequencePoints="1103" numBranchPoints="0" visitedBranchPoints="0" sequenceCoverage="88.45" branchCoverage="0.0" maxCyclomaticComplexity="0" minCyclomaticComplexity="0" maxCrapScore="0" minCrapScore="0" visitedClasses="13" numClasses="13" visitedMethods="54" numMethods="54" />
  <Modules>
    <Module>
      <Summary numSequencePoints="1247" visitedSequencePoints="1103" numBranchPoints="0" visitedBranchPoints="0" sequenceCoverage="88.45" branchCoverage="0.0" maxCyclomaticComplexity="0" minCyclomaticComplexity="0" maxCrapScore="0" minCrapScore="0" visitedClasses="13" numClasses="13" visitedMethods="54" numMethods="54" />
      <ModuleTime>0001-01-01T00:00:00</ModuleTime>
      <ModuleName>Scripts</ModuleName>
      <Files>
        <File uid="1" fullPath="C:/Users/Administrator/OneDrive/Documents/GitHub/AAA/AGS_guitarALL_EPICS/ULTIMATE_GUITAR/Assets/Scripts/AudioAnalyzer.cs" />
        <File uid="2" fullPath="C:/Users/Administrator/OneDrive/Documents/GitHub/AAA/AGS_guitarALL_EPICS/ULTIMATE_GUITAR/Assets/Scripts/ButtonScript.cs" />
        <File uid="3" fullPath="C:/Users/Administrator/OneDrive/Documents/GitHub/AAA/AGS_guitarALL_EPICS/ULTIMATE_GUITAR/Assets/Scripts/CapoController.cs" />
        <File uid="4" fullPath="C:/Users/Administrator/OneDrive/Documents/GitHub/AAA/AGS_guitarALL_EPICS/ULTIMATE_GUITAR/Assets/Scripts/FileHandler.cs" />
        <File uid="5" fullPath="C:/Users/Administrator/OneDrive/Documents/GitHub/AAA/AGS_guitarALL_EPICS/ULTIMATE_GUITAR/Assets/Scripts/FretNum.cs" />
        <File uid="6" fullPath="C:/Users/Administrator/OneDrive/Documents/GitHub/AAA/AGS_guitarALL_EPICS/ULTIMATE_GUITAR/Assets/Scripts/GuitarSoundManager.cs" />
        <File uid="7" fullPath="C:/Users/Administrator/OneDrive/Documents/GitHub/AAA/AGS_guitarALL_EPICS/ULTIMATE_GUITAR/Assets/Scripts/GuitarString.cs" />
        <File uid="8" fullPath="C:/Users/Administrator/OneDrive/Documents/GitHub/AAA/AGS_guitarALL_EPICS/ULTIMATE_GUITAR/Assets/Scripts/JsonCompare.cs" />
        <File uid="9" fullPath="C:/Users/Administrator/OneDrive/Documents/GitHub/AAA/AGS_guitarALL_EPICS/ULTIMATE_GUITAR/Assets/Scripts/SphereController.cs" />
        <File uid="10" fullPath="C:/Users/Administrator/OneDrive/Documents/GitHub/AAA/AGS_guitarALL_EPICS/ULTIMATE_GUITAR/Assets/Scripts/StorePlayedNote.cs" />
        <File uid="11" fullPath="C:/Users/Administrator/OneDrive/Documents/GitHub/AAA/AGS_guitarALL_EPICS/ULTIMATE_GUITAR/Assets/Scripts/StringClickHandler.cs" />
      </Files>
      <Classes>
        <Class>
          <Summary numSequencePoints="109" visitedSequencePoints="106" numBranchPoints="0" visitedBranchPoints="0" sequenceCoverage="97.25" branchCoverage="0.0" maxCyclomaticComplexity="0" minCyclomaticComplexity="0" maxCrapScore="0" minCrapScore="0" visitedClasses="1" numClasses="1" visitedMethods="9" numMethods="9" />
          <FullName>AudioAnalyzer</FullName>
          <Methods>
            <Method visited="true" cyclomaticComplexity="0" nPathComplexity="0" sequenceCoverage="100.0" branchCoverage="0" crapScore="0" isConstructor="false" isStatic="true" isGetter="false" isSetter="false">
              <Summary numSequencePoints="11" visitedSequencePoints="11" numBranchPoints="0" visitedBranchPoints="0" sequenceCoverage="100.0" branchCoverage="0" maxCyclomaticComplexity="0" minCyclomaticComplexity="0" maxCrapScore="0" minCrapScore="0" visitedClasses="0" numClasses="0" visitedMethods="1" numMethods="1" />
              <MetadataToken>100663297</MetadataToken>
              <Name>static System.String AudioAnalyzer::Interpret(System.Single[], System.Int32)</Name>
              <FileRef uid="1" />
              <SequencePoints>
                <SequencePoint vc="121" uspid="1671" ordinal="0" offset="0" sl="69" sc="5" el="69" ec="5" bec="0" bev="0" fileid="1" />
                <SequencePoint vc="121" uspid="1672" ordinal="0" offset="1" sl="70" sc="9" el="70" ec="9" bec="0" bev="0" fileid="1" />
                <SequencePoint vc="121" uspid="1673" ordinal="0" offset="16" sl="71" sc="9" el="71" ec="9" bec="0" bev="0" fileid="1" />
                <SequencePoint vc="121" uspid="1674" ordinal="0" offset="23" sl="72" sc="9" el="72" ec="9" bec="0" bev="0" fileid="1" />
                <SequencePoint vc="121" uspid="1675" ordinal="0" offset="30" sl="73" sc="9" el="73" ec="9" bec="0" bev="0" fileid="1" />
                <SequencePoint vc="121" uspid="1676" ordinal="0" offset="38" sl="75" sc="9" el="75" ec="9" bec="0" bev="0" fileid="1" />
                <SequencePoint vc="121" uspid="1677" ordinal="0" offset="45" sl="76" sc="9" el="76" ec="9" bec="0" bev="0" fileid="1" />
                <SequencePoint vc="121" uspid="1678" ordinal="0" offset="53" sl="77" sc="9" el="77" ec="9" bec="0" bev="0" fileid="1" />
                <SequencePoint vc="121" uspid="1679" ordinal="0" offset="62" sl="81" sc="9" el="81" ec="9" bec="0" bev="0" fileid="1" />
                <SequencePoint vc="121" uspid="1680" ordinal="0" offset="80" sl="83" sc="9" el="83" ec="9" bec="0" bev="0" fileid="1" />
                <SequencePoint vc="121" uspid="1681" ordinal="0" offset="86" sl="84" sc="5" el="84" ec="5" bec="0" bev="0" fileid="1" />
              </SequencePoints>
              <BranchPoints />
            </Method>
            <Method visited="true" cyclomaticComplexity="0" nPathComplexity="0" sequenceCoverage="100.0" branchCoverage="0" crapScore="0" isConstructor="false" isStatic="true" isGetter="false" isSetter="false">
              <Summary numSequencePoints="10" visitedSequencePoints="10" numBranchPoints="0" visitedBranchPoints="0" sequenceCoverage="100.0" branchCoverage="0" maxCyclomaticComplexity="0" minCyclomaticComplexity="0" maxCrapScore="0" minCrapScore="0" visitedClasses="0" numClasses="0" visitedMethods="1" numMethods="1" />
              <MetadataToken>100663298</MetadataToken>
              <Name>static System.Single AudioAnalyzer::Rxx(System.Int32, System.Single, System.Single[])</Name>
              <FileRef uid="1" />
              <SequencePoints>
                <SequencePoint vc="495616" uspid="1682" ordinal="0" offset="0" sl="88" sc="5" el="88" ec="5" bec="0" bev="0" fileid="1" />
                <SequencePoint vc="495616" uspid="1683" ordinal="0" offset="1" sl="89" sc="9" el="89" ec="9" bec="0" bev="0" fileid="1" />
                <SequencePoint vc="495616" uspid="1684" ordinal="0" offset="7" sl="90" sc="14" el="90" ec="14" bec="0" bev="0" fileid="1" />
                <SequencePoint vc="1015269376" uspid="1685" ordinal="0" offset="11" sl="91" sc="9" el="91" ec="9" bec="0" bev="0" fileid="1" />
                <SequencePoint vc="1015269376" uspid="1686" ordinal="0" offset="12" sl="92" sc="13" el="92" ec="13" bec="0" bev="0" fileid="1" />
                <SequencePoint vc="1015269376" uspid="1687" ordinal="0" offset="24" sl="93" sc="9" el="93" ec="9" bec="0" bev="0" fileid="1" />
                <SequencePoint vc="1015269376" uspid="1688" ordinal="0" offset="25" sl="90" sc="41" el="90" ec="41" bec="0" bev="0" fileid="1" />
                <SequencePoint vc="1015764992" uspid="1689" ordinal="0" offset="29" sl="90" sc="25" el="90" ec="25" bec="0" bev="0" fileid="1" />
                <SequencePoint vc="495616" uspid="1690" ordinal="0" offset="50" sl="94" sc="9" el="94" ec="9" bec="0" bev="0" fileid="1" />
                <SequencePoint vc="495616" uspid="1691" ordinal="0" offset="54" sl="95" sc="5" el="95" ec="5" bec="0" bev="0" fileid="1" />
              </SequencePoints>
              <BranchPoints />
            </Method>
            <Method visited="true" cyclomaticComplexity="0" nPathComplexity="0" sequenceCoverage="100.0" branchCoverage="0" crapScore="0" isConstructor="false" isStatic="true" isGetter="false" isSetter="false">
              <Summary numSequencePoints="9" visitedSequencePoints="9" numBranchPoints="0" visitedBranchPoints="0" sequenceCoverage="100.0" branchCoverage="0" maxCyclomaticComplexity="0" minCyclomaticComplexity="0" maxCrapScore="0" minCrapScore="0" visitedClasses="0" numClasses="0" visitedMethods="1" numMethods="1" />
              <MetadataToken>100663299</MetadataToken>
              <Name>static System.Single[] AudioAnalyzer::AutocorrelationWithShiftingLag(System.Single[])</Name>
              <FileRef uid="1" />
              <SequencePoints>
                <SequencePoint vc="121" uspid="1692" ordinal="0" offset="0" sl="98" sc="5" el="98" ec="5" bec="0" bev="0" fileid="1" />
                <SequencePoint vc="121" uspid="1693" ordinal="0" offset="1" sl="99" sc="14" el="99" ec="14" bec="0" bev="0" fileid="1" />
                <SequencePoint vc="495616" uspid="1694" ordinal="0" offset="5" sl="100" sc="9" el="100" ec="9" bec="0" bev="0" fileid="1" />
                <SequencePoint vc="495616" uspid="1695" ordinal="0" offset="6" sl="101" sc="13" el="101" ec="13" bec="0" bev="0" fileid="1" />
                <SequencePoint vc="495616" uspid="1696" ordinal="0" offset="24" sl="102" sc="9" el="102" ec="9" bec="0" bev="0" fileid="1" />
                <SequencePoint vc="495616" uspid="1697" ordinal="0" offset="25" sl="99" sc="49" el="99" ec="49" bec="0" bev="0" fileid="1" />
                <SequencePoint vc="495737" uspid="1698" ordinal="0" offset="29" sl="99" sc="27" el="99" ec="27" bec="0" bev="0" fileid="1" />
                <SequencePoint vc="121" uspid="1699" ordinal="0" offset="39" sl="103" sc="9" el="103" ec="9" bec="0" bev="0" fileid="1" />
                <SequencePoint vc="121" uspid="1700" ordinal="0" offset="47" sl="104" sc="5" el="104" ec="5" bec="0" bev="0" fileid="1" />
              </SequencePoints>
              <BranchPoints />
            </Method>
            <Method visited="true" cyclomaticComplexity="0" nPathComplexity="0" sequenceCoverage="100.0" branchCoverage="0" crapScore="0" isConstructor="false" isStatic="true" isGetter="false" isSetter="false">
              <Summary numSequencePoints="4" visitedSequencePoints="4" numBranchPoints="0" visitedBranchPoints="0" sequenceCoverage="100.0" branchCoverage="0" maxCyclomaticComplexity="0" minCyclomaticComplexity="0" maxCrapScore="0" minCrapScore="0" visitedClasses="0" numClasses="0" visitedMethods="1" numMethods="1" />
              <MetadataToken>100663300</MetadataToken>
              <Name>static System.Single[] AudioAnalyzer::MaxAbsoluteScaling(System.Single[])</Name>
              <FileRef uid="1" />
              <SequencePoints>
                <SequencePoint vc="121" uspid="1701" ordinal="0" offset="6" sl="107" sc="5" el="107" ec="5" bec="0" bev="0" fileid="1" />
                <SequencePoint vc="121" uspid="1702" ordinal="0" offset="7" sl="108" sc="9" el="108" ec="9" bec="0" bev="0" fileid="1" />
                <SequencePoint vc="121" uspid="1703" ordinal="0" offset="24" sl="109" sc="9" el="109" ec="9" bec="0" bev="0" fileid="1" />
                <SequencePoint vc="121" uspid="1704" ordinal="0" offset="50" sl="110" sc="5" el="110" ec="5" bec="0" bev="0" fileid="1" />
              </SequencePoints>
              <BranchPoints />
            </Method>
            <Method visited="true" cyclomaticComplexity="0" nPathComplexity="0" sequenceCoverage="100.0" branchCoverage="0" crapScore="0" isConstructor="false" isStatic="true" isGetter="false" isSetter="false">
              <Summary numSequencePoints="28" visitedSequencePoints="28" numBranchPoints="0" visitedBranchPoints="0" sequenceCoverage="100.0" branchCoverage="0" maxCyclomaticComplexity="0" minCyclomaticComplexity="0" maxCrapScore="0" minCrapScore="0" visitedClasses="0" numClasses="0" visitedMethods="1" numMethods="1" />
              <MetadataToken>100663301</MetadataToken>
              <Name>static System.Single AudioAnalyzer::GetFreq(System.Single[], System.Int32)</Name>
              <FileRef uid="1" />
              <SequencePoints>
                <SequencePoint vc="121" uspid="1705" ordinal="0" offset="0" sl="114" sc="5" el="114" ec="5" bec="0" bev="0" fileid="1" />
                <SequencePoint vc="121" uspid="1706" ordinal="0" offset="1" sl="115" sc="9" el="115" ec="9" bec="0" bev="0" fileid="1" />
                <SequencePoint vc="121" uspid="1707" ordinal="0" offset="7" sl="116" sc="9" el="116" ec="9" bec="0" bev="0" fileid="1" />
                <SequencePoint vc="121" uspid="1708" ordinal="0" offset="9" sl="117" sc="9" el="117" ec="9" bec="0" bev="0" fileid="1" />
                <SequencePoint vc="121" uspid="1709" ordinal="0" offset="11" sl="118" sc="9" el="118" ec="9" bec="0" bev="0" fileid="1" />
                <SequencePoint vc="121" uspid="1710" ordinal="0" offset="21" sl="120" sc="14" el="120" ec="14" bec="0" bev="0" fileid="1" />
                <SequencePoint vc="495616" uspid="1711" ordinal="0" offset="26" sl="121" sc="9" el="121" ec="9" bec="0" bev="0" fileid="1" />
                <SequencePoint vc="495616" uspid="1712" ordinal="0" offset="27" sl="122" sc="13" el="122" ec="13" bec="0" bev="0" fileid="1" />
                <SequencePoint vc="495616" uspid="1713" ordinal="0" offset="30" sl="123" sc="13" el="123" ec="13" bec="0" bev="0" fileid="1" />
                <SequencePoint vc="495616" uspid="1714" ordinal="0" offset="35" sl="124" sc="13" el="124" ec="13" bec="0" bev="0" fileid="1" />
                <SequencePoint vc="121" uspid="1715" ordinal="0" offset="62" sl="125" sc="13" el="125" ec="13" bec="0" bev="0" fileid="1" />
                <SequencePoint vc="121" uspid="1716" ordinal="0" offset="63" sl="126" sc="17" el="126" ec="17" bec="0" bev="0" fileid="1" />
                <SequencePoint vc="121" uspid="1717" ordinal="0" offset="66" sl="127" sc="17" el="127" ec="17" bec="0" bev="0" fileid="1" />
                <SequencePoint vc="121" uspid="1718" ordinal="0" offset="68" sl="128" sc="13" el="128" ec="13" bec="0" bev="0" fileid="1" />
                <SequencePoint vc="495616" uspid="1719" ordinal="0" offset="69" sl="129" sc="13" el="129" ec="13" bec="0" bev="0" fileid="1" />
                <SequencePoint vc="121" uspid="1720" ordinal="0" offset="97" sl="130" sc="13" el="130" ec="13" bec="0" bev="0" fileid="1" />
                <SequencePoint vc="121" uspid="1721" ordinal="0" offset="98" sl="131" sc="17" el="131" ec="17" bec="0" bev="0" fileid="1" />
                <SequencePoint vc="121" uspid="1722" ordinal="0" offset="100" sl="132" sc="13" el="132" ec="13" bec="0" bev="0" fileid="1" />
                <SequencePoint vc="495616" uspid="1723" ordinal="0" offset="101" sl="133" sc="13" el="133" ec="13" bec="0" bev="0" fileid="1" />
                <SequencePoint vc="121" uspid="1724" ordinal="0" offset="112" sl="134" sc="13" el="134" ec="13" bec="0" bev="0" fileid="1" />
                <SequencePoint vc="121" uspid="1725" ordinal="0" offset="113" sl="135" sc="17" el="135" ec="17" bec="0" bev="0" fileid="1" />
                <SequencePoint vc="121" uspid="1726" ordinal="0" offset="115" sl="136" sc="13" el="136" ec="13" bec="0" bev="0" fileid="1" />
                <SequencePoint vc="495616" uspid="1727" ordinal="0" offset="116" sl="137" sc="9" el="137" ec="9" bec="0" bev="0" fileid="1" />
                <SequencePoint vc="495616" uspid="1728" ordinal="0" offset="117" sl="120" sc="53" el="120" ec="53" bec="0" bev="0" fileid="1" />
                <SequencePoint vc="495737" uspid="1729" ordinal="0" offset="123" sl="120" sc="25" el="120" ec="25" bec="0" bev="0" fileid="1" />
                <SequencePoint vc="121" uspid="1730" ordinal="0" offset="136" sl="138" sc="9" el="138" ec="9" bec="0" bev="0" fileid="1" />
                <SequencePoint vc="121" uspid="1731" ordinal="0" offset="143" sl="139" sc="9" el="139" ec="9" bec="0" bev="0" fileid="1" />
                <SequencePoint vc="121" uspid="1732" ordinal="0" offset="149" sl="140" sc="5" el="140" ec="5" bec="0" bev="0" fileid="1" />
              </SequencePoints>
              <BranchPoints />
            </Method>
            <Method visited="true" cyclomaticComplexity="0" nPathComplexity="0" sequenceCoverage="91.67" branchCoverage="0" crapScore="0" isConstructor="false" isStatic="true" isGetter="false" isSetter="false">
              <Summary numSequencePoints="12" visitedSequencePoints="11" numBranchPoints="0" visitedBranchPoints="0" sequenceCoverage="91.67" branchCoverage="0" maxCyclomaticComplexity="0" minCyclomaticComplexity="0" maxCrapScore="0" minCrapScore="0" visitedClasses="0" numClasses="0" visitedMethods="1" numMethods="1" />
              <MetadataToken>100663302</MetadataToken>
              <Name>static System.Single AudioAnalyzer::GetFundamentalFrequency(System.Single)</Name>
              <FileRef uid="1" />
              <SequencePoints>
                <SequencePoint vc="121" uspid="1733" ordinal="0" offset="0" sl="143" sc="5" el="143" ec="5" bec="0" bev="0" fileid="1" />
                <SequencePoint vc="121" uspid="1734" ordinal="0" offset="1" sl="144" sc="14" el="144" ec="14" bec="0" bev="0" fileid="1" />
                <SequencePoint vc="122" uspid="1735" ordinal="0" offset="5" sl="145" sc="9" el="145" ec="9" bec="0" bev="0" fileid="1" />
                <SequencePoint vc="122" uspid="1736" ordinal="0" offset="6" sl="146" sc="13" el="146" ec="13" bec="0" bev="0" fileid="1" />
                <SequencePoint vc="122" uspid="1737" ordinal="0" offset="11" sl="147" sc="13" el="147" ec="13" bec="0" bev="0" fileid="1" />
                <SequencePoint vc="121" uspid="1738" ordinal="0" offset="23" sl="148" sc="13" el="148" ec="13" bec="0" bev="0" fileid="1" />
                <SequencePoint vc="121" uspid="1739" ordinal="0" offset="24" sl="149" sc="17" el="149" ec="17" bec="0" bev="0" fileid="1" />
                <SequencePoint vc="1" uspid="1740" ordinal="0" offset="28" sl="151" sc="9" el="151" ec="9" bec="0" bev="0" fileid="1" />
                <SequencePoint vc="1" uspid="1741" ordinal="0" offset="29" sl="144" sc="33" el="144" ec="33" bec="0" bev="0" fileid="1" />
                <SequencePoint vc="122" uspid="1742" ordinal="0" offset="33" sl="144" sc="25" el="144" ec="25" bec="0" bev="0" fileid="1" />
                <SequencePoint vc="0" uspid="1743" ordinal="0" offset="46" sl="152" sc="9" el="152" ec="9" bec="0" bev="0" fileid="1" />
                <SequencePoint vc="121" uspid="1744" ordinal="0" offset="50" sl="153" sc="5" el="153" ec="5" bec="0" bev="0" fileid="1" />
              </SequencePoints>
              <BranchPoints />
            </Method>
            <Method visited="true" cyclomaticComplexity="0" nPathComplexity="0" sequenceCoverage="100.0" branchCoverage="0" crapScore="0" isConstructor="false" isStatic="true" isGetter="false" isSetter="false">
              <Summary numSequencePoints="26" visitedSequencePoints="26" numBranchPoints="0" visitedBranchPoints="0" sequenceCoverage="100.0" branchCoverage="0" maxCyclomaticComplexity="0" minCyclomaticComplexity="0" maxCrapScore="0" minCrapScore="0" visitedClasses="0" numClasses="0" visitedMethods="1" numMethods="1" />
              <MetadataToken>100663303</MetadataToken>
              <Name>static System.Single AudioAnalyzer::GetClosestNoteFrequency(System.Single)</Name>
              <FileRef uid="1" />
              <SequencePoints>
                <SequencePoint vc="121" uspid="1745" ordinal="0" offset="0" sl="156" sc="5" el="156" ec="5" bec="0" bev="0" fileid="1" />
                <SequencePoint vc="121" uspid="1746" ordinal="0" offset="1" sl="157" sc="9" el="157" ec="9" bec="0" bev="0" fileid="1" />
                <SequencePoint vc="1" uspid="1747" ordinal="0" offset="13" sl="158" sc="9" el="158" ec="9" bec="0" bev="0" fileid="1" />
                <SequencePoint vc="1" uspid="1748" ordinal="0" offset="14" sl="159" sc="13" el="159" ec="13" bec="0" bev="0" fileid="1" />
                <SequencePoint vc="120" uspid="1749" ordinal="0" offset="25" sl="161" sc="14" el="161" ec="14" bec="0" bev="0" fileid="1" />
                <SequencePoint vc="1" uspid="1750" ordinal="0" offset="38" sl="162" sc="9" el="162" ec="9" bec="0" bev="0" fileid="1" />
                <SequencePoint vc="1" uspid="1751" ordinal="0" offset="39" sl="163" sc="13" el="163" ec="13" bec="0" bev="0" fileid="1" />
                <SequencePoint vc="119" uspid="1752" ordinal="0" offset="47" sl="165" sc="14" el="165" ec="14" bec="0" bev="0" fileid="1" />
                <SequencePoint vc="1" uspid="1753" ordinal="0" offset="60" sl="166" sc="9" el="166" ec="9" bec="0" bev="0" fileid="1" />
                <SequencePoint vc="1" uspid="1754" ordinal="0" offset="61" sl="167" sc="13" el="167" ec="13" bec="0" bev="0" fileid="1" />
                <SequencePoint vc="118" uspid="1755" ordinal="0" offset="69" sl="169" sc="14" el="169" ec="14" bec="0" bev="0" fileid="1" />
                <SequencePoint vc="118" uspid="1756" ordinal="0" offset="70" sl="170" sc="13" el="170" ec="13" bec="0" bev="0" fileid="1" />
                <SequencePoint vc="118" uspid="1757" ordinal="0" offset="77" sl="171" sc="13" el="171" ec="13" bec="0" bev="0" fileid="1" />
                <SequencePoint vc="118" uspid="1758" ordinal="0" offset="84" sl="172" sc="18" el="172" ec="18" bec="0" bev="0" fileid="1" />
                <SequencePoint vc="5900" uspid="1759" ordinal="0" offset="89" sl="173" sc="13" el="173" ec="13" bec="0" bev="0" fileid="1" />
                <SequencePoint vc="5900" uspid="1760" ordinal="0" offset="90" sl="174" sc="17" el="174" ec="17" bec="0" bev="0" fileid="1" />
                <SequencePoint vc="5900" uspid="1761" ordinal="0" offset="108" sl="176" sc="17" el="176" ec="17" bec="0" bev="0" fileid="1" />
                <SequencePoint vc="3039" uspid="1762" ordinal="0" offset="120" sl="177" sc="17" el="177" ec="17" bec="0" bev="0" fileid="1" />
                <SequencePoint vc="3039" uspid="1763" ordinal="0" offset="121" sl="178" sc="21" el="178" ec="21" bec="0" bev="0" fileid="1" />
                <SequencePoint vc="3039" uspid="1764" ordinal="0" offset="125" sl="179" sc="21" el="179" ec="21" bec="0" bev="0" fileid="1" />
                <SequencePoint vc="3039" uspid="1765" ordinal="0" offset="136" sl="180" sc="17" el="180" ec="17" bec="0" bev="0" fileid="1" />
                <SequencePoint vc="5900" uspid="1766" ordinal="0" offset="137" sl="181" sc="13" el="181" ec="13" bec="0" bev="0" fileid="1" />
                <SequencePoint vc="5900" uspid="1767" ordinal="0" offset="138" sl="172" sc="47" el="172" ec="47" bec="0" bev="0" fileid="1" />
                <SequencePoint vc="6018" uspid="1768" ordinal="0" offset="144" sl="172" sc="29" el="172" ec="29" bec="0" bev="0" fileid="1" />
                <SequencePoint vc="118" uspid="1769" ordinal="0" offset="161" sl="182" sc="13" el="182" ec="13" bec="0" bev="0" fileid="1" />
                <SequencePoint vc="121" uspid="1770" ordinal="0" offset="166" sl="184" sc="5" el="184" ec="5" bec="0" bev="0" fileid="1" />
              </SequencePoints>
              <BranchPoints />
            </Method>
            <Method visited="true" cyclomaticComplexity="0" nPathComplexity="0" sequenceCoverage="71.43" branchCoverage="0" crapScore="0" isConstructor="false" isStatic="true" isGetter="false" isSetter="false">
              <Summary numSequencePoints="7" visitedSequencePoints="5" numBranchPoints="0" visitedBranchPoints="0" sequenceCoverage="71.43" branchCoverage="0" maxCyclomaticComplexity="0" minCyclomaticComplexity="0" maxCrapScore="0" minCrapScore="0" visitedClasses="0" numClasses="0" visitedMethods="1" numMethods="1" />
              <MetadataToken>100663304</MetadataToken>
              <Name>static System.String AudioAnalyzer::GetNoteLetter(System.Single)</Name>
              <FileRef uid="1" />
              <SequencePoints>
                <SequencePoint vc="121" uspid="1771" ordinal="0" offset="0" sl="186" sc="5" el="186" ec="5" bec="0" bev="0" fileid="1" />
                <SequencePoint vc="121" uspid="1772" ordinal="0" offset="1" sl="187" sc="9" el="187" ec="9" bec="0" bev="0" fileid="1" />
                <SequencePoint vc="121" uspid="1773" ordinal="0" offset="16" sl="188" sc="9" el="188" ec="9" bec="0" bev="0" fileid="1" />
                <SequencePoint vc="121" uspid="1774" ordinal="0" offset="17" sl="189" sc="13" el="189" ec="13" bec="0" bev="0" fileid="1" />
                <SequencePoint vc="0" uspid="1775" ordinal="0" offset="31" sl="192" sc="9" el="192" ec="9" bec="0" bev="0" fileid="1" />
                <SequencePoint vc="0" uspid="1776" ordinal="0" offset="32" sl="193" sc="13" el="193" ec="13" bec="0" bev="0" fileid="1" />
                <SequencePoint vc="121" uspid="1777" ordinal="0" offset="36" sl="195" sc="5" el="195" ec="5" bec="0" bev="0" fileid="1" />
              </SequencePoints>
              <BranchPoints />
            </Method>
            <Method visited="true" cyclomaticComplexity="0" nPathComplexity="0" sequenceCoverage="100.0" branchCoverage="0" crapScore="0" isConstructor="true" isStatic="true" isGetter="false" isSetter="false">
              <Summary numSequencePoints="2" visitedSequencePoints="2" numBranchPoints="0" visitedBranchPoints="0" sequenceCoverage="100.0" branchCoverage="0" maxCyclomaticComplexity="0" minCyclomaticComplexity="0" maxCrapScore="0" minCrapScore="0" visitedClasses="0" numClasses="0" visitedMethods="1" numMethods="1" />
              <MetadataToken>100663305</MetadataToken>
              <Name>static AudioAnalyzer::AudioAnalyzer()</Name>
              <FileRef uid="1" />
              <SequencePoints>
                <SequencePoint vc="1" uspid="1778" ordinal="0" offset="0" sl="12" sc="5" el="12" ec="5" bec="0" bev="0" fileid="1" />
                <SequencePoint vc="1" uspid="1779" ordinal="0" offset="860" sl="66" sc="5" el="66" ec="5" bec="0" bev="0" fileid="1" />
              </SequencePoints>
              <BranchPoints />
            </Method>
          </Methods>
        </Class>
        <Class>
          <Summary numSequencePoints="77" visitedSequencePoints="77" numBranchPoints="0" visitedBranchPoints="0" sequenceCoverage="100.0" branchCoverage="0.0" maxCyclomaticComplexity="0" minCyclomaticComplexity="0" maxCrapScore="0" minCrapScore="0" visitedClasses="1" numClasses="1" visitedMethods="9" numMethods="9" />
          <FullName>ButtonScript</FullName>
          <Methods>
            <Method visited="true" cyclomaticComplexity="0" nPathComplexity="0" sequenceCoverage="100.0" branchCoverage="0" crapScore="0" isConstructor="false" isStatic="false" isGetter="false" isSetter="false">
              <Summary numSequencePoints="9" visitedSequencePoints="9" numBranchPoints="0" visitedBranchPoints="0" sequenceCoverage="100.0" branchCoverage="0" maxCyclomaticComplexity="0" minCyclomaticComplexity="0" maxCrapScore="0" minCrapScore="0" visitedClasses="0" numClasses="0" visitedMethods="1" numMethods="1" />
              <MetadataToken>100663307</MetadataToken>
              <Name>System.Void ButtonScript::OnClickNone()</Name>
              <FileRef uid="2" />
              <SequencePoints>
                <SequencePoint vc="5" uspid="1792" ordinal="0" offset="0" sl="35" sc="5" el="35" ec="5" bec="0" bev="0" fileid="2" />
                <SequencePoint vc="5" uspid="1793" ordinal="0" offset="1" sl="36" sc="9" el="36" ec="9" bec="0" bev="0" fileid="2" />
                <SequencePoint vc="5" uspid="1794" ordinal="0" offset="8" sl="37" sc="9" el="37" ec="9" bec="0" bev="0" fileid="2" />
                <SequencePoint vc="5" uspid="1795" ordinal="0" offset="15" sl="38" sc="9" el="38" ec="9" bec="0" bev="0" fileid="2" />
                <SequencePoint vc="5" uspid="1796" ordinal="0" offset="22" sl="39" sc="9" el="39" ec="9" bec="0" bev="0" fileid="2" />
                <SequencePoint vc="5" uspid="1797" ordinal="0" offset="29" sl="40" sc="9" el="40" ec="9" bec="0" bev="0" fileid="2" />
                <SequencePoint vc="5" uspid="1798" ordinal="0" offset="36" sl="41" sc="9" el="41" ec="9" bec="0" bev="0" fileid="2" />
                <SequencePoint vc="5" uspid="1799" ordinal="0" offset="43" sl="42" sc="9" el="42" ec="9" bec="0" bev="0" fileid="2" />
                <SequencePoint vc="5" uspid="1800" ordinal="0" offset="54" sl="43" sc="5" el="43" ec="5" bec="0" bev="0" fileid="2" />
              </SequencePoints>
              <BranchPoints />
            </Method>
            <Method visited="true" cyclomaticComplexity="0" nPathComplexity="0" sequenceCoverage="100.0" branchCoverage="0" crapScore="0" isConstructor="false" isStatic="false" isGetter="false" isSetter="false">
              <Summary numSequencePoints="9" visitedSequencePoints="9" numBranchPoints="0" visitedBranchPoints="0" sequenceCoverage="100.0" branchCoverage="0" maxCyclomaticComplexity="0" minCyclomaticComplexity="0" maxCrapScore="0" minCrapScore="0" visitedClasses="0" numClasses="0" visitedMethods="1" numMethods="1" />
              <MetadataToken>100663308</MetadataToken>
              <Name>System.Void ButtonScript::OnClickHammer()</Name>
              <FileRef uid="2" />
              <SequencePoints>
                <SequencePoint vc="4" uspid="1801" ordinal="0" offset="0" sl="45" sc="5" el="45" ec="5" bec="0" bev="0" fileid="2" />
                <SequencePoint vc="4" uspid="1802" ordinal="0" offset="1" sl="46" sc="9" el="46" ec="9" bec="0" bev="0" fileid="2" />
                <SequencePoint vc="4" uspid="1803" ordinal="0" offset="8" sl="47" sc="9" el="47" ec="9" bec="0" bev="0" fileid="2" />
                <SequencePoint vc="4" uspid="1804" ordinal="0" offset="15" sl="48" sc="9" el="48" ec="9" bec="0" bev="0" fileid="2" />
                <SequencePoint vc="4" uspid="1805" ordinal="0" offset="22" sl="49" sc="9" el="49" ec="9" bec="0" bev="0" fileid="2" />
                <SequencePoint vc="4" uspid="1806" ordinal="0" offset="29" sl="50" sc="9" el="50" ec="9" bec="0" bev="0" fileid="2" />
                <SequencePoint vc="4" uspid="1807" ordinal="0" offset="36" sl="51" sc="9" el="51" ec="9" bec="0" bev="0" fileid="2" />
                <SequencePoint vc="4" uspid="1808" ordinal="0" offset="43" sl="52" sc="9" el="52" ec="9" bec="0" bev="0" fileid="2" />
                <SequencePoint vc="4" uspid="1809" ordinal="0" offset="54" sl="53" sc="5" el="53" ec="5" bec="0" bev="0" fileid="2" />
              </SequencePoints>
              <BranchPoints />
            </Method>
            <Method visited="true" cyclomaticComplexity="0" nPathComplexity="0" sequenceCoverage="100.0" branchCoverage="0" crapScore="0" isConstructor="false" isStatic="false" isGetter="false" isSetter="false">
              <Summary numSequencePoints="9" visitedSequencePoints="9" numBranchPoints="0" visitedBranchPoints="0" sequenceCoverage="100.0" branchCoverage="0" maxCyclomaticComplexity="0" minCyclomaticComplexity="0" maxCrapScore="0" minCrapScore="0" visitedClasses="0" numClasses="0" visitedMethods="1" numMethods="1" />
              <MetadataToken>100663309</MetadataToken>
              <Name>System.Void ButtonScript::OnClickPullOff()</Name>
              <FileRef uid="2" />
              <SequencePoints>
                <SequencePoint vc="3" uspid="1810" ordinal="0" offset="0" sl="55" sc="5" el="55" ec="5" bec="0" bev="0" fileid="2" />
                <SequencePoint vc="3" uspid="1811" ordinal="0" offset="1" sl="56" sc="9" el="56" ec="9" bec="0" bev="0" fileid="2" />
                <SequencePoint vc="3" uspid="1812" ordinal="0" offset="8" sl="57" sc="9" el="57" ec="9" bec="0" bev="0" fileid="2" />
                <SequencePoint vc="3" uspid="1813" ordinal="0" offset="15" sl="58" sc="9" el="58" ec="9" bec="0" bev="0" fileid="2" />
                <SequencePoint vc="3" uspid="1814" ordinal="0" offset="22" sl="59" sc="9" el="59" ec="9" bec="0" bev="0" fileid="2" />
                <SequencePoint vc="3" uspid="1815" ordinal="0" offset="29" sl="60" sc="9" el="60" ec="9" bec="0" bev="0" fileid="2" />
                <SequencePoint vc="3" uspid="1816" ordinal="0" offset="36" sl="61" sc="9" el="61" ec="9" bec="0" bev="0" fileid="2" />
                <SequencePoint vc="3" uspid="1817" ordinal="0" offset="43" sl="62" sc="9" el="62" ec="9" bec="0" bev="0" fileid="2" />
                <SequencePoint vc="3" uspid="1818" ordinal="0" offset="54" sl="63" sc="5" el="63" ec="5" bec="0" bev="0" fileid="2" />
              </SequencePoints>
              <BranchPoints />
            </Method>
            <Method visited="true" cyclomaticComplexity="0" nPathComplexity="0" sequenceCoverage="100.0" branchCoverage="0" crapScore="0" isConstructor="false" isStatic="false" isGetter="false" isSetter="false">
              <Summary numSequencePoints="9" visitedSequencePoints="9" numBranchPoints="0" visitedBranchPoints="0" sequenceCoverage="100.0" branchCoverage="0" maxCyclomaticComplexity="0" minCyclomaticComplexity="0" maxCrapScore="0" minCrapScore="0" visitedClasses="0" numClasses="0" visitedMethods="1" numMethods="1" />
              <MetadataToken>100663310</MetadataToken>
              <Name>System.Void ButtonScript::OnClickSlide()</Name>
              <FileRef uid="2" />
              <SequencePoints>
                <SequencePoint vc="5" uspid="1819" ordinal="0" offset="0" sl="65" sc="5" el="65" ec="5" bec="0" bev="0" fileid="2" />
                <SequencePoint vc="5" uspid="1820" ordinal="0" offset="1" sl="66" sc="9" el="66" ec="9" bec="0" bev="0" fileid="2" />
                <SequencePoint vc="5" uspid="1821" ordinal="0" offset="8" sl="67" sc="9" el="67" ec="9" bec="0" bev="0" fileid="2" />
                <SequencePoint vc="5" uspid="1822" ordinal="0" offset="15" sl="68" sc="9" el="68" ec="9" bec="0" bev="0" fileid="2" />
                <SequencePoint vc="5" uspid="1823" ordinal="0" offset="22" sl="69" sc="9" el="69" ec="9" bec="0" bev="0" fileid="2" />
                <SequencePoint vc="5" uspid="1824" ordinal="0" offset="29" sl="70" sc="9" el="70" ec="9" bec="0" bev="0" fileid="2" />
                <SequencePoint vc="5" uspid="1825" ordinal="0" offset="36" sl="71" sc="9" el="71" ec="9" bec="0" bev="0" fileid="2" />
                <SequencePoint vc="5" uspid="1826" ordinal="0" offset="43" sl="72" sc="9" el="72" ec="9" bec="0" bev="0" fileid="2" />
                <SequencePoint vc="5" uspid="1827" ordinal="0" offset="54" sl="73" sc="5" el="73" ec="5" bec="0" bev="0" fileid="2" />
              </SequencePoints>
              <BranchPoints />
            </Method>
            <Method visited="true" cyclomaticComplexity="0" nPathComplexity="0" sequenceCoverage="100.0" branchCoverage="0" crapScore="0" isConstructor="false" isStatic="false" isGetter="false" isSetter="false">
              <Summary numSequencePoints="9" visitedSequencePoints="9" numBranchPoints="0" visitedBranchPoints="0" sequenceCoverage="100.0" branchCoverage="0" maxCyclomaticComplexity="0" minCyclomaticComplexity="0" maxCrapScore="0" minCrapScore="0" visitedClasses="0" numClasses="0" visitedMethods="1" numMethods="1" />
              <MetadataToken>100663311</MetadataToken>
              <Name>System.Void ButtonScript::OnClickBend()</Name>
              <FileRef uid="2" />
              <SequencePoints>
                <SequencePoint vc="4" uspid="1828" ordinal="0" offset="0" sl="76" sc="5" el="76" ec="5" bec="0" bev="0" fileid="2" />
                <SequencePoint vc="4" uspid="1829" ordinal="0" offset="1" sl="77" sc="9" el="77" ec="9" bec="0" bev="0" fileid="2" />
                <SequencePoint vc="4" uspid="1830" ordinal="0" offset="8" sl="78" sc="9" el="78" ec="9" bec="0" bev="0" fileid="2" />
                <SequencePoint vc="4" uspid="1831" ordinal="0" offset="15" sl="79" sc="9" el="79" ec="9" bec="0" bev="0" fileid="2" />
                <SequencePoint vc="4" uspid="1832" ordinal="0" offset="22" sl="80" sc="9" el="80" ec="9" bec="0" bev="0" fileid="2" />
                <SequencePoint vc="4" uspid="1833" ordinal="0" offset="29" sl="81" sc="9" el="81" ec="9" bec="0" bev="0" fileid="2" />
                <SequencePoint vc="4" uspid="1834" ordinal="0" offset="36" sl="82" sc="9" el="82" ec="9" bec="0" bev="0" fileid="2" />
                <SequencePoint vc="4" uspid="1835" ordinal="0" offset="43" sl="83" sc="9" el="83" ec="9" bec="0" bev="0" fileid="2" />
                <SequencePoint vc="4" uspid="1836" ordinal="0" offset="54" sl="84" sc="5" el="84" ec="5" bec="0" bev="0" fileid="2" />
              </SequencePoints>
              <BranchPoints />
            </Method>
            <Method visited="true" cyclomaticComplexity="0" nPathComplexity="0" sequenceCoverage="100.0" branchCoverage="0" crapScore="0" isConstructor="false" isStatic="false" isGetter="false" isSetter="false">
              <Summary numSequencePoints="9" visitedSequencePoints="9" numBranchPoints="0" visitedBranchPoints="0" sequenceCoverage="100.0" branchCoverage="0" maxCyclomaticComplexity="0" minCyclomaticComplexity="0" maxCrapScore="0" minCrapScore="0" visitedClasses="0" numClasses="0" visitedMethods="1" numMethods="1" />
              <MetadataToken>100663312</MetadataToken>
              <Name>System.Void ButtonScript::OnClickStrum()</Name>
              <FileRef uid="2" />
              <SequencePoints>
                <SequencePoint vc="4" uspid="1837" ordinal="0" offset="0" sl="87" sc="5" el="87" ec="5" bec="0" bev="0" fileid="2" />
                <SequencePoint vc="4" uspid="1838" ordinal="0" offset="1" sl="88" sc="9" el="88" ec="9" bec="0" bev="0" fileid="2" />
                <SequencePoint vc="4" uspid="1839" ordinal="0" offset="8" sl="89" sc="9" el="89" ec="9" bec="0" bev="0" fileid="2" />
                <SequencePoint vc="4" uspid="1840" ordinal="0" offset="15" sl="90" sc="9" el="90" ec="9" bec="0" bev="0" fileid="2" />
                <SequencePoint vc="4" uspid="1841" ordinal="0" offset="22" sl="91" sc="9" el="91" ec="9" bec="0" bev="0" fileid="2" />
                <SequencePoint vc="4" uspid="1842" ordinal="0" offset="29" sl="92" sc="9" el="92" ec="9" bec="0" bev="0" fileid="2" />
                <SequencePoint vc="4" uspid="1843" ordinal="0" offset="36" sl="93" sc="9" el="93" ec="9" bec="0" bev="0" fileid="2" />
                <SequencePoint vc="4" uspid="1844" ordinal="0" offset="43" sl="94" sc="9" el="94" ec="9" bec="0" bev="0" fileid="2" />
                <SequencePoint vc="4" uspid="1845" ordinal="0" offset="54" sl="95" sc="5" el="95" ec="5" bec="0" bev="0" fileid="2" />
              </SequencePoints>
              <BranchPoints />
            </Method>
            <Method visited="true" cyclomaticComplexity="0" nPathComplexity="0" sequenceCoverage="100.0" branchCoverage="0" crapScore="0" isConstructor="false" isStatic="false" isGetter="false" isSetter="false">
              <Summary numSequencePoints="6" visitedSequencePoints="6" numBranchPoints="0" visitedBranchPoints="0" sequenceCoverage="100.0" branchCoverage="0" maxCyclomaticComplexity="0" minCyclomaticComplexity="0" maxCrapScore="0" minCrapScore="0" visitedClasses="0" numClasses="0" visitedMethods="1" numMethods="1" />
              <MetadataToken>100663313</MetadataToken>
              <Name>System.Void ButtonScript::OnClickStartRecord()</Name>
              <FileRef uid="2" />
              <SequencePoints>
                <SequencePoint vc="3" uspid="1846" ordinal="0" offset="0" sl="98" sc="5" el="98" ec="5" bec="0" bev="0" fileid="2" />
                <SequencePoint vc="3" uspid="1847" ordinal="0" offset="1" sl="99" sc="9" el="99" ec="9" bec="0" bev="0" fileid="2" />
                <SequencePoint vc="3" uspid="1848" ordinal="0" offset="8" sl="100" sc="9" el="100" ec="9" bec="0" bev="0" fileid="2" />
                <SequencePoint vc="3" uspid="1849" ordinal="0" offset="30" sl="101" sc="9" el="101" ec="9" bec="0" bev="0" fileid="2" />
                <SequencePoint vc="3" uspid="1850" ordinal="0" offset="43" sl="102" sc="9" el="102" ec="9" bec="0" bev="0" fileid="2" />
                <SequencePoint vc="3" uspid="1851" ordinal="0" offset="60" sl="103" sc="5" el="103" ec="5" bec="0" bev="0" fileid="2" />
              </SequencePoints>
              <BranchPoints />
            </Method>
            <Method visited="true" cyclomaticComplexity="0" nPathComplexity="0" sequenceCoverage="100.0" branchCoverage="0" crapScore="0" isConstructor="false" isStatic="false" isGetter="false" isSetter="false">
              <Summary numSequencePoints="14" visitedSequencePoints="14" numBranchPoints="0" visitedBranchPoints="0" sequenceCoverage="100.0" branchCoverage="0" maxCyclomaticComplexity="0" minCyclomaticComplexity="0" maxCrapScore="0" minCrapScore="0" visitedClasses="0" numClasses="0" visitedMethods="1" numMethods="1" />
              <MetadataToken>100663314</MetadataToken>
              <Name>System.Void ButtonScript::OnClickStopRecord()</Name>
              <FileRef uid="2" />
              <SequencePoints>
                <SequencePoint vc="3" uspid="1852" ordinal="0" offset="0" sl="105" sc="5" el="105" ec="5" bec="0" bev="0" fileid="2" />
                <SequencePoint vc="3" uspid="1853" ordinal="0" offset="1" sl="106" sc="9" el="106" ec="9" bec="0" bev="0" fileid="2" />
                <SequencePoint vc="3" uspid="1854" ordinal="0" offset="23" sl="107" sc="9" el="107" ec="9" bec="0" bev="0" fileid="2" />
                <SequencePoint vc="3" uspid="1855" ordinal="0" offset="30" sl="108" sc="9" el="108" ec="9" bec="0" bev="0" fileid="2" />
                <SequencePoint vc="3" uspid="1856" ordinal="0" offset="43" sl="109" sc="9" el="109" ec="9" bec="0" bev="0" fileid="2" />
                <SequencePoint vc="3" uspid="1857" ordinal="0" offset="49" sl="110" sc="9" el="110" ec="9" bec="0" bev="0" fileid="2" />
                <SequencePoint vc="2" uspid="1858" ordinal="0" offset="69" sl="111" sc="9" el="111" ec="9" bec="0" bev="0" fileid="2" />
                <SequencePoint vc="2" uspid="1859" ordinal="0" offset="70" sl="112" sc="9" el="112" ec="9" bec="0" bev="0" fileid="2" />
                <SequencePoint vc="2" uspid="1860" ordinal="0" offset="166" sl="113" sc="9" el="113" ec="9" bec="0" bev="0" fileid="2" />
                <SequencePoint vc="1" uspid="1861" ordinal="0" offset="169" sl="115" sc="9" el="115" ec="9" bec="0" bev="0" fileid="2" />
                <SequencePoint vc="1" uspid="1862" ordinal="0" offset="170" sl="116" sc="13" el="116" ec="13" bec="0" bev="0" fileid="2" />
                <SequencePoint vc="1" uspid="1863" ordinal="0" offset="192" sl="117" sc="9" el="117" ec="9" bec="0" bev="0" fileid="2" />
                <SequencePoint vc="3" uspid="1864" ordinal="0" offset="193" sl="118" sc="9" el="118" ec="9" bec="0" bev="0" fileid="2" />
                <SequencePoint vc="3" uspid="1865" ordinal="0" offset="216" sl="119" sc="5" el="119" ec="5" bec="0" bev="0" fileid="2" />
              </SequencePoints>
              <BranchPoints />
            </Method>
            <Method visited="true" cyclomaticComplexity="0" nPathComplexity="0" sequenceCoverage="100.0" branchCoverage="0" crapScore="0" isConstructor="false" isStatic="false" isGetter="false" isSetter="false">
              <Summary numSequencePoints="3" visitedSequencePoints="3" numBranchPoints="0" visitedBranchPoints="0" sequenceCoverage="100.0" branchCoverage="0" maxCyclomaticComplexity="0" minCyclomaticComplexity="0" maxCrapScore="0" minCrapScore="0" visitedClasses="0" numClasses="0" visitedMethods="1" numMethods="1" />
              <MetadataToken>100663315</MetadataToken>
              <Name>System.Void ButtonScript::OnClickPlayTwinkleRec()</Name>
              <FileRef uid="2" />
              <SequencePoints>
                <SequencePoint vc="1" uspid="1866" ordinal="0" offset="0" sl="121" sc="5" el="121" ec="5" bec="0" bev="0" fileid="2" />
                <SequencePoint vc="1" uspid="1867" ordinal="0" offset="1" sl="122" sc="9" el="122" ec="9" bec="0" bev="0" fileid="2" />
                <SequencePoint vc="1" uspid="1868" ordinal="0" offset="13" sl="123" sc="5" el="123" ec="5" bec="0" bev="0" fileid="2" />
              </SequencePoints>
              <BranchPoints />
            </Method>
          </Methods>
        </Class>
        <Class>
          <Summary numSequencePoints="23" visitedSequencePoints="20" numBranchPoints="0" visitedBranchPoints="0" sequenceCoverage="86.96" branchCoverage="0.0" maxCyclomaticComplexity="0" minCyclomaticComplexity="0" maxCrapScore="0" minCrapScore="0" visitedClasses="1" numClasses="1" visitedMethods="2" numMethods="2" />
          <FullName>CapoController</FullName>
          <Methods>
            <Method visited="true" cyclomaticComplexity="0" nPathComplexity="0" sequenceCoverage="85.00" branchCoverage="0" crapScore="0" isConstructor="false" isStatic="false" isGetter="false" isSetter="false">
              <Summary numSequencePoints="20" visitedSequencePoints="17" numBranchPoints="0" visitedBranchPoints="0" sequenceCoverage="85.00" branchCoverage="0" maxCyclomaticComplexity="0" minCyclomaticComplexity="0" maxCrapScore="0" minCrapScore="0" visitedClasses="0" numClasses="0" visitedMethods="1" numMethods="1" />
              <MetadataToken>100663318</MetadataToken>
              <Name>System.Void CapoController::MoveCapoOverFret(System.Int32)</Name>
              <FileRef uid="3" />
              <SequencePoints>
                <SequencePoint vc="13390" uspid="1873" ordinal="0" offset="0" sl="78" sc="5" el="78" ec="5" bec="0" bev="0" fileid="3" />
                <SequencePoint vc="13390" uspid="1874" ordinal="0" offset="1" sl="79" sc="9" el="79" ec="9" bec="0" bev="0" fileid="3" />
                <SequencePoint vc="8431" uspid="1875" ordinal="0" offset="9" sl="80" sc="9" el="80" ec="9" bec="0" bev="0" fileid="3" />
                <SequencePoint vc="8431" uspid="1876" ordinal="0" offset="10" sl="81" sc="13" el="81" ec="13" bec="0" bev="0" fileid="3" />
                <SequencePoint vc="8431" uspid="1877" ordinal="0" offset="28" sl="82" sc="13" el="82" ec="13" bec="0" bev="0" fileid="3" />
                <SequencePoint vc="8431" uspid="1878" ordinal="0" offset="84" sl="83" sc="9" el="83" ec="9" bec="0" bev="0" fileid="3" />
                <SequencePoint vc="4959" uspid="1879" ordinal="0" offset="87" sl="84" sc="14" el="84" ec="14" bec="0" bev="0" fileid="3" />
                <SequencePoint vc="4959" uspid="1880" ordinal="0" offset="106" sl="85" sc="9" el="85" ec="9" bec="0" bev="0" fileid="3" />
                <SequencePoint vc="4959" uspid="1881" ordinal="0" offset="107" sl="86" sc="13" el="86" ec="13" bec="0" bev="0" fileid="3" />
                <SequencePoint vc="4959" uspid="1882" ordinal="0" offset="125" sl="87" sc="13" el="87" ec="13" bec="0" bev="0" fileid="3" />
                <SequencePoint vc="4959" uspid="1883" ordinal="0" offset="178" sl="88" sc="9" el="88" ec="9" bec="0" bev="0" fileid="3" />
                <SequencePoint vc="0" uspid="1884" ordinal="0" offset="181" sl="90" sc="9" el="90" ec="9" bec="0" bev="0" fileid="3" />
                <SequencePoint vc="0" uspid="1885" ordinal="0" offset="182" sl="91" sc="13" el="91" ec="13" bec="0" bev="0" fileid="3" />
                <SequencePoint vc="0" uspid="1886" ordinal="0" offset="200" sl="92" sc="9" el="92" ec="9" bec="0" bev="0" fileid="3" />
                <SequencePoint vc="13390" uspid="1887" ordinal="0" offset="201" sl="95" sc="9" el="95" ec="9" bec="0" bev="0" fileid="3" />
                <SequencePoint vc="13390" uspid="1888" ordinal="0" offset="220" sl="96" sc="9" el="96" ec="9" bec="0" bev="0" fileid="3" />
                <SequencePoint vc="13390" uspid="1889" ordinal="0" offset="221" sl="97" sc="9" el="97" ec="9" bec="0" bev="0" fileid="3" />
                <SequencePoint vc="13390" uspid="1890" ordinal="0" offset="251" sl="98" sc="9" el="98" ec="9" bec="0" bev="0" fileid="3" />
                <SequencePoint vc="13390" uspid="1891" ordinal="0" offset="274" sl="99" sc="9" el="99" ec="9" bec="0" bev="0" fileid="3" />
                <SequencePoint vc="13390" uspid="1892" ordinal="0" offset="275" sl="100" sc="5" el="100" ec="5" bec="0" bev="0" fileid="3" />
              </SequencePoints>
              <BranchPoints />
            </Method>
            <Method visited="true" cyclomaticComplexity="0" nPathComplexity="0" sequenceCoverage="100.0" branchCoverage="0" crapScore="0" isConstructor="true" isStatic="false" isGetter="false" isSetter="false">
              <Summary numSequencePoints="3" visitedSequencePoints="3" numBranchPoints="0" visitedBranchPoints="0" sequenceCoverage="100.0" branchCoverage="0" maxCyclomaticComplexity="0" minCyclomaticComplexity="0" maxCrapScore="0" minCrapScore="0" visitedClasses="0" numClasses="0" visitedMethods="1" numMethods="1" />
              <MetadataToken>100663319</MetadataToken>
              <Name>CapoController::CapoController()</Name>
              <FileRef uid="3" />
              <SequencePoints>
                <SequencePoint vc="1" uspid="1893" ordinal="0" offset="0" sl="9" sc="5" el="9" ec="5" bec="0" bev="0" fileid="3" />
                <SequencePoint vc="1" uspid="1894" ordinal="0" offset="300" sl="29" sc="5" el="29" ec="5" bec="0" bev="0" fileid="3" />
                <SequencePoint vc="1" uspid="1895" ordinal="0" offset="600" sl="49" sc="5" el="49" ec="5" bec="0" bev="0" fileid="3" />
              </SequencePoints>
              <BranchPoints />
            </Method>
          </Methods>
        </Class>
        <Class>
          <Summary numSequencePoints="16" visitedSequencePoints="16" numBranchPoints="0" visitedBranchPoints="0" sequenceCoverage="100.0" branchCoverage="0.0" maxCyclomaticComplexity="0" minCyclomaticComplexity="0" maxCrapScore="0" minCrapScore="0" visitedClasses="1" numClasses="1" visitedMethods="3" numMethods="3" />
          <FullName>FileHandler</FullName>
          <Methods>
            <Method visited="true" cyclomaticComplexity="0" nPathComplexity="0" sequenceCoverage="100.0" branchCoverage="0" crapScore="0" isConstructor="false" isStatic="true" isGetter="false" isSetter="false">
              <Summary numSequencePoints="6" visitedSequencePoints="6" numBranchPoints="0" visitedBranchPoints="0" sequenceCoverage="100.0" branchCoverage="0" maxCyclomaticComplexity="0" minCyclomaticComplexity="0" maxCrapScore="0" minCrapScore="0" visitedClasses="0" numClasses="0" visitedMethods="1" numMethods="1" />
              <MetadataToken>100663320</MetadataToken>
              <Name>static System.Void FileHandler::SaveToJSON[T](System.Collections.Generic.List[T], System.String)</Name>
              <FileRef uid="4" />
              <SequencePoints>
                <SequencePoint vc="31" uspid="1896" ordinal="0" offset="0" sl="10" sc="0" el="10" ec="0" bec="0" bev="0" fileid="4" />
                <SequencePoint vc="31" uspid="1897" ordinal="0" offset="1" sl="11" sc="0" el="11" ec="0" bec="0" bev="0" fileid="4" />
                <SequencePoint vc="31" uspid="1898" ordinal="0" offset="13" sl="12" sc="0" el="12" ec="0" bec="0" bev="0" fileid="4" />
                <SequencePoint vc="31" uspid="1899" ordinal="0" offset="25" sl="13" sc="0" el="13" ec="0" bec="0" bev="0" fileid="4" />
                <SequencePoint vc="31" uspid="1900" ordinal="0" offset="42" sl="14" sc="0" el="14" ec="0" bec="0" bev="0" fileid="4" />
                <SequencePoint vc="31" uspid="1901" ordinal="0" offset="55" sl="15" sc="0" el="15" ec="0" bec="0" bev="0" fileid="4" />
              </SequencePoints>
              <BranchPoints />
            </Method>
            <Method visited="true" cyclomaticComplexity="0" nPathComplexity="0" sequenceCoverage="100.0" branchCoverage="0" crapScore="0" isConstructor="false" isStatic="true" isGetter="false" isSetter="false">
              <Summary numSequencePoints="3" visitedSequencePoints="3" numBranchPoints="0" visitedBranchPoints="0" sequenceCoverage="100.0" branchCoverage="0" maxCyclomaticComplexity="0" minCyclomaticComplexity="0" maxCrapScore="0" minCrapScore="0" visitedClasses="0" numClasses="0" visitedMethods="1" numMethods="1" />
              <MetadataToken>100663321</MetadataToken>
              <Name>static System.String FileHandler::GetPath(System.String)</Name>
              <FileRef uid="4" />
              <SequencePoints>
                <SequencePoint vc="62" uspid="1902" ordinal="0" offset="0" sl="31" sc="5" el="31" ec="5" bec="0" bev="0" fileid="4" />
                <SequencePoint vc="62" uspid="1903" ordinal="0" offset="1" sl="32" sc="9" el="32" ec="9" bec="0" bev="0" fileid="4" />
                <SequencePoint vc="62" uspid="1904" ordinal="0" offset="20" sl="33" sc="5" el="33" ec="5" bec="0" bev="0" fileid="4" />
              </SequencePoints>
              <BranchPoints />
            </Method>
            <Method visited="true" cyclomaticComplexity="0" nPathComplexity="0" sequenceCoverage="100.0" branchCoverage="0" crapScore="0" isConstructor="false" isStatic="true" isGetter="false" isSetter="false">
              <Summary numSequencePoints="7" visitedSequencePoints="7" numBranchPoints="0" visitedBranchPoints="0" sequenceCoverage="100.0" branchCoverage="0" maxCyclomaticComplexity="0" minCyclomaticComplexity="0" maxCrapScore="0" minCrapScore="0" visitedClasses="0" numClasses="0" visitedMethods="1" numMethods="1" />
              <MetadataToken>100663322</MetadataToken>
              <Name>static System.Void FileHandler::WriteFile(System.String, System.String)</Name>
              <FileRef uid="4" />
              <SequencePoints>
                <SequencePoint vc="31" uspid="1905" ordinal="0" offset="0" sl="36" sc="5" el="36" ec="5" bec="0" bev="0" fileid="4" />
                <SequencePoint vc="31" uspid="1906" ordinal="0" offset="1" sl="37" sc="9" el="37" ec="9" bec="0" bev="0" fileid="4" />
                <SequencePoint vc="31" uspid="1907" ordinal="0" offset="9" sl="39" sc="16" el="39" ec="16" bec="0" bev="0" fileid="4" />
                <SequencePoint vc="31" uspid="1908" ordinal="0" offset="16" sl="40" sc="9" el="40" ec="9" bec="0" bev="0" fileid="4" />
                <SequencePoint vc="31" uspid="1909" ordinal="0" offset="17" sl="41" sc="13" el="41" ec="13" bec="0" bev="0" fileid="4" />
                <SequencePoint vc="31" uspid="1910" ordinal="0" offset="25" sl="42" sc="9" el="42" ec="9" bec="0" bev="0" fileid="4" />
                <SequencePoint vc="31" uspid="1911" ordinal="0" offset="39" sl="43" sc="5" el="43" ec="5" bec="0" bev="0" fileid="4" />
              </SequencePoints>
              <BranchPoints />
            </Method>
          </Methods>
        </Class>
        <Class>
          <Summary numSequencePoints="9" visitedSequencePoints="9" numBranchPoints="0" visitedBranchPoints="0" sequenceCoverage="100.0" branchCoverage="0.0" maxCyclomaticComplexity="0" minCyclomaticComplexity="0" maxCrapScore="0" minCrapScore="0" visitedClasses="1" numClasses="1" visitedMethods="2" numMethods="2" />
          <FullName>JsonHelper</FullName>
          <Methods>
            <Method visited="true" cyclomaticComplexity="0" nPathComplexity="0" sequenceCoverage="100.0" branchCoverage="0" crapScore="0" isConstructor="false" isStatic="true" isGetter="false" isSetter="false">
              <Summary numSequencePoints="4" visitedSequencePoints="4" numBranchPoints="0" visitedBranchPoints="0" sequenceCoverage="100.0" branchCoverage="0" maxCyclomaticComplexity="0" minCyclomaticComplexity="0" maxCrapScore="0" minCrapScore="0" visitedClasses="0" numClasses="0" visitedMethods="1" numMethods="1" />
              <MetadataToken>100663323</MetadataToken>
              <Name>static JsonHelper::FromJson[T](System.String)</Name>
              <FileRef uid="4" />
              <SequencePoints>
                <SequencePoint vc="6" uspid="1912" ordinal="0" offset="0" sl="62" sc="0" el="62" ec="0" bec="0" bev="0" fileid="4" />
                <SequencePoint vc="6" uspid="1913" ordinal="0" offset="1" sl="63" sc="0" el="63" ec="0" bec="0" bev="0" fileid="4" />
                <SequencePoint vc="6" uspid="1914" ordinal="0" offset="8" sl="64" sc="0" el="64" ec="0" bec="0" bev="0" fileid="4" />
                <SequencePoint vc="6" uspid="1915" ordinal="0" offset="17" sl="65" sc="0" el="65" ec="0" bec="0" bev="0" fileid="4" />
              </SequencePoints>
              <BranchPoints />
            </Method>
            <Method visited="true" cyclomaticComplexity="0" nPathComplexity="0" sequenceCoverage="100.0" branchCoverage="0" crapScore="0" isConstructor="false" isStatic="true" isGetter="false" isSetter="false">
              <Summary numSequencePoints="5" visitedSequencePoints="5" numBranchPoints="0" visitedBranchPoints="0" sequenceCoverage="100.0" branchCoverage="0" maxCyclomaticComplexity="0" minCyclomaticComplexity="0" maxCrapScore="0" minCrapScore="0" visitedClasses="0" numClasses="0" visitedMethods="1" numMethods="1" />
              <MetadataToken>100663324</MetadataToken>
              <Name>static System.String JsonHelper::ToJson[T]()</Name>
              <FileRef uid="4" />
              <SequencePoints>
                <SequencePoint vc="31" uspid="1916" ordinal="0" offset="0" sl="67" sc="0" el="67" ec="0" bec="0" bev="0" fileid="4" />
                <SequencePoint vc="31" uspid="1917" ordinal="0" offset="1" sl="68" sc="0" el="68" ec="0" bec="0" bev="0" fileid="4" />
                <SequencePoint vc="31" uspid="1918" ordinal="0" offset="7" sl="69" sc="0" el="69" ec="0" bec="0" bev="0" fileid="4" />
                <SequencePoint vc="31" uspid="1919" ordinal="0" offset="14" sl="70" sc="0" el="70" ec="0" bec="0" bev="0" fileid="4" />
                <SequencePoint vc="31" uspid="1920" ordinal="0" offset="23" sl="71" sc="0" el="71" ec="0" bec="0" bev="0" fileid="4" />
              </SequencePoints>
              <BranchPoints />
            </Method>
          </Methods>
        </Class>
        <Class>
          <Summary numSequencePoints="3" visitedSequencePoints="3" numBranchPoints="0" visitedBranchPoints="0" sequenceCoverage="100.0" branchCoverage="0.0" maxCyclomaticComplexity="0" minCyclomaticComplexity="0" maxCrapScore="0" minCrapScore="0" visitedClasses="1" numClasses="1" visitedMethods="1" numMethods="1" />
          <FullName>FretNum</FullName>
          <Methods>
            <Method visited="true" cyclomaticComplexity="0" nPathComplexity="0" sequenceCoverage="100.0" branchCoverage="0" crapScore="0" isConstructor="false" isStatic="false" isGetter="false" isSetter="false">
              <Summary numSequencePoints="3" visitedSequencePoints="3" numBranchPoints="0" visitedBranchPoints="0" sequenceCoverage="100.0" branchCoverage="0" maxCyclomaticComplexity="0" minCyclomaticComplexity="0" maxCrapScore="0" minCrapScore="0" visitedClasses="0" numClasses="0" visitedMethods="1" numMethods="1" />
              <MetadataToken>100663326</MetadataToken>
              <Name>System.Int32 FretNum::Return_Fret_Num()</Name>
              <FileRef uid="5" />
              <SequencePoints>
                <SequencePoint vc="154" uspid="1925" ordinal="0" offset="0" sl="19" sc="5" el="19" ec="5" bec="0" bev="0" fileid="5" />
                <SequencePoint vc="154" uspid="1926" ordinal="0" offset="1" sl="20" sc="9" el="20" ec="9" bec="0" bev="0" fileid="5" />
                <SequencePoint vc="154" uspid="1927" ordinal="0" offset="10" sl="21" sc="5" el="21" ec="5" bec="0" bev="0" fileid="5" />
              </SequencePoints>
              <BranchPoints />
            </Method>
          </Methods>
        </Class>
        <Class>
          <Summary numSequencePoints="49" visitedSequencePoints="48" numBranchPoints="0" visitedBranchPoints="0" sequenceCoverage="97.96" branchCoverage="0.0" maxCyclomaticComplexity="0" minCyclomaticComplexity="0" maxCrapScore="0" minCrapScore="0" visitedClasses="1" numClasses="1" visitedMethods="4" numMethods="4" />
          <FullName>GuitarSoundManager</FullName>
          <Methods>
            <Method visited="true" cyclomaticComplexity="0" nPathComplexity="0" sequenceCoverage="100.0" branchCoverage="0" crapScore="0" isConstructor="false" isStatic="false" isGetter="false" isSetter="false">
              <Summary numSequencePoints="29" visitedSequencePoints="29" numBranchPoints="0" visitedBranchPoints="0" sequenceCoverage="100.0" branchCoverage="0" maxCyclomaticComplexity="0" minCyclomaticComplexity="0" maxCrapScore="0" minCrapScore="0" visitedClasses="0" numClasses="0" visitedMethods="1" numMethods="1" />
              <MetadataToken>100663329</MetadataToken>
              <Name>System.Void GuitarSoundManager::PlayFretSound(System.Int32, System.Int32)</Name>
              <FileRef uid="6" />
              <SequencePoints>
                <SequencePoint vc="121" uspid="1943" ordinal="0" offset="0" sl="54" sc="5" el="54" ec="5" bec="0" bev="0" fileid="6" />
                <SequencePoint vc="121" uspid="1944" ordinal="0" offset="1" sl="55" sc="9" el="55" ec="9" bec="0" bev="0" fileid="6" />
                <SequencePoint vc="121" uspid="1945" ordinal="0" offset="15" sl="56" sc="9" el="56" ec="9" bec="0" bev="0" fileid="6" />
                <SequencePoint vc="121" uspid="1946" ordinal="0" offset="33" sl="57" sc="9" el="57" ec="9" bec="0" bev="0" fileid="6" />
                <SequencePoint vc="121" uspid="1947" ordinal="0" offset="52" sl="58" sc="9" el="58" ec="9" bec="0" bev="0" fileid="6" />
                <SequencePoint vc="121" uspid="1948" ordinal="0" offset="53" sl="59" sc="13" el="59" ec="13" bec="0" bev="0" fileid="6" />
                <SequencePoint vc="121" uspid="1949" ordinal="0" offset="66" sl="60" sc="13" el="60" ec="13" bec="0" bev="0" fileid="6" />
                <SequencePoint vc="121" uspid="1950" ordinal="0" offset="79" sl="61" sc="13" el="61" ec="13" bec="0" bev="0" fileid="6" />
                <SequencePoint vc="121" uspid="1951" ordinal="0" offset="80" sl="62" sc="13" el="62" ec="13" bec="0" bev="0" fileid="6" />
                <SequencePoint vc="121" uspid="1952" ordinal="0" offset="92" sl="63" sc="13" el="63" ec="13" bec="0" bev="0" fileid="6" />
                <SequencePoint vc="121" uspid="1953" ordinal="0" offset="93" sl="65" sc="13" el="65" ec="13" bec="0" bev="0" fileid="6" />
                <SequencePoint vc="121" uspid="1954" ordinal="0" offset="117" sl="67" sc="13" el="67" ec="13" bec="0" bev="0" fileid="6" />
                <SequencePoint vc="121" uspid="1955" ordinal="0" offset="129" sl="68" sc="18" el="68" ec="18" bec="0" bev="0" fileid="6" />
                <SequencePoint vc="343367" uspid="1956" ordinal="0" offset="134" sl="69" sc="13" el="69" ec="13" bec="0" bev="0" fileid="6" />
                <SequencePoint vc="343367" uspid="1957" ordinal="0" offset="135" sl="70" sc="17" el="70" ec="17" bec="0" bev="0" fileid="6" />
                <SequencePoint vc="343367" uspid="1958" ordinal="0" offset="147" sl="71" sc="17" el="71" ec="17" bec="0" bev="0" fileid="6" />
                <SequencePoint vc="95" uspid="1959" ordinal="0" offset="168" sl="71" sc="52" el="71" ec="52" bec="0" bev="0" fileid="6" />
                <SequencePoint vc="343272" uspid="1960" ordinal="0" offset="170" sl="72" sc="17" el="72" ec="17" bec="0" bev="0" fileid="6" />
                <SequencePoint vc="343272" uspid="1961" ordinal="0" offset="183" sl="73" sc="13" el="73" ec="13" bec="0" bev="0" fileid="6" />
                <SequencePoint vc="343272" uspid="1962" ordinal="0" offset="184" sl="68" sc="52" el="68" ec="52" bec="0" bev="0" fileid="6" />
                <SequencePoint vc="343393" uspid="1963" ordinal="0" offset="190" sl="68" sc="29" el="68" ec="29" bec="0" bev="0" fileid="6" />
                <SequencePoint vc="121" uspid="1964" ordinal="0" offset="208" sl="75" sc="13" el="75" ec="13" bec="0" bev="0" fileid="6" />
                <SequencePoint vc="121" uspid="1965" ordinal="0" offset="226" sl="77" sc="13" el="77" ec="13" bec="0" bev="0" fileid="6" />
                <SequencePoint vc="31" uspid="1966" ordinal="0" offset="243" sl="78" sc="13" el="78" ec="13" bec="0" bev="0" fileid="6" />
                <SequencePoint vc="31" uspid="1967" ordinal="0" offset="244" sl="79" sc="13" el="79" ec="13" bec="0" bev="0" fileid="6" />
                <SequencePoint vc="31" uspid="1968" ordinal="0" offset="257" sl="81" sc="13" el="81" ec="13" bec="0" bev="0" fileid="6" />
                <SequencePoint vc="31" uspid="1969" ordinal="0" offset="272" sl="82" sc="13" el="82" ec="13" bec="0" bev="0" fileid="6" />
                <SequencePoint vc="121" uspid="1970" ordinal="0" offset="273" sl="83" sc="9" el="83" ec="9" bec="0" bev="0" fileid="6" />
                <SequencePoint vc="121" uspid="1971" ordinal="0" offset="274" sl="84" sc="5" el="84" ec="5" bec="0" bev="0" fileid="6" />
              </SequencePoints>
              <BranchPoints />
            </Method>
            <Method visited="true" cyclomaticComplexity="0" nPathComplexity="0" sequenceCoverage="100.0" branchCoverage="0" crapScore="0" isConstructor="false" isStatic="false" isGetter="false" isSetter="false">
              <Summary numSequencePoints="4" visitedSequencePoints="4" numBranchPoints="0" visitedBranchPoints="0" sequenceCoverage="100.0" branchCoverage="0" maxCyclomaticComplexity="0" minCyclomaticComplexity="0" maxCrapScore="0" minCrapScore="0" visitedClasses="0" numClasses="0" visitedMethods="1" numMethods="1" />
              <MetadataToken>100663330</MetadataToken>
              <Name>System.Void GuitarSoundManager::AddAudioDataToList(System.String, System.String)</Name>
              <FileRef uid="6" />
              <SequencePoints>
                <SequencePoint vc="31" uspid="1972" ordinal="0" offset="0" sl="87" sc="5" el="87" ec="5" bec="0" bev="0" fileid="6" />
                <SequencePoint vc="31" uspid="1973" ordinal="0" offset="1" sl="88" sc="9" el="88" ec="9" bec="0" bev="0" fileid="6" />
                <SequencePoint vc="31" uspid="1974" ordinal="0" offset="20" sl="89" sc="9" el="89" ec="9" bec="0" bev="0" fileid="6" />
                <SequencePoint vc="31" uspid="1975" ordinal="0" offset="38" sl="90" sc="5" el="90" ec="5" bec="0" bev="0" fileid="6" />
              </SequencePoints>
              <BranchPoints />
            </Method>
            <Method visited="true" cyclomaticComplexity="0" nPathComplexity="0" sequenceCoverage="93.33" branchCoverage="0" crapScore="0" isConstructor="false" isStatic="false" isGetter="false" isSetter="false">
              <Summary numSequencePoints="15" visitedSequencePoints="14" numBranchPoints="0" visitedBranchPoints="0" sequenceCoverage="93.33" branchCoverage="0" maxCyclomaticComplexity="0" minCyclomaticComplexity="0" maxCrapScore="0" minCrapScore="0" visitedClasses="0" numClasses="0" visitedMethods="1" numMethods="1" />
              <MetadataToken>100663331</MetadataToken>
              <Name>UnityEngine.AudioSource GuitarSoundManager::GetStringSound(System.Int32)</Name>
              <FileRef uid="6" />
              <SequencePoints>
                <SequencePoint vc="121" uspid="1976" ordinal="0" offset="0" sl="93" sc="5" el="93" ec="5" bec="0" bev="0" fileid="6" />
                <SequencePoint vc="121" uspid="1977" ordinal="0" offset="1" sl="94" sc="9" el="94" ec="9" bec="0" bev="0" fileid="6" />
                <SequencePoint vc="17" uspid="1978" ordinal="0" offset="9" sl="95" sc="13" el="95" ec="13" bec="0" bev="0" fileid="6" />
                <SequencePoint vc="104" uspid="1979" ordinal="0" offset="18" sl="96" sc="14" el="96" ec="14" bec="0" bev="0" fileid="6" />
                <SequencePoint vc="19" uspid="1980" ordinal="0" offset="26" sl="97" sc="13" el="97" ec="13" bec="0" bev="0" fileid="6" />
                <SequencePoint vc="85" uspid="1981" ordinal="0" offset="35" sl="98" sc="14" el="98" ec="14" bec="0" bev="0" fileid="6" />
                <SequencePoint vc="13" uspid="1982" ordinal="0" offset="43" sl="99" sc="13" el="99" ec="13" bec="0" bev="0" fileid="6" />
                <SequencePoint vc="72" uspid="1983" ordinal="0" offset="52" sl="100" sc="14" el="100" ec="14" bec="0" bev="0" fileid="6" />
                <SequencePoint vc="15" uspid="1984" ordinal="0" offset="62" sl="101" sc="13" el="101" ec="13" bec="0" bev="0" fileid="6" />
                <SequencePoint vc="57" uspid="1985" ordinal="0" offset="71" sl="102" sc="14" el="102" ec="14" bec="0" bev="0" fileid="6" />
                <SequencePoint vc="28" uspid="1986" ordinal="0" offset="81" sl="103" sc="13" el="103" ec="13" bec="0" bev="0" fileid="6" />
                <SequencePoint vc="29" uspid="1987" ordinal="0" offset="90" sl="104" sc="14" el="104" ec="14" bec="0" bev="0" fileid="6" />
                <SequencePoint vc="29" uspid="1988" ordinal="0" offset="100" sl="105" sc="13" el="105" ec="13" bec="0" bev="0" fileid="6" />
                <SequencePoint vc="0" uspid="1989" ordinal="0" offset="109" sl="107" sc="13" el="107" ec="13" bec="0" bev="0" fileid="6" />
                <SequencePoint vc="121" uspid="1990" ordinal="0" offset="113" sl="108" sc="5" el="108" ec="5" bec="0" bev="0" fileid="6" />
              </SequencePoints>
              <BranchPoints />
            </Method>
            <Method visited="true" cyclomaticComplexity="0" nPathComplexity="0" sequenceCoverage="100.0" branchCoverage="0" crapScore="0" isConstructor="true" isStatic="false" isGetter="false" isSetter="false">
              <Summary numSequencePoints="1" visitedSequencePoints="1" numBranchPoints="0" visitedBranchPoints="0" sequenceCoverage="100.0" branchCoverage="0" maxCyclomaticComplexity="0" minCyclomaticComplexity="0" maxCrapScore="0" minCrapScore="0" visitedClasses="0" numClasses="0" visitedMethods="1" numMethods="1" />
              <MetadataToken>100663332</MetadataToken>
              <Name>GuitarSoundManager::GuitarSoundManager()</Name>
              <FileRef uid="6" />
              <SequencePoints>
                <SequencePoint vc="1" uspid="1991" ordinal="0" offset="0" sl="29" sc="5" el="29" ec="5" bec="0" bev="0" fileid="6" />
              </SequencePoints>
              <BranchPoints />
            </Method>
          </Methods>
        </Class>
        <Class>
          <Summary numSequencePoints="3" visitedSequencePoints="3" numBranchPoints="0" visitedBranchPoints="0" sequenceCoverage="100.0" branchCoverage="0.0" maxCyclomaticComplexity="0" minCyclomaticComplexity="0" maxCrapScore="0" minCrapScore="0" visitedClasses="1" numClasses="1" visitedMethods="1" numMethods="1" />
          <FullName>GuitarString</FullName>
          <Methods>
            <Method visited="true" cyclomaticComplexity="0" nPathComplexity="0" sequenceCoverage="100.0" branchCoverage="0" crapScore="0" isConstructor="false" isStatic="false" isGetter="false" isSetter="false">
              <Summary numSequencePoints="3" visitedSequencePoints="3" numBranchPoints="0" visitedBranchPoints="0" sequenceCoverage="100.0" branchCoverage="0" maxCyclomaticComplexity="0" minCyclomaticComplexity="0" maxCrapScore="0" minCrapScore="0" visitedClasses="0" numClasses="0" visitedMethods="1" numMethods="1" />
              <MetadataToken>100663334</MetadataToken>
              <Name>System.Int32 GuitarString::Return_String_Number()</Name>
              <FileRef uid="7" />
              <SequencePoints>
                <SequencePoint vc="171" uspid="2020" ordinal="0" offset="0" sl="40" sc="5" el="40" ec="5" bec="0" bev="0" fileid="7" />
                <SequencePoint vc="171" uspid="2021" ordinal="0" offset="1" sl="41" sc="9" el="41" ec="9" bec="0" bev="0" fileid="7" />
                <SequencePoint vc="171" uspid="2022" ordinal="0" offset="10" sl="42" sc="5" el="42" ec="5" bec="0" bev="0" fileid="7" />
              </SequencePoints>
              <BranchPoints />
            </Method>
          </Methods>
        </Class>
        <Class>
          <Summary numSequencePoints="152" visitedSequencePoints="145" numBranchPoints="0" visitedBranchPoints="0" sequenceCoverage="95.39" branchCoverage="0.0" maxCyclomaticComplexity="0" minCyclomaticComplexity="0" maxCrapScore="0" minCrapScore="0" visitedClasses="1" numClasses="1" visitedMethods="4" numMethods="4" />
          <FullName>JsonCompare</FullName>
          <Methods>
            <Method visited="true" cyclomaticComplexity="0" nPathComplexity="0" sequenceCoverage="100.0" branchCoverage="0" crapScore="0" isConstructor="false" isStatic="true" isGetter="false" isSetter="false">
              <Summary numSequencePoints="7" visitedSequencePoints="7" numBranchPoints="0" visitedBranchPoints="0" sequenceCoverage="100.0" branchCoverage="0" maxCyclomaticComplexity="0" minCyclomaticComplexity="0" maxCrapScore="0" minCrapScore="0" visitedClasses="0" numClasses="0" visitedMethods="1" numMethods="1" />
              <MetadataToken>100663336</MetadataToken>
              <Name>static System.Void JsonCompare::DisplayNotes()</Name>
              <FileRef uid="8" />
              <SequencePoints>
                <SequencePoint vc="3" uspid="2023" ordinal="0" offset="0" sl="49" sc="5" el="49" ec="5" bec="0" bev="0" fileid="8" />
                <SequencePoint vc="3" uspid="2024" ordinal="0" offset="1" sl="51" sc="9" el="51" ec="9" bec="0" bev="0" fileid="8" />
                <SequencePoint vc="3" uspid="2025" ordinal="0" offset="16" sl="52" sc="9" el="52" ec="9" bec="0" bev="0" fileid="8" />
                <SequencePoint vc="3" uspid="2026" ordinal="0" offset="31" sl="58" sc="9" el="58" ec="9" bec="0" bev="0" fileid="8" />
                <SequencePoint vc="3" uspid="2027" ordinal="0" offset="46" sl="59" sc="9" el="59" ec="9" bec="0" bev="0" fileid="8" />
                <SequencePoint vc="3" uspid="2028" ordinal="0" offset="61" sl="62" sc="9" el="62" ec="9" bec="0" bev="0" fileid="8" />
                <SequencePoint vc="3" uspid="2029" ordinal="0" offset="77" sl="63" sc="5" el="63" ec="5" bec="0" bev="0" fileid="8" />
              </SequencePoints>
              <BranchPoints />
            </Method>
            <Method visited="true" cyclomaticComplexity="0" nPathComplexity="0" sequenceCoverage="95.35" branchCoverage="0" crapScore="0" isConstructor="false" isStatic="true" isGetter="false" isSetter="false">
              <Summary numSequencePoints="86" visitedSequencePoints="82" numBranchPoints="0" visitedBranchPoints="0" sequenceCoverage="95.35" branchCoverage="0" maxCyclomaticComplexity="0" minCyclomaticComplexity="0" maxCrapScore="0" minCrapScore="0" visitedClasses="0" numClasses="0" visitedMethods="1" numMethods="1" />
              <MetadataToken>100663337</MetadataToken>
              <Name>static System.Void JsonCompare::JsonConverterToCharacter(StorePlayedNote[], StorePlayedNote[])</Name>
              <FileRef uid="8" />
              <SequencePoints>
                <SequencePoint vc="3" uspid="2030" ordinal="0" offset="0" sl="66" sc="5" el="66" ec="5" bec="0" bev="0" fileid="8" />
                <SequencePoint vc="3" uspid="2031" ordinal="0" offset="1" sl="68" sc="9" el="68" ec="9" bec="0" bev="0" fileid="8" />
                <SequencePoint vc="3" uspid="2032" ordinal="0" offset="10" sl="69" sc="9" el="69" ec="9" bec="0" bev="0" fileid="8" />
                <SequencePoint vc="3" uspid="2033" ordinal="0" offset="19" sl="71" sc="9" el="71" ec="9" bec="0" bev="0" fileid="8" />
                <SequencePoint vc="3" uspid="2034" ordinal="0" offset="29" sl="72" sc="9" el="72" ec="9" bec="0" bev="0" fileid="8" />
                <SequencePoint vc="3" uspid="2035" ordinal="0" offset="39" sl="74" sc="14" el="74" ec="14" bec="0" bev="0" fileid="8" />
                <SequencePoint vc="42" uspid="2036" ordinal="0" offset="44" sl="75" sc="9" el="75" ec="9" bec="0" bev="0" fileid="8" />
                <SequencePoint vc="42" uspid="2037" ordinal="0" offset="45" sl="76" sc="18" el="76" ec="18" bec="0" bev="0" fileid="8" />
                <SequencePoint vc="279" uspid="2038" ordinal="0" offset="50" sl="77" sc="13" el="77" ec="13" bec="0" bev="0" fileid="8" />
                <SequencePoint vc="279" uspid="2039" ordinal="0" offset="51" sl="78" sc="13" el="78" ec="13" bec="0" bev="0" fileid="8" />
                <SequencePoint vc="42" uspid="2040" ordinal="0" offset="79" sl="79" sc="13" el="79" ec="13" bec="0" bev="0" fileid="8" />
                <SequencePoint vc="42" uspid="2041" ordinal="0" offset="80" sl="80" sc="21" el="80" ec="21" bec="0" bev="0" fileid="8" />
                <SequencePoint vc="42" uspid="2042" ordinal="0" offset="103" sl="82" sc="21" el="82" ec="21" bec="0" bev="0" fileid="8" />
                <SequencePoint vc="237" uspid="2043" ordinal="0" offset="105" sl="84" sc="13" el="84" ec="13" bec="0" bev="0" fileid="8" />
                <SequencePoint vc="237" uspid="2044" ordinal="0" offset="106" sl="76" sc="37" el="76" ec="37" bec="0" bev="0" fileid="8" />
                <SequencePoint vc="279" uspid="2045" ordinal="0" offset="112" sl="76" sc="29" el="76" ec="29" bec="0" bev="0" fileid="8" />
                <SequencePoint vc="42" uspid="2046" ordinal="0" offset="124" sl="85" sc="9" el="85" ec="9" bec="0" bev="0" fileid="8" />
                <SequencePoint vc="42" uspid="2047" ordinal="0" offset="125" sl="74" sc="54" el="74" ec="54" bec="0" bev="0" fileid="8" />
                <SequencePoint vc="45" uspid="2048" ordinal="0" offset="131" sl="74" sc="25" el="74" ec="25" bec="0" bev="0" fileid="8" />
                <SequencePoint vc="3" uspid="2049" ordinal="0" offset="144" sl="86" sc="14" el="86" ec="14" bec="0" bev="0" fileid="8" />
                <SequencePoint vc="31" uspid="2050" ordinal="0" offset="149" sl="87" sc="9" el="87" ec="9" bec="0" bev="0" fileid="8" />
                <SequencePoint vc="31" uspid="2051" ordinal="0" offset="150" sl="88" sc="18" el="88" ec="18" bec="0" bev="0" fileid="8" />
                <SequencePoint vc="223" uspid="2052" ordinal="0" offset="155" sl="89" sc="13" el="89" ec="13" bec="0" bev="0" fileid="8" />
                <SequencePoint vc="223" uspid="2053" ordinal="0" offset="156" sl="90" sc="17" el="90" ec="17" bec="0" bev="0" fileid="8" />
                <SequencePoint vc="31" uspid="2054" ordinal="0" offset="184" sl="91" sc="17" el="91" ec="17" bec="0" bev="0" fileid="8" />
                <SequencePoint vc="31" uspid="2055" ordinal="0" offset="185" sl="92" sc="21" el="92" ec="21" bec="0" bev="0" fileid="8" />
                <SequencePoint vc="31" uspid="2056" ordinal="0" offset="209" sl="94" sc="21" el="94" ec="21" bec="0" bev="0" fileid="8" />
                <SequencePoint vc="192" uspid="2057" ordinal="0" offset="211" sl="96" sc="13" el="96" ec="13" bec="0" bev="0" fileid="8" />
                <SequencePoint vc="192" uspid="2058" ordinal="0" offset="212" sl="88" sc="37" el="88" ec="37" bec="0" bev="0" fileid="8" />
                <SequencePoint vc="223" uspid="2059" ordinal="0" offset="218" sl="88" sc="29" el="88" ec="29" bec="0" bev="0" fileid="8" />
                <SequencePoint vc="31" uspid="2060" ordinal="0" offset="230" sl="97" sc="9" el="97" ec="9" bec="0" bev="0" fileid="8" />
                <SequencePoint vc="31" uspid="2061" ordinal="0" offset="231" sl="86" sc="50" el="86" ec="50" bec="0" bev="0" fileid="8" />
                <SequencePoint vc="34" uspid="2062" ordinal="0" offset="237" sl="86" sc="25" el="86" ec="25" bec="0" bev="0" fileid="8" />
                <SequencePoint vc="3" uspid="2063" ordinal="0" offset="250" sl="98" sc="14" el="98" ec="14" bec="0" bev="0" fileid="8" />
                <SequencePoint vc="42" uspid="2064" ordinal="0" offset="255" sl="99" sc="9" el="99" ec="9" bec="0" bev="0" fileid="8" />
                <SequencePoint vc="42" uspid="2065" ordinal="0" offset="256" sl="100" sc="18" el="100" ec="18" bec="0" bev="0" fileid="8" />
                <SequencePoint vc="42" uspid="2066" ordinal="0" offset="261" sl="101" sc="13" el="101" ec="13" bec="0" bev="0" fileid="8" />
                <SequencePoint vc="42" uspid="2067" ordinal="0" offset="262" sl="102" sc="17" el="102" ec="17" bec="0" bev="0" fileid="8" />
                <SequencePoint vc="42" uspid="2068" ordinal="0" offset="290" sl="103" sc="17" el="103" ec="17" bec="0" bev="0" fileid="8" />
[...]
              <MetadataToken>100663352</MetadataToken>
              <Name>System.Void StringClickHandler::FingerNumInputB()</Name>
              <FileRef uid="11" />
              <SequencePoints>
                <SequencePoint vc="2" uspid="2905" ordinal="0" offset="0" sl="867" sc="5" el="867" ec="5" bec="0" bev="0" fileid="11" />
                <SequencePoint vc="2" uspid="2906" ordinal="0" offset="1" sl="868" sc="9" el="868" ec="9" bec="0" bev="0" fileid="11" />
                <SequencePoint vc="2" uspid="2907" ordinal="0" offset="25" sl="869" sc="9" el="869" ec="9" bec="0" bev="0" fileid="11" />
                <SequencePoint vc="0" uspid="2908" ordinal="0" offset="55" sl="870" sc="9" el="870" ec="9" bec="0" bev="0" fileid="11" />
                <SequencePoint vc="0" uspid="2909" ordinal="0" offset="56" sl="871" sc="13" el="871" ec="13" bec="0" bev="0" fileid="11" />
                <SequencePoint vc="0" uspid="2910" ordinal="0" offset="73" sl="872" sc="13" el="872" ec="13" bec="0" bev="0" fileid="11" />
                <SequencePoint vc="0" uspid="2911" ordinal="0" offset="91" sl="873" sc="9" el="873" ec="9" bec="0" bev="0" fileid="11" />
                <SequencePoint vc="2" uspid="2912" ordinal="0" offset="94" sl="875" sc="9" el="875" ec="9" bec="0" bev="0" fileid="11" />
                <SequencePoint vc="2" uspid="2913" ordinal="0" offset="95" sl="876" sc="9" el="876" ec="9" bec="0" bev="0" fileid="11" />
                <SequencePoint vc="0" uspid="2914" ordinal="0" offset="128" sl="877" sc="9" el="877" ec="9" bec="0" bev="0" fileid="11" />
                <SequencePoint vc="0" uspid="2915" ordinal="0" offset="129" sl="878" sc="13" el="878" ec="13" bec="0" bev="0" fileid="11" />
                <SequencePoint vc="0" uspid="2916" ordinal="0" offset="146" sl="879" sc="13" el="879" ec="13" bec="0" bev="0" fileid="11" />
                <SequencePoint vc="0" uspid="2917" ordinal="0" offset="155" sl="880" sc="13" el="880" ec="13" bec="0" bev="0" fileid="11" />
                <SequencePoint vc="0" uspid="2918" ordinal="0" offset="173" sl="881" sc="13" el="881" ec="13" bec="0" bev="0" fileid="11" />
                <SequencePoint vc="2" uspid="2919" ordinal="0" offset="176" sl="882" sc="13" el="882" ec="13" bec="0" bev="0" fileid="11" />
                <SequencePoint vc="2" uspid="2920" ordinal="0" offset="177" sl="883" sc="13" el="883" ec="13" bec="0" bev="0" fileid="11" />
                <SequencePoint vc="2" uspid="2921" ordinal="0" offset="195" sl="884" sc="9" el="884" ec="9" bec="0" bev="0" fileid="11" />
                <SequencePoint vc="2" uspid="2922" ordinal="0" offset="196" sl="885" sc="13" el="885" ec="13" bec="0" bev="0" fileid="11" />
                <SequencePoint vc="2" uspid="2923" ordinal="0" offset="214" sl="886" sc="9" el="886" ec="9" bec="0" bev="0" fileid="11" />
                <SequencePoint vc="2" uspid="2924" ordinal="0" offset="215" sl="887" sc="5" el="887" ec="5" bec="0" bev="0" fileid="11" />
              </SequencePoints>
              <BranchPoints />
            </Method>
            <Method visited="true" cyclomaticComplexity="0" nPathComplexity="0" sequenceCoverage="100.0" branchCoverage="0" crapScore="0" isConstructor="false" isStatic="false" isGetter="false" isSetter="false">
              <Summary numSequencePoints="20" visitedSequencePoints="20" numBranchPoints="0" visitedBranchPoints="0" sequenceCoverage="100.0" branchCoverage="0" maxCyclomaticComplexity="0" minCyclomaticComplexity="0" maxCrapScore="0" minCrapScore="0" visitedClasses="0" numClasses="0" visitedMethods="1" numMethods="1" />
              <MetadataToken>100663353</MetadataToken>
              <Name>System.Void StringClickHandler::FingerNumInputEhigh()</Name>
              <FileRef uid="11" />
              <SequencePoints>
                <SequencePoint vc="4" uspid="2925" ordinal="0" offset="0" sl="889" sc="5" el="889" ec="5" bec="0" bev="0" fileid="11" />
                <SequencePoint vc="4" uspid="2926" ordinal="0" offset="1" sl="890" sc="9" el="890" ec="9" bec="0" bev="0" fileid="11" />
                <SequencePoint vc="4" uspid="2927" ordinal="0" offset="25" sl="891" sc="9" el="891" ec="9" bec="0" bev="0" fileid="11" />
                <SequencePoint vc="1" uspid="2928" ordinal="0" offset="55" sl="892" sc="9" el="892" ec="9" bec="0" bev="0" fileid="11" />
                <SequencePoint vc="1" uspid="2929" ordinal="0" offset="56" sl="893" sc="13" el="893" ec="13" bec="0" bev="0" fileid="11" />
                <SequencePoint vc="1" uspid="2930" ordinal="0" offset="73" sl="894" sc="13" el="894" ec="13" bec="0" bev="0" fileid="11" />
                <SequencePoint vc="1" uspid="2931" ordinal="0" offset="91" sl="895" sc="9" el="895" ec="9" bec="0" bev="0" fileid="11" />
                <SequencePoint vc="3" uspid="2932" ordinal="0" offset="94" sl="897" sc="9" el="897" ec="9" bec="0" bev="0" fileid="11" />
                <SequencePoint vc="3" uspid="2933" ordinal="0" offset="95" sl="898" sc="9" el="898" ec="9" bec="0" bev="0" fileid="11" />
                <SequencePoint vc="1" uspid="2934" ordinal="0" offset="128" sl="899" sc="9" el="899" ec="9" bec="0" bev="0" fileid="11" />
                <SequencePoint vc="1" uspid="2935" ordinal="0" offset="129" sl="900" sc="13" el="900" ec="13" bec="0" bev="0" fileid="11" />
                <SequencePoint vc="1" uspid="2936" ordinal="0" offset="146" sl="901" sc="13" el="901" ec="13" bec="0" bev="0" fileid="11" />
                <SequencePoint vc="1" uspid="2937" ordinal="0" offset="155" sl="902" sc="13" el="902" ec="13" bec="0" bev="0" fileid="11" />
                <SequencePoint vc="1" uspid="2938" ordinal="0" offset="173" sl="903" sc="13" el="903" ec="13" bec="0" bev="0" fileid="11" />
                <SequencePoint vc="2" uspid="2939" ordinal="0" offset="176" sl="904" sc="14" el="904" ec="14" bec="0" bev="0" fileid="11" />
                <SequencePoint vc="2" uspid="2940" ordinal="0" offset="177" sl="905" sc="13" el="905" ec="13" bec="0" bev="0" fileid="11" />
                <SequencePoint vc="2" uspid="2941" ordinal="0" offset="195" sl="906" sc="9" el="906" ec="9" bec="0" bev="0" fileid="11" />
                <SequencePoint vc="3" uspid="2942" ordinal="0" offset="196" sl="907" sc="13" el="907" ec="13" bec="0" bev="0" fileid="11" />
                <SequencePoint vc="3" uspid="2943" ordinal="0" offset="214" sl="908" sc="9" el="908" ec="9" bec="0" bev="0" fileid="11" />
                <SequencePoint vc="4" uspid="2944" ordinal="0" offset="215" sl="909" sc="5" el="909" ec="5" bec="0" bev="0" fileid="11" />
              </SequencePoints>
              <BranchPoints />
            </Method>
            <Method visited="true" cyclomaticComplexity="0" nPathComplexity="0" sequenceCoverage="100.0" branchCoverage="0" crapScore="0" isConstructor="false" isStatic="false" isGetter="false" isSetter="false">
              <Summary numSequencePoints="11" visitedSequencePoints="11" numBranchPoints="0" visitedBranchPoints="0" sequenceCoverage="100.0" branchCoverage="0" maxCyclomaticComplexity="0" minCyclomaticComplexity="0" maxCrapScore="0" minCrapScore="0" visitedClasses="0" numClasses="0" visitedMethods="1" numMethods="1" />
              <MetadataToken>100663354</MetadataToken>
              <Name>System.Void StringClickHandler::CapoNumInput()</Name>
              <FileRef uid="11" />
              <SequencePoints>
                <SequencePoint vc="8" uspid="2945" ordinal="0" offset="0" sl="911" sc="5" el="911" ec="5" bec="0" bev="0" fileid="11" />
                <SequencePoint vc="8" uspid="2946" ordinal="0" offset="1" sl="912" sc="9" el="912" ec="9" bec="0" bev="0" fileid="11" />
                <SequencePoint vc="8" uspid="2947" ordinal="0" offset="23" sl="913" sc="9" el="913" ec="9" bec="0" bev="0" fileid="11" />
                <SequencePoint vc="2" uspid="2948" ordinal="0" offset="49" sl="914" sc="9" el="914" ec="9" bec="0" bev="0" fileid="11" />
                <SequencePoint vc="2" uspid="2949" ordinal="0" offset="50" sl="915" sc="13" el="915" ec="13" bec="0" bev="0" fileid="11" />
                <SequencePoint vc="2" uspid="2950" ordinal="0" offset="67" sl="916" sc="13" el="916" ec="13" bec="0" bev="0" fileid="11" />
                <SequencePoint vc="2" uspid="2951" ordinal="0" offset="90" sl="917" sc="9" el="917" ec="9" bec="0" bev="0" fileid="11" />
                <SequencePoint vc="6" uspid="2952" ordinal="0" offset="93" sl="919" sc="9" el="919" ec="9" bec="0" bev="0" fileid="11" />
                <SequencePoint vc="6" uspid="2953" ordinal="0" offset="94" sl="920" sc="13" el="920" ec="13" bec="0" bev="0" fileid="11" />
                <SequencePoint vc="6" uspid="2954" ordinal="0" offset="117" sl="921" sc="9" el="921" ec="9" bec="0" bev="0" fileid="11" />
                <SequencePoint vc="8" uspid="2955" ordinal="0" offset="118" sl="922" sc="5" el="922" ec="5" bec="0" bev="0" fileid="11" />
              </SequencePoints>
              <BranchPoints />
            </Method>
            <Method visited="true" cyclomaticComplexity="0" nPathComplexity="0" sequenceCoverage="100.0" branchCoverage="0" crapScore="0" isConstructor="false" isStatic="false" isGetter="false" isSetter="false">
              <Summary numSequencePoints="8" visitedSequencePoints="8" numBranchPoints="0" visitedBranchPoints="0" sequenceCoverage="100.0" branchCoverage="0" maxCyclomaticComplexity="0" minCyclomaticComplexity="0" maxCrapScore="0" minCrapScore="0" visitedClasses="0" numClasses="0" visitedMethods="1" numMethods="1" />
              <MetadataToken>100663355</MetadataToken>
              <Name>System.Void StringClickHandler::ChordG()</Name>
              <FileRef uid="11" />
              <SequencePoints>
                <SequencePoint vc="1" uspid="2956" ordinal="0" offset="0" sl="924" sc="5" el="924" ec="5" bec="0" bev="0" fileid="11" />
                <SequencePoint vc="1" uspid="2957" ordinal="0" offset="1" sl="925" sc="9" el="925" ec="9" bec="0" bev="0" fileid="11" />
                <SequencePoint vc="1" uspid="2958" ordinal="0" offset="17" sl="926" sc="9" el="926" ec="9" bec="0" bev="0" fileid="11" />
                <SequencePoint vc="1" uspid="2959" ordinal="0" offset="33" sl="927" sc="9" el="927" ec="9" bec="0" bev="0" fileid="11" />
                <SequencePoint vc="1" uspid="2960" ordinal="0" offset="47" sl="928" sc="9" el="928" ec="9" bec="0" bev="0" fileid="11" />
                <SequencePoint vc="1" uspid="2961" ordinal="0" offset="61" sl="929" sc="9" el="929" ec="9" bec="0" bev="0" fileid="11" />
                <SequencePoint vc="1" uspid="2962" ordinal="0" offset="77" sl="930" sc="9" el="930" ec="9" bec="0" bev="0" fileid="11" />
                <SequencePoint vc="1" uspid="2963" ordinal="0" offset="93" sl="931" sc="5" el="931" ec="5" bec="0" bev="0" fileid="11" />
              </SequencePoints>
              <BranchPoints />
            </Method>
            <Method visited="true" cyclomaticComplexity="0" nPathComplexity="0" sequenceCoverage="100.0" branchCoverage="0" crapScore="0" isConstructor="false" isStatic="false" isGetter="false" isSetter="false">
              <Summary numSequencePoints="8" visitedSequencePoints="8" numBranchPoints="0" visitedBranchPoints="0" sequenceCoverage="100.0" branchCoverage="0" maxCyclomaticComplexity="0" minCyclomaticComplexity="0" maxCrapScore="0" minCrapScore="0" visitedClasses="0" numClasses="0" visitedMethods="1" numMethods="1" />
              <MetadataToken>100663356</MetadataToken>
              <Name>System.Void StringClickHandler::ChordF()</Name>
              <FileRef uid="11" />
              <SequencePoints>
                <SequencePoint vc="1" uspid="2964" ordinal="0" offset="0" sl="933" sc="5" el="933" ec="5" bec="0" bev="0" fileid="11" />
                <SequencePoint vc="1" uspid="2965" ordinal="0" offset="1" sl="934" sc="9" el="934" ec="9" bec="0" bev="0" fileid="11" />
                <SequencePoint vc="1" uspid="2966" ordinal="0" offset="17" sl="935" sc="9" el="935" ec="9" bec="0" bev="0" fileid="11" />
                <SequencePoint vc="1" uspid="2967" ordinal="0" offset="33" sl="936" sc="9" el="936" ec="9" bec="0" bev="0" fileid="11" />
                <SequencePoint vc="1" uspid="2968" ordinal="0" offset="49" sl="937" sc="9" el="937" ec="9" bec="0" bev="0" fileid="11" />
                <SequencePoint vc="1" uspid="2969" ordinal="0" offset="65" sl="938" sc="9" el="938" ec="9" bec="0" bev="0" fileid="11" />
                <SequencePoint vc="1" uspid="2970" ordinal="0" offset="81" sl="939" sc="9" el="939" ec="9" bec="0" bev="0" fileid="11" />
                <SequencePoint vc="1" uspid="2971" ordinal="0" offset="97" sl="940" sc="5" el="940" ec="5" bec="0" bev="0" fileid="11" />
              </SequencePoints>
              <BranchPoints />
            </Method>
            <Method visited="true" cyclomaticComplexity="0" nPathComplexity="0" sequenceCoverage="100.0" branchCoverage="0" crapScore="0" isConstructor="false" isStatic="false" isGetter="false" isSetter="false">
              <Summary numSequencePoints="8" visitedSequencePoints="8" numBranchPoints="0" visitedBranchPoints="0" sequenceCoverage="100.0" branchCoverage="0" maxCyclomaticComplexity="0" minCyclomaticComplexity="0" maxCrapScore="0" minCrapScore="0" visitedClasses="0" numClasses="0" visitedMethods="1" numMethods="1" />
              <MetadataToken>100663357</MetadataToken>
              <Name>System.Void StringClickHandler::ChordC()</Name>
              <FileRef uid="11" />
              <SequencePoints>
                <SequencePoint vc="1" uspid="2972" ordinal="0" offset="0" sl="942" sc="5" el="942" ec="5" bec="0" bev="0" fileid="11" />
                <SequencePoint vc="1" uspid="2973" ordinal="0" offset="1" sl="943" sc="9" el="943" ec="9" bec="0" bev="0" fileid="11" />
                <SequencePoint vc="1" uspid="2974" ordinal="0" offset="15" sl="944" sc="9" el="944" ec="9" bec="0" bev="0" fileid="11" />
                <SequencePoint vc="1" uspid="2975" ordinal="0" offset="31" sl="945" sc="9" el="945" ec="9" bec="0" bev="0" fileid="11" />
                <SequencePoint vc="1" uspid="2976" ordinal="0" offset="47" sl="946" sc="9" el="946" ec="9" bec="0" bev="0" fileid="11" />
                <SequencePoint vc="1" uspid="2977" ordinal="0" offset="61" sl="947" sc="9" el="947" ec="9" bec="0" bev="0" fileid="11" />
                <SequencePoint vc="1" uspid="2978" ordinal="0" offset="77" sl="948" sc="9" el="948" ec="9" bec="0" bev="0" fileid="11" />
                <SequencePoint vc="1" uspid="2979" ordinal="0" offset="91" sl="949" sc="5" el="949" ec="5" bec="0" bev="0" fileid="11" />
              </SequencePoints>
              <BranchPoints />
            </Method>
            <Method visited="true" cyclomaticComplexity="0" nPathComplexity="0" sequenceCoverage="100.0" branchCoverage="0" crapScore="0" isConstructor="false" isStatic="false" isGetter="false" isSetter="false">
              <Summary numSequencePoints="8" visitedSequencePoints="8" numBranchPoints="0" visitedBranchPoints="0" sequenceCoverage="100.0" branchCoverage="0" maxCyclomaticComplexity="0" minCyclomaticComplexity="0" maxCrapScore="0" minCrapScore="0" visitedClasses="0" numClasses="0" visitedMethods="1" numMethods="1" />
              <MetadataToken>100663358</MetadataToken>
              <Name>System.Void StringClickHandler::ChordD()</Name>
              <FileRef uid="11" />
              <SequencePoints>
                <SequencePoint vc="1" uspid="2980" ordinal="0" offset="0" sl="951" sc="5" el="951" ec="5" bec="0" bev="0" fileid="11" />
                <SequencePoint vc="1" uspid="2981" ordinal="0" offset="1" sl="952" sc="9" el="952" ec="9" bec="0" bev="0" fileid="11" />
                <SequencePoint vc="1" uspid="2982" ordinal="0" offset="15" sl="953" sc="9" el="953" ec="9" bec="0" bev="0" fileid="11" />
                <SequencePoint vc="1" uspid="2983" ordinal="0" offset="29" sl="954" sc="9" el="954" ec="9" bec="0" bev="0" fileid="11" />
                <SequencePoint vc="1" uspid="2984" ordinal="0" offset="43" sl="955" sc="9" el="955" ec="9" bec="0" bev="0" fileid="11" />
                <SequencePoint vc="1" uspid="2985" ordinal="0" offset="59" sl="956" sc="9" el="956" ec="9" bec="0" bev="0" fileid="11" />
                <SequencePoint vc="1" uspid="2986" ordinal="0" offset="75" sl="957" sc="9" el="957" ec="9" bec="0" bev="0" fileid="11" />
                <SequencePoint vc="1" uspid="2987" ordinal="0" offset="91" sl="958" sc="5" el="958" ec="5" bec="0" bev="0" fileid="11" />
              </SequencePoints>
              <BranchPoints />
            </Method>
            <Method visited="true" cyclomaticComplexity="0" nPathComplexity="0" sequenceCoverage="100.0" branchCoverage="0" crapScore="0" isConstructor="true" isStatic="false" isGetter="false" isSetter="false">
              <Summary numSequencePoints="7" visitedSequencePoints="7" numBranchPoints="0" visitedBranchPoints="0" sequenceCoverage="100.0" branchCoverage="0" maxCyclomaticComplexity="0" minCyclomaticComplexity="0" maxCrapScore="0" minCrapScore="0" visitedClasses="0" numClasses="0" visitedMethods="1" numMethods="1" />
              <MetadataToken>100663361</MetadataToken>
              <Name>StringClickHandler::StringClickHandler()</Name>
              <FileRef uid="11" />
              <SequencePoints>
                <SequencePoint vc="1" uspid="2994" ordinal="0" offset="0" sl="29" sc="5" el="29" ec="5" bec="0" bev="0" fileid="11" />
                <SequencePoint vc="1" uspid="2995" ordinal="0" offset="7" sl="30" sc="5" el="30" ec="5" bec="0" bev="0" fileid="11" />
                <SequencePoint vc="1" uspid="2996" ordinal="0" offset="14" sl="31" sc="5" el="31" ec="5" bec="0" bev="0" fileid="11" />
                <SequencePoint vc="1" uspid="2997" ordinal="0" offset="21" sl="32" sc="5" el="32" ec="5" bec="0" bev="0" fileid="11" />
                <SequencePoint vc="1" uspid="2998" ordinal="0" offset="28" sl="33" sc="5" el="33" ec="5" bec="0" bev="0" fileid="11" />
                <SequencePoint vc="1" uspid="2999" ordinal="0" offset="35" sl="43" sc="5" el="43" ec="5" bec="0" bev="0" fileid="11" />
                <SequencePoint vc="1" uspid="3000" ordinal="0" offset="46" sl="49" sc="5" el="49" ec="5" bec="0" bev="0" fileid="11" />
              </SequencePoints>
              <BranchPoints />
            </Method>
          </Methods>
        </Class>
        <Class>
          <Summary numSequencePoints="1" visitedSequencePoints="1" numBranchPoints="0" visitedBranchPoints="0" sequenceCoverage="100.0" branchCoverage="0.0" maxCyclomaticComplexity="0" minCyclomaticComplexity="0" maxCrapScore="0" minCrapScore="0" visitedClasses="1" numClasses="1" visitedMethods="1" numMethods="1" />
          <FullName>AudioAnalyzer/&lt;&gt;c__DisplayClass6_0</FullName>
          <Methods>
            <Method visited="true" cyclomaticComplexity="0" nPathComplexity="0" sequenceCoverage="100.0" branchCoverage="0" crapScore="0" isConstructor="false" isStatic="false" isGetter="false" isSetter="false">
              <Summary numSequencePoints="1" visitedSequencePoints="1" numBranchPoints="0" visitedBranchPoints="0" sequenceCoverage="100.0" branchCoverage="0" maxCyclomaticComplexity="0" minCyclomaticComplexity="0" maxCrapScore="0" minCrapScore="0" visitedClasses="0" numClasses="0" visitedMethods="1" numMethods="1" />
              <MetadataToken>100663363</MetadataToken>
              <Name>System.Single AudioAnalyzer/&lt;&gt;c__DisplayClass6_0::&lt;MaxAbsoluteScaling&gt;b__0(System.Single)</Name>
              <FileRef uid="1" />
              <SequencePoints>
                <SequencePoint vc="495616" uspid="3001" ordinal="0" offset="0" sl="109" sc="33" el="109" ec="33" bec="0" bev="0" fileid="1" />
              </SequencePoints>
              <BranchPoints />
            </Method>
          </Methods>
        </Class>
      </Classes>
    </Module>
  </Modules>
</CoverageSession>