<?xml version="1.0" encoding="utf-8"?>
<CoverageSession xmlns:xsd="http://www.w3.org/2001/XMLSchema" xmlns:xsi="http://www.w3.org/2001/XMLSchema-instance" Version="0.0.0.0">
  <Summary numSequencePoints="400" visitedSequencePoints="349" numBranchPoints="0" visitedBranchPoints="0" sequenceCoverage="87.25" branchCoverage="0.0" maxCyclomaticComplexity="0" minCyclomaticComplexity="0" maxCrapScore="0" minCrapScore="0" visitedClasses="24" numClasses="26" visitedMethods="39" numMethods="43" />
  <Modules>
    <Module>
      <Summary numSequencePoints="243" visitedSequencePoints="192" numBranchPoints="0" visitedBranchPoints="0" sequenceCoverage="79.01" branchCoverage="0.0" maxCyclomaticComplexity="0" minCyclomaticComplexity="0" maxCrapScore="0" minCrapScore="0" visitedClasses="6" numClasses="8" visitedMethods="19" numMethods="23" />
      <ModuleTime>0001-01-01T00:00:00</ModuleTime>
      <ModuleName>Scripts</ModuleName>
      <Files>
        <File uid="1" fullPath="C:/Users/Administrator/OneDrive/Documents/GitHub/AAA/AGS_guitarALL_EPICS/ULTIMATE_GUITAR/Assets/Scripts/AudioAnalyzer.cs" />
        <File uid="2" fullPath="C:/Users/Administrator/OneDrive/Documents/GitHub/AAA/AGS_guitarALL_EPICS/ULTIMATE_GUITAR/Assets/Scripts/ButtonScript.cs" />
        <File uid="3" fullPath="C:/Users/Administrator/OneDrive/Documents/GitHub/AAA/AGS_guitarALL_EPICS/ULTIMATE_GUITAR/Assets/Scripts/CapoController.cs" />
        <File uid="4" fullPath="C:/Users/Administrator/OneDrive/Documents/GitHub/AAA/AGS_guitarALL_EPICS/ULTIMATE_GUITAR/Assets/Scripts/FileHandler.cs" />
        <File uid="5" fullPath="C:/Users/Administrator/OneDrive/Documents/GitHub/AAA/AGS_guitarALL_EPICS/ULTIMATE_GUITAR/Assets/Scripts/FretNum.cs" />
        <File uid="6" fullPath="C:/Users/Administrator/OneDrive/Documents/GitHub/AAA/AGS_guitarALL_EPICS/ULTIMATE_GUITAR/Assets/Scripts/GuitarSoundManager.cs" />
        <File uid="7" fullPath="C:/Users/Administrator/OneDrive/Documents/GitHub/AAA/AGS_guitarALL_EPICS/ULTIMATE_GUITAR/Assets/Scripts/GuitarString.cs" />
        <File uid="8" fullPath="C:/Users/Administrator/OneDrive/Documents/GitHub/AAA/AGS_guitarALL_EPICS/ULTIMATE_GUITAR/Assets/Scripts/JsonCompare.cs" />
        <File uid="9" fullPath="C:/Users/Administrator/OneDrive/Documents/GitHub/AAA/AGS_guitarALL_EPICS/ULTIMATE_GUITAR/Assets/Scripts/ManualGuitar/AudioTesting.cs" />
        <File uid="10" fullPath="C:/Users/Administrator/OneDrive/Documents/GitHub/AAA/AGS_guitarALL_EPICS/ULTIMATE_GUITAR/Assets/Scripts/SphereController.cs" />
        <File uid="11" fullPath="C:/Users/Administrator/OneDrive/Documents/GitHub/AAA/AGS_guitarALL_EPICS/ULTIMATE_GUITAR/Assets/Scripts/StorePlayedNote.cs" />
        <File uid="12" fullPath="C:/Users/Administrator/OneDrive/Documents/GitHub/AAA/AGS_guitarALL_EPICS/ULTIMATE_GUITAR/Assets/Scripts/StringClickHandler.cs" />
      </Files>
      <Classes>
        <Class>
          <Summary numSequencePoints="109" visitedSequencePoints="98" numBranchPoints="0" visitedBranchPoints="0" sequenceCoverage="89.91" branchCoverage="0.0" maxCyclomaticComplexity="0" minCyclomaticComplexity="0" maxCrapScore="0" minCrapScore="0" visitedClasses="1" numClasses="1" visitedMethods="9" numMethods="9" />
          <FullName>AudioAnalyzer</FullName>
          <Methods>
            <Method visited="true" cyclomaticComplexity="0" nPathComplexity="0" sequenceCoverage="100.0" branchCoverage="0" crapScore="0" isConstructor="false" isStatic="true" isGetter="false" isSetter="false">
              <Summary numSequencePoints="11" visitedSequencePoints="11" numBranchPoints="0" visitedBranchPoints="0" sequenceCoverage="100.0" branchCoverage="0" maxCyclomaticComplexity="0" minCyclomaticComplexity="0" maxCrapScore="0" minCrapScore="0" visitedClasses="0" numClasses="0" visitedMethods="1" numMethods="1" />
              <MetadataToken>100663297</MetadataToken>
              <Name>static System.String AudioAnalyzer::Interpret(System.Single[], System.Int32)</Name>
              <FileRef uid="1" />
              <SequencePoints>
                <SequencePoint vc="11" uspid="1630" ordinal="0" offset="0" sl="69" sc="5" el="69" ec="5" bec="0" bev="0" fileid="1" />
                <SequencePoint vc="11" uspid="1631" ordinal="0" offset="1" sl="70" sc="9" el="70" ec="9" bec="0" bev="0" fileid="1" />
                <SequencePoint vc="11" uspid="1632" ordinal="0" offset="16" sl="71" sc="9" el="71" ec="9" bec="0" bev="0" fileid="1" />
                <SequencePoint vc="11" uspid="1633" ordinal="0" offset="23" sl="72" sc="9" el="72" ec="9" bec="0" bev="0" fileid="1" />
                <SequencePoint vc="11" uspid="1634" ordinal="0" offset="30" sl="73" sc="9" el="73" ec="9" bec="0" bev="0" fileid="1" />
                <SequencePoint vc="11" uspid="1635" ordinal="0" offset="38" sl="75" sc="9" el="75" ec="9" bec="0" bev="0" fileid="1" />
                <SequencePoint vc="11" uspid="1636" ordinal="0" offset="45" sl="76" sc="9" el="76" ec="9" bec="0" bev="0" fileid="1" />
                <SequencePoint vc="11" uspid="1637" ordinal="0" offset="53" sl="77" sc="9" el="77" ec="9" bec="0" bev="0" fileid="1" />
                <SequencePoint vc="11" uspid="1638" ordinal="0" offset="62" sl="81" sc="9" el="81" ec="9" bec="0" bev="0" fileid="1" />
                <SequencePoint vc="11" uspid="1639" ordinal="0" offset="80" sl="83" sc="9" el="83" ec="9" bec="0" bev="0" fileid="1" />
                <SequencePoint vc="11" uspid="1640" ordinal="0" offset="86" sl="84" sc="5" el="84" ec="5" bec="0" bev="0" fileid="1" />
              </SequencePoints>
              <BranchPoints />
            </Method>
            <Method visited="true" cyclomaticComplexity="0" nPathComplexity="0" sequenceCoverage="100.0" branchCoverage="0" crapScore="0" isConstructor="false" isStatic="true" isGetter="false" isSetter="false">
              <Summary numSequencePoints="10" visitedSequencePoints="10" numBranchPoints="0" visitedBranchPoints="0" sequenceCoverage="100.0" branchCoverage="0" maxCyclomaticComplexity="0" minCyclomaticComplexity="0" maxCrapScore="0" minCrapScore="0" visitedClasses="0" numClasses="0" visitedMethods="1" numMethods="1" />
              <MetadataToken>100663298</MetadataToken>
              <Name>static System.Single AudioAnalyzer::Rxx(System.Int32, System.Single, System.Single[])</Name>
              <FileRef uid="1" />
              <SequencePoints>
                <SequencePoint vc="45056" uspid="1641" ordinal="0" offset="0" sl="88" sc="5" el="88" ec="5" bec="0" bev="0" fileid="1" />
                <SequencePoint vc="45056" uspid="1642" ordinal="0" offset="1" sl="89" sc="9" el="89" ec="9" bec="0" bev="0" fileid="1" />
                <SequencePoint vc="45056" uspid="1643" ordinal="0" offset="7" sl="90" sc="14" el="90" ec="14" bec="0" bev="0" fileid="1" />
                <SequencePoint vc="92297216" uspid="1644" ordinal="0" offset="11" sl="91" sc="9" el="91" ec="9" bec="0" bev="0" fileid="1" />
                <SequencePoint vc="92297216" uspid="1645" ordinal="0" offset="12" sl="92" sc="13" el="92" ec="13" bec="0" bev="0" fileid="1" />
                <SequencePoint vc="92297216" uspid="1646" ordinal="0" offset="24" sl="93" sc="9" el="93" ec="9" bec="0" bev="0" fileid="1" />
                <SequencePoint vc="92297216" uspid="1647" ordinal="0" offset="25" sl="90" sc="41" el="90" ec="41" bec="0" bev="0" fileid="1" />
                <SequencePoint vc="92342272" uspid="1648" ordinal="0" offset="29" sl="90" sc="25" el="90" ec="25" bec="0" bev="0" fileid="1" />
                <SequencePoint vc="45056" uspid="1649" ordinal="0" offset="50" sl="94" sc="9" el="94" ec="9" bec="0" bev="0" fileid="1" />
                <SequencePoint vc="45056" uspid="1650" ordinal="0" offset="54" sl="95" sc="5" el="95" ec="5" bec="0" bev="0" fileid="1" />
              </SequencePoints>
              <BranchPoints />
            </Method>
            <Method visited="true" cyclomaticComplexity="0" nPathComplexity="0" sequenceCoverage="100.0" branchCoverage="0" crapScore="0" isConstructor="false" isStatic="true" isGetter="false" isSetter="false">
              <Summary numSequencePoints="9" visitedSequencePoints="9" numBranchPoints="0" visitedBranchPoints="0" sequenceCoverage="100.0" branchCoverage="0" maxCyclomaticComplexity="0" minCyclomaticComplexity="0" maxCrapScore="0" minCrapScore="0" visitedClasses="0" numClasses="0" visitedMethods="1" numMethods="1" />
              <MetadataToken>100663299</MetadataToken>
              <Name>static System.Single[] AudioAnalyzer::AutocorrelationWithShiftingLag(System.Single[])</Name>
              <FileRef uid="1" />
              <SequencePoints>
                <SequencePoint vc="11" uspid="1651" ordinal="0" offset="0" sl="98" sc="5" el="98" ec="5" bec="0" bev="0" fileid="1" />
                <SequencePoint vc="11" uspid="1652" ordinal="0" offset="1" sl="99" sc="14" el="99" ec="14" bec="0" bev="0" fileid="1" />
                <SequencePoint vc="45056" uspid="1653" ordinal="0" offset="5" sl="100" sc="9" el="100" ec="9" bec="0" bev="0" fileid="1" />
                <SequencePoint vc="45056" uspid="1654" ordinal="0" offset="6" sl="101" sc="13" el="101" ec="13" bec="0" bev="0" fileid="1" />
                <SequencePoint vc="45056" uspid="1655" ordinal="0" offset="24" sl="102" sc="9" el="102" ec="9" bec="0" bev="0" fileid="1" />
                <SequencePoint vc="45056" uspid="1656" ordinal="0" offset="25" sl="99" sc="49" el="99" ec="49" bec="0" bev="0" fileid="1" />
                <SequencePoint vc="45067" uspid="1657" ordinal="0" offset="29" sl="99" sc="27" el="99" ec="27" bec="0" bev="0" fileid="1" />
                <SequencePoint vc="11" uspid="1658" ordinal="0" offset="39" sl="103" sc="9" el="103" ec="9" bec="0" bev="0" fileid="1" />
                <SequencePoint vc="11" uspid="1659" ordinal="0" offset="47" sl="104" sc="5" el="104" ec="5" bec="0" bev="0" fileid="1" />
              </SequencePoints>
              <BranchPoints />
            </Method>
            <Method visited="true" cyclomaticComplexity="0" nPathComplexity="0" sequenceCoverage="100.0" branchCoverage="0" crapScore="0" isConstructor="false" isStatic="true" isGetter="false" isSetter="false">
              <Summary numSequencePoints="4" visitedSequencePoints="4" numBranchPoints="0" visitedBranchPoints="0" sequenceCoverage="100.0" branchCoverage="0" maxCyclomaticComplexity="0" minCyclomaticComplexity="0" maxCrapScore="0" minCrapScore="0" visitedClasses="0" numClasses="0" visitedMethods="1" numMethods="1" />
              <MetadataToken>100663300</MetadataToken>
              <Name>static System.Single[] AudioAnalyzer::MaxAbsoluteScaling(System.Single[])</Name>
              <FileRef uid="1" />
              <SequencePoints>
                <SequencePoint vc="11" uspid="1660" ordinal="0" offset="6" sl="107" sc="5" el="107" ec="5" bec="0" bev="0" fileid="1" />
                <SequencePoint vc="11" uspid="1661" ordinal="0" offset="7" sl="108" sc="9" el="108" ec="9" bec="0" bev="0" fileid="1" />
                <SequencePoint vc="11" uspid="1662" ordinal="0" offset="24" sl="109" sc="9" el="109" ec="9" bec="0" bev="0" fileid="1" />
                <SequencePoint vc="11" uspid="1663" ordinal="0" offset="50" sl="110" sc="5" el="110" ec="5" bec="0" bev="0" fileid="1" />
              </SequencePoints>
              <BranchPoints />
            </Method>
            <Method visited="true" cyclomaticComplexity="0" nPathComplexity="0" sequenceCoverage="100.0" branchCoverage="0" crapScore="0" isConstructor="false" isStatic="true" isGetter="false" isSetter="false">
              <Summary numSequencePoints="28" visitedSequencePoints="28" numBranchPoints="0" visitedBranchPoints="0" sequenceCoverage="100.0" branchCoverage="0" maxCyclomaticComplexity="0" minCyclomaticComplexity="0" maxCrapScore="0" minCrapScore="0" visitedClasses="0" numClasses="0" visitedMethods="1" numMethods="1" />
              <MetadataToken>100663301</MetadataToken>
              <Name>static System.Single AudioAnalyzer::GetFreq(System.Single[], System.Int32)</Name>
              <FileRef uid="1" />
              <SequencePoints>
                <SequencePoint vc="11" uspid="1664" ordinal="0" offset="0" sl="114" sc="5" el="114" ec="5" bec="0" bev="0" fileid="1" />
                <SequencePoint vc="11" uspid="1665" ordinal="0" offset="1" sl="115" sc="9" el="115" ec="9" bec="0" bev="0" fileid="1" />
                <SequencePoint vc="11" uspid="1666" ordinal="0" offset="7" sl="116" sc="9" el="116" ec="9" bec="0" bev="0" fileid="1" />
                <SequencePoint vc="11" uspid="1667" ordinal="0" offset="9" sl="117" sc="9" el="117" ec="9" bec="0" bev="0" fileid="1" />
                <SequencePoint vc="11" uspid="1668" ordinal="0" offset="11" sl="118" sc="9" el="118" ec="9" bec="0" bev="0" fileid="1" />
                <SequencePoint vc="11" uspid="1669" ordinal="0" offset="21" sl="120" sc="14" el="120" ec="14" bec="0" bev="0" fileid="1" />
                <SequencePoint vc="45056" uspid="1670" ordinal="0" offset="26" sl="121" sc="9" el="121" ec="9" bec="0" bev="0" fileid="1" />
                <SequencePoint vc="45056" uspid="1671" ordinal="0" offset="27" sl="122" sc="13" el="122" ec="13" bec="0" bev="0" fileid="1" />
                <SequencePoint vc="45056" uspid="1672" ordinal="0" offset="30" sl="123" sc="13" el="123" ec="13" bec="0" bev="0" fileid="1" />
                <SequencePoint vc="45056" uspid="1673" ordinal="0" offset="35" sl="124" sc="13" el="124" ec="13" bec="0" bev="0" fileid="1" />
                <SequencePoint vc="11" uspid="1674" ordinal="0" offset="62" sl="125" sc="13" el="125" ec="13" bec="0" bev="0" fileid="1" />
                <SequencePoint vc="11" uspid="1675" ordinal="0" offset="63" sl="126" sc="17" el="126" ec="17" bec="0" bev="0" fileid="1" />
                <SequencePoint vc="11" uspid="1676" ordinal="0" offset="66" sl="127" sc="17" el="127" ec="17" bec="0" bev="0" fileid="1" />
                <SequencePoint vc="11" uspid="1677" ordinal="0" offset="68" sl="128" sc="13" el="128" ec="13" bec="0" bev="0" fileid="1" />
                <SequencePoint vc="45056" uspid="1678" ordinal="0" offset="69" sl="129" sc="13" el="129" ec="13" bec="0" bev="0" fileid="1" />
                <SequencePoint vc="11" uspid="1679" ordinal="0" offset="97" sl="130" sc="13" el="130" ec="13" bec="0" bev="0" fileid="1" />
                <SequencePoint vc="11" uspid="1680" ordinal="0" offset="98" sl="131" sc="17" el="131" ec="17" bec="0" bev="0" fileid="1" />
                <SequencePoint vc="11" uspid="1681" ordinal="0" offset="100" sl="132" sc="13" el="132" ec="13" bec="0" bev="0" fileid="1" />
                <SequencePoint vc="45056" uspid="1682" ordinal="0" offset="101" sl="133" sc="13" el="133" ec="13" bec="0" bev="0" fileid="1" />
                <SequencePoint vc="11" uspid="1683" ordinal="0" offset="112" sl="134" sc="13" el="134" ec="13" bec="0" bev="0" fileid="1" />
                <SequencePoint vc="11" uspid="1684" ordinal="0" offset="113" sl="135" sc="17" el="135" ec="17" bec="0" bev="0" fileid="1" />
                <SequencePoint vc="11" uspid="1685" ordinal="0" offset="115" sl="136" sc="13" el="136" ec="13" bec="0" bev="0" fileid="1" />
                <SequencePoint vc="45056" uspid="1686" ordinal="0" offset="116" sl="137" sc="9" el="137" ec="9" bec="0" bev="0" fileid="1" />
                <SequencePoint vc="45056" uspid="1687" ordinal="0" offset="117" sl="120" sc="53" el="120" ec="53" bec="0" bev="0" fileid="1" />
                <SequencePoint vc="45067" uspid="1688" ordinal="0" offset="123" sl="120" sc="25" el="120" ec="25" bec="0" bev="0" fileid="1" />
                <SequencePoint vc="11" uspid="1689" ordinal="0" offset="136" sl="138" sc="9" el="138" ec="9" bec="0" bev="0" fileid="1" />
                <SequencePoint vc="11" uspid="1690" ordinal="0" offset="143" sl="139" sc="9" el="139" ec="9" bec="0" bev="0" fileid="1" />
                <SequencePoint vc="11" uspid="1691" ordinal="0" offset="149" sl="140" sc="5" el="140" ec="5" bec="0" bev="0" fileid="1" />
              </SequencePoints>
              <BranchPoints />
            </Method>
            <Method visited="true" cyclomaticComplexity="0" nPathComplexity="0" sequenceCoverage="75.00" branchCoverage="0" crapScore="0" isConstructor="false" isStatic="true" isGetter="false" isSetter="false">
              <Summary numSequencePoints="12" visitedSequencePoints="9" numBranchPoints="0" visitedBranchPoints="0" sequenceCoverage="75.00" branchCoverage="0" maxCyclomaticComplexity="0" minCyclomaticComplexity="0" maxCrapScore="0" minCrapScore="0" visitedClasses="0" numClasses="0" visitedMethods="1" numMethods="1" />
              <MetadataToken>100663302</MetadataToken>
              <Name>static System.Single AudioAnalyzer::GetFundamentalFrequency(System.Single)</Name>
              <FileRef uid="1" />
              <SequencePoints>
                <SequencePoint vc="11" uspid="1692" ordinal="0" offset="0" sl="143" sc="5" el="143" ec="5" bec="0" bev="0" fileid="1" />
                <SequencePoint vc="11" uspid="1693" ordinal="0" offset="1" sl="144" sc="14" el="144" ec="14" bec="0" bev="0" fileid="1" />
                <SequencePoint vc="11" uspid="1694" ordinal="0" offset="5" sl="145" sc="9" el="145" ec="9" bec="0" bev="0" fileid="1" />
                <SequencePoint vc="11" uspid="1695" ordinal="0" offset="6" sl="146" sc="13" el="146" ec="13" bec="0" bev="0" fileid="1" />
                <SequencePoint vc="11" uspid="1696" ordinal="0" offset="11" sl="147" sc="13" el="147" ec="13" bec="0" bev="0" fileid="1" />
                <SequencePoint vc="11" uspid="1697" ordinal="0" offset="23" sl="148" sc="13" el="148" ec="13" bec="0" bev="0" fileid="1" />
                <SequencePoint vc="11" uspid="1698" ordinal="0" offset="24" sl="149" sc="17" el="149" ec="17" bec="0" bev="0" fileid="1" />
                <SequencePoint vc="0" uspid="1699" ordinal="0" offset="28" sl="151" sc="9" el="151" ec="9" bec="0" bev="0" fileid="1" />
                <SequencePoint vc="0" uspid="1700" ordinal="0" offset="29" sl="144" sc="33" el="144" ec="33" bec="0" bev="0" fileid="1" />
                <SequencePoint vc="11" uspid="1701" ordinal="0" offset="33" sl="144" sc="25" el="144" ec="25" bec="0" bev="0" fileid="1" />
                <SequencePoint vc="0" uspid="1702" ordinal="0" offset="46" sl="152" sc="9" el="152" ec="9" bec="0" bev="0" fileid="1" />
                <SequencePoint vc="11" uspid="1703" ordinal="0" offset="50" sl="153" sc="5" el="153" ec="5" bec="0" bev="0" fileid="1" />
              </SequencePoints>
              <BranchPoints />
            </Method>
            <Method visited="true" cyclomaticComplexity="0" nPathComplexity="0" sequenceCoverage="76.92" branchCoverage="0" crapScore="0" isConstructor="false" isStatic="true" isGetter="false" isSetter="false">
              <Summary numSequencePoints="26" visitedSequencePoints="20" numBranchPoints="0" visitedBranchPoints="0" sequenceCoverage="76.92" branchCoverage="0" maxCyclomaticComplexity="0" minCyclomaticComplexity="0" maxCrapScore="0" minCrapScore="0" visitedClasses="0" numClasses="0" visitedMethods="1" numMethods="1" />
              <MetadataToken>100663303</MetadataToken>
              <Name>static System.Single AudioAnalyzer::GetClosestNoteFrequency(System.Single)</Name>
              <FileRef uid="1" />
              <SequencePoints>
                <SequencePoint vc="11" uspid="1704" ordinal="0" offset="0" sl="156" sc="5" el="156" ec="5" bec="0" bev="0" fileid="1" />
                <SequencePoint vc="11" uspid="1705" ordinal="0" offset="1" sl="157" sc="9" el="157" ec="9" bec="0" bev="0" fileid="1" />
                <SequencePoint vc="0" uspid="1706" ordinal="0" offset="13" sl="158" sc="9" el="158" ec="9" bec="0" bev="0" fileid="1" />
                <SequencePoint vc="0" uspid="1707" ordinal="0" offset="14" sl="159" sc="13" el="159" ec="13" bec="0" bev="0" fileid="1" />
                <SequencePoint vc="11" uspid="1708" ordinal="0" offset="25" sl="161" sc="14" el="161" ec="14" bec="0" bev="0" fileid="1" />
                <SequencePoint vc="0" uspid="1709" ordinal="0" offset="38" sl="162" sc="9" el="162" ec="9" bec="0" bev="0" fileid="1" />
                <SequencePoint vc="0" uspid="1710" ordinal="0" offset="39" sl="163" sc="13" el="163" ec="13" bec="0" bev="0" fileid="1" />
                <SequencePoint vc="11" uspid="1711" ordinal="0" offset="47" sl="165" sc="14" el="165" ec="14" bec="0" bev="0" fileid="1" />
                <SequencePoint vc="0" uspid="1712" ordinal="0" offset="60" sl="166" sc="9" el="166" ec="9" bec="0" bev="0" fileid="1" />
                <SequencePoint vc="0" uspid="1713" ordinal="0" offset="61" sl="167" sc="13" el="167" ec="13" bec="0" bev="0" fileid="1" />
                <SequencePoint vc="11" uspid="1714" ordinal="0" offset="69" sl="169" sc="14" el="169" ec="14" bec="0" bev="0" fileid="1" />
                <SequencePoint vc="11" uspid="1715" ordinal="0" offset="70" sl="170" sc="13" el="170" ec="13" bec="0" bev="0" fileid="1" />
                <SequencePoint vc="11" uspid="1716" ordinal="0" offset="77" sl="171" sc="13" el="171" ec="13" bec="0" bev="0" fileid="1" />
                <SequencePoint vc="11" uspid="1717" ordinal="0" offset="84" sl="172" sc="18" el="172" ec="18" bec="0" bev="0" fileid="1" />
                <SequencePoint vc="550" uspid="1718" ordinal="0" offset="89" sl="173" sc="13" el="173" ec="13" bec="0" bev="0" fileid="1" />
                <SequencePoint vc="550" uspid="1719" ordinal="0" offset="90" sl="174" sc="17" el="174" ec="17" bec="0" bev="0" fileid="1" />
                <SequencePoint vc="550" uspid="1720" ordinal="0" offset="108" sl="176" sc="17" el="176" ec="17" bec="0" bev="0" fileid="1" />
                <SequencePoint vc="245" uspid="1721" ordinal="0" offset="120" sl="177" sc="17" el="177" ec="17" bec="0" bev="0" fileid="1" />
                <SequencePoint vc="245" uspid="1722" ordinal="0" offset="121" sl="178" sc="21" el="178" ec="21" bec="0" bev="0" fileid="1" />
                <SequencePoint vc="245" uspid="1723" ordinal="0" offset="125" sl="179" sc="21" el="179" ec="21" bec="0" bev="0" fileid="1" />
                <SequencePoint vc="245" uspid="1724" ordinal="0" offset="136" sl="180" sc="17" el="180" ec="17" bec="0" bev="0" fileid="1" />
                <SequencePoint vc="550" uspid="1725" ordinal="0" offset="137" sl="181" sc="13" el="181" ec="13" bec="0" bev="0" fileid="1" />
                <SequencePoint vc="550" uspid="1726" ordinal="0" offset="138" sl="172" sc="47" el="172" ec="47" bec="0" bev="0" fileid="1" />
                <SequencePoint vc="561" uspid="1727" ordinal="0" offset="144" sl="172" sc="29" el="172" ec="29" bec="0" bev="0" fileid="1" />
                <SequencePoint vc="11" uspid="1728" ordinal="0" offset="161" sl="182" sc="13" el="182" ec="13" bec="0" bev="0" fileid="1" />
                <SequencePoint vc="11" uspid="1729" ordinal="0" offset="166" sl="184" sc="5" el="184" ec="5" bec="0" bev="0" fileid="1" />
              </SequencePoints>
              <BranchPoints />
            </Method>
            <Method visited="true" cyclomaticComplexity="0" nPathComplexity="0" sequenceCoverage="71.43" branchCoverage="0" crapScore="0" isConstructor="false" isStatic="true" isGetter="false" isSetter="false">
              <Summary numSequencePoints="7" visitedSequencePoints="5" numBranchPoints="0" visitedBranchPoints="0" sequenceCoverage="71.43" branchCoverage="0" maxCyclomaticComplexity="0" minCyclomaticComplexity="0" maxCrapScore="0" minCrapScore="0" visitedClasses="0" numClasses="0" visitedMethods="1" numMethods="1" />
              <MetadataToken>100663304</MetadataToken>
              <Name>static System.String AudioAnalyzer::GetNoteLetter(System.Single)</Name>
              <FileRef uid="1" />
              <SequencePoints>
                <SequencePoint vc="11" uspid="1730" ordinal="0" offset="0" sl="186" sc="5" el="186" ec="5" bec="0" bev="0" fileid="1" />
                <SequencePoint vc="11" uspid="1731" ordinal="0" offset="1" sl="187" sc="9" el="187" ec="9" bec="0" bev="0" fileid="1" />
                <SequencePoint vc="11" uspid="1732" ordinal="0" offset="16" sl="188" sc="9" el="188" ec="9" bec="0" bev="0" fileid="1" />
                <SequencePoint vc="11" uspid="1733" ordinal="0" offset="17" sl="189" sc="13" el="189" ec="13" bec="0" bev="0" fileid="1" />
                <SequencePoint vc="0" uspid="1734" ordinal="0" offset="31" sl="192" sc="9" el="192" ec="9" bec="0" bev="0" fileid="1" />
                <SequencePoint vc="0" uspid="1735" ordinal="0" offset="32" sl="193" sc="13" el="193" ec="13" bec="0" bev="0" fileid="1" />
                <SequencePoint vc="11" uspid="1736" ordinal="0" offset="36" sl="195" sc="5" el="195" ec="5" bec="0" bev="0" fileid="1" />
              </SequencePoints>
              <BranchPoints />
            </Method>
            <Method visited="true" cyclomaticComplexity="0" nPathComplexity="0" sequenceCoverage="100.0" branchCoverage="0" crapScore="0" isConstructor="true" isStatic="true" isGetter="false" isSetter="false">
              <Summary numSequencePoints="2" visitedSequencePoints="2" numBranchPoints="0" visitedBranchPoints="0" sequenceCoverage="100.0" branchCoverage="0" maxCyclomaticComplexity="0" minCyclomaticComplexity="0" maxCrapScore="0" minCrapScore="0" visitedClasses="0" numClasses="0" visitedMethods="1" numMethods="1" />
              <MetadataToken>100663305</MetadataToken>
              <Name>static AudioAnalyzer::AudioAnalyzer()</Name>
              <FileRef uid="1" />
              <SequencePoints>
                <SequencePoint vc="1" uspid="1737" ordinal="0" offset="0" sl="12" sc="5" el="12" ec="5" bec="0" bev="0" fileid="1" />
                <SequencePoint vc="1" uspid="1738" ordinal="0" offset="860" sl="66" sc="5" el="66" ec="5" bec="0" bev="0" fileid="1" />
              </SequencePoints>
              <BranchPoints />
            </Method>
          </Methods>
        </Class>
        <Class>
          <Summary numSequencePoints="12" visitedSequencePoints="12" numBranchPoints="0" visitedBranchPoints="0" sequenceCoverage="100.0" branchCoverage="0.0" maxCyclomaticComplexity="0" minCyclomaticComplexity="0" maxCrapScore="0" minCrapScore="0" visitedClasses="1" numClasses="1" visitedMethods="1" numMethods="1" />
          <FullName>ButtonScript</FullName>
          <Methods>
            <Method visited="true" cyclomaticComplexity="0" nPathComplexity="0" sequenceCoverage="100.0" branchCoverage="0" crapScore="0" isConstructor="false" isStatic="false" isGetter="false" isSetter="false">
              <Summary numSequencePoints="12" visitedSequencePoints="12" numBranchPoints="0" visitedBranchPoints="0" sequenceCoverage="100.0" branchCoverage="0" maxCyclomaticComplexity="0" minCyclomaticComplexity="0" maxCrapScore="0" minCrapScore="0" visitedClasses="0" numClasses="0" visitedMethods="1" numMethods="1" />
              <MetadataToken>100663306</MetadataToken>
              <Name>System.Void ButtonScript::Start()</Name>
              <FileRef uid="2" />
              <SequencePoints>
                <SequencePoint vc="11" uspid="1739" ordinal="0" offset="0" sl="21" sc="5" el="21" ec="5" bec="0" bev="0" fileid="2" />
                <SequencePoint vc="11" uspid="1740" ordinal="0" offset="1" sl="22" sc="9" el="22" ec="9" bec="0" bev="0" fileid="2" />
                <SequencePoint vc="11" uspid="1741" ordinal="0" offset="8" sl="23" sc="9" el="23" ec="9" bec="0" bev="0" fileid="2" />
                <SequencePoint vc="11" uspid="1742" ordinal="0" offset="15" sl="24" sc="9" el="24" ec="9" bec="0" bev="0" fileid="2" />
                <SequencePoint vc="11" uspid="1743" ordinal="0" offset="22" sl="25" sc="9" el="25" ec="9" bec="0" bev="0" fileid="2" />
                <SequencePoint vc="11" uspid="1744" ordinal="0" offset="29" sl="26" sc="9" el="26" ec="9" bec="0" bev="0" fileid="2" />
                <SequencePoint vc="11" uspid="1745" ordinal="0" offset="36" sl="27" sc="9" el="27" ec="9" bec="0" bev="0" fileid="2" />
                <SequencePoint vc="11" uspid="1746" ordinal="0" offset="43" sl="28" sc="9" el="28" ec="9" bec="0" bev="0" fileid="2" />
                <SequencePoint vc="11" uspid="1747" ordinal="0" offset="54" sl="29" sc="9" el="29" ec="9" bec="0" bev="0" fileid="2" />
                <SequencePoint vc="11" uspid="1748" ordinal="0" offset="61" sl="30" sc="9" el="30" ec="9" bec="0" bev="0" fileid="2" />
                <SequencePoint vc="11" uspid="1749" ordinal="0" offset="74" sl="31" sc="9" el="31" ec="9" bec="0" bev="0" fileid="2" />
                <SequencePoint vc="11" uspid="1750" ordinal="0" offset="86" sl="32" sc="5" el="32" ec="5" bec="0" bev="0" fileid="2" />
              </SequencePoints>
              <BranchPoints />
            </Method>
          </Methods>
        </Class>
        <Class>
          <Summary numSequencePoints="14" visitedSequencePoints="0" numBranchPoints="0" visitedBranchPoints="0" sequenceCoverage="0.0" branchCoverage="0.0" maxCyclomaticComplexity="0" minCyclomaticComplexity="0" maxCrapScore="0" minCrapScore="0" visitedClasses="0" numClasses="1" visitedMethods="0" numMethods="2" />
          <FullName>FileHandler</FullName>
          <Methods>
            <Method visited="false" cyclomaticComplexity="0" nPathComplexity="0" sequenceCoverage="0.0" branchCoverage="0" crapScore="0" isConstructor="false" isStatic="true" isGetter="false" isSetter="false">
              <Summary numSequencePoints="6" visitedSequencePoints="0" numBranchPoints="0" visitedBranchPoints="0" sequenceCoverage="0.0" branchCoverage="0" maxCyclomaticComplexity="0" minCyclomaticComplexity="0" maxCrapScore="0" minCrapScore="0" visitedClasses="0" numClasses="0" visitedMethods="0" numMethods="1" />
              <MetadataToken>100663320</MetadataToken>
              <Name>static System.Void FileHandler::SaveToJSON[T](System.Collections.Generic.List[T], System.String)</Name>
              <FileRef uid="4" />
              <SequencePoints>
                <SequencePoint vc="0" uspid="1855" ordinal="0" offset="0" sl="10" sc="0" el="10" ec="0" bec="0" bev="0" fileid="4" />
                <SequencePoint vc="0" uspid="1856" ordinal="0" offset="1" sl="11" sc="0" el="11" ec="0" bec="0" bev="0" fileid="4" />
                <SequencePoint vc="0" uspid="1857" ordinal="0" offset="13" sl="12" sc="0" el="12" ec="0" bec="0" bev="0" fileid="4" />
                <SequencePoint vc="0" uspid="1858" ordinal="0" offset="25" sl="13" sc="0" el="13" ec="0" bec="0" bev="0" fileid="4" />
                <SequencePoint vc="0" uspid="1859" ordinal="0" offset="42" sl="14" sc="0" el="14" ec="0" bec="0" bev="0" fileid="4" />
                <SequencePoint vc="0" uspid="1860" ordinal="0" offset="55" sl="15" sc="0" el="15" ec="0" bec="0" bev="0" fileid="4" />
              </SequencePoints>
              <BranchPoints />
            </Method>
            <Method visited="false" cyclomaticComplexity="0" nPathComplexity="0" sequenceCoverage="0.0" branchCoverage="0" crapScore="0" isConstructor="false" isStatic="true" isGetter="false" isSetter="false">
              <Summary numSequencePoints="8" visitedSequencePoints="0" numBranchPoints="0" visitedBranchPoints="0" sequenceCoverage="0.0" branchCoverage="0" maxCyclomaticComplexity="0" minCyclomaticComplexity="0" maxCrapScore="0" minCrapScore="0" visitedClasses="0" numClasses="0" visitedMethods="0" numMethods="1" />
              <MetadataToken>100663321</MetadataToken>
              <Name>static System.Collections.Generic.List[T] FileHandler::ReadFromJSON[T](System.String)</Name>
              <FileRef uid="4" />
              <SequencePoints>
                <SequencePoint vc="0" uspid="1861" ordinal="0" offset="0" sl="18" sc="0" el="18" ec="0" bec="0" bev="0" fileid="4" />
                <SequencePoint vc="0" uspid="1862" ordinal="0" offset="1" sl="19" sc="0" el="19" ec="0" bec="0" bev="0" fileid="4" />
                <SequencePoint vc="0" uspid="1863" ordinal="0" offset="13" sl="21" sc="0" el="21" ec="0" bec="0" bev="0" fileid="4" />
                <SequencePoint vc="0" uspid="1864" ordinal="0" offset="39" sl="22" sc="0" el="22" ec="0" bec="0" bev="0" fileid="4" />
                <SequencePoint vc="0" uspid="1865" ordinal="0" offset="40" sl="23" sc="0" el="23" ec="0" bec="0" bev="0" fileid="4" />
                <SequencePoint vc="0" uspid="1866" ordinal="0" offset="48" sl="26" sc="0" el="26" ec="0" bec="0" bev="0" fileid="4" />
                <SequencePoint vc="0" uspid="1867" ordinal="0" offset="60" sl="27" sc="0" el="27" ec="0" bec="0" bev="0" fileid="4" />
                <SequencePoint vc="0" uspid="1868" ordinal="0" offset="64" sl="28" sc="0" el="28" ec="0" bec="0" bev="0" fileid="4" />
              </SequencePoints>
              <BranchPoints />
            </Method>
          </Methods>
        </Class>
        <Class>
          <Summary numSequencePoints="9" visitedSequencePoints="0" numBranchPoints="0" visitedBranchPoints="0" sequenceCoverage="0.0" branchCoverage="0.0" maxCyclomaticComplexity="0" minCyclomaticComplexity="0" maxCrapScore="0" minCrapScore="0" visitedClasses="0" numClasses="1" visitedMethods="0" numMethods="2" />
          <FullName>JsonHelper</FullName>
          <Methods>
            <Method visited="false" cyclomaticComplexity="0" nPathComplexity="0" sequenceCoverage="0.0" branchCoverage="0" crapScore="0" isConstructor="false" isStatic="true" isGetter="false" isSetter="false">
              <Summary numSequencePoints="4" visitedSequencePoints="0" numBranchPoints="0" visitedBranchPoints="0" sequenceCoverage="0.0" branchCoverage="0" maxCyclomaticComplexity="0" minCyclomaticComplexity="0" maxCrapScore="0" minCrapScore="0" visitedClasses="0" numClasses="0" visitedMethods="0" numMethods="1" />
              <MetadataToken>100663325</MetadataToken>
              <Name>static JsonHelper::FromJson[T](System.String)</Name>
              <FileRef uid="4" />
              <SequencePoints>
                <SequencePoint vc="0" uspid="1888" ordinal="0" offset="0" sl="61" sc="0" el="61" ec="0" bec="0" bev="0" fileid="4" />
                <SequencePoint vc="0" uspid="1889" ordinal="0" offset="1" sl="62" sc="0" el="62" ec="0" bec="0" bev="0" fileid="4" />
                <SequencePoint vc="0" uspid="1890" ordinal="0" offset="8" sl="63" sc="0" el="63" ec="0" bec="0" bev="0" fileid="4" />
                <SequencePoint vc="0" uspid="1891" ordinal="0" offset="17" sl="64" sc="0" el="64" ec="0" bec="0" bev="0" fileid="4" />
              </SequencePoints>
              <BranchPoints />
            </Method>
            <Method visited="false" cyclomaticComplexity="0" nPathComplexity="0" sequenceCoverage="0.0" branchCoverage="0" crapScore="0" isConstructor="false" isStatic="true" isGetter="false" isSetter="false">
              <Summary numSequencePoints="5" visitedSequencePoints="0" numBranchPoints="0" visitedBranchPoints="0" sequenceCoverage="0.0" branchCoverage="0" maxCyclomaticComplexity="0" minCyclomaticComplexity="0" maxCrapScore="0" minCrapScore="0" visitedClasses="0" numClasses="0" visitedMethods="0" numMethods="1" />
              <MetadataToken>100663326</MetadataToken>
              <Name>static System.String JsonHelper::ToJson[T]()</Name>
              <FileRef uid="4" />
              <SequencePoints>
                <SequencePoint vc="0" uspid="1892" ordinal="0" offset="0" sl="66" sc="0" el="66" ec="0" bec="0" bev="0" fileid="4" />
                <SequencePoint vc="0" uspid="1893" ordinal="0" offset="1" sl="67" sc="0" el="67" ec="0" bec="0" bev="0" fileid="4" />
                <SequencePoint vc="0" uspid="1894" ordinal="0" offset="7" sl="68" sc="0" el="68" ec="0" bec="0" bev="0" fileid="4" />
                <SequencePoint vc="0" uspid="1895" ordinal="0" offset="14" sl="69" sc="0" el="69" ec="0" bec="0" bev="0" fileid="4" />
                <SequencePoint vc="0" uspid="1896" ordinal="0" offset="23" sl="70" sc="0" el="70" ec="0" bec="0" bev="0" fileid="4" />
              </SequencePoints>
              <BranchPoints />
            </Method>
          </Methods>
        </Class>
        <Class>
          <Summary numSequencePoints="7" visitedSequencePoints="7" numBranchPoints="0" visitedBranchPoints="0" sequenceCoverage="100.0" branchCoverage="0.0" maxCyclomaticComplexity="0" minCyclomaticComplexity="0" maxCrapScore="0" minCrapScore="0" visitedClasses="1" numClasses="1" visitedMethods="2" numMethods="2" />
          <FullName>FretNum</FullName>
          <Methods>
            <Method visited="true" cyclomaticComplexity="0" nPathComplexity="0" sequenceCoverage="100.0" branchCoverage="0" crapScore="0" isConstructor="false" isStatic="false" isGetter="false" isSetter="false">
              <Summary numSequencePoints="4" visitedSequencePoints="4" numBranchPoints="0" visitedBranchPoints="0" sequenceCoverage="100.0" branchCoverage="0" maxCyclomaticComplexity="0" minCyclomaticComplexity="0" maxCrapScore="0" minCrapScore="0" visitedClasses="0" numClasses="0" visitedMethods="1" numMethods="1" />
              <MetadataToken>100663327</MetadataToken>
              <Name>System.Void FretNum::Start()</Name>
              <FileRef uid="5" />
              <SequencePoints>
                <SequencePoint vc="6" uspid="1897" ordinal="0" offset="0" sl="14" sc="5" el="14" ec="5" bec="0" bev="0" fileid="5" />
                <SequencePoint vc="6" uspid="1898" ordinal="0" offset="1" sl="15" sc="9" el="15" ec="9" bec="0" bev="0" fileid="5" />
                <SequencePoint vc="6" uspid="1899" ordinal="0" offset="13" sl="16" sc="9" el="16" ec="9" bec="0" bev="0" fileid="5" />
                <SequencePoint vc="6" uspid="1900" ordinal="0" offset="35" sl="17" sc="5" el="17" ec="5" bec="0" bev="0" fileid="5" />
              </SequencePoints>
              <BranchPoints />
            </Method>
            <Method visited="true" cyclomaticComplexity="0" nPathComplexity="0" sequenceCoverage="100.0" branchCoverage="0" crapScore="0" isConstructor="false" isStatic="false" isGetter="false" isSetter="false">
              <Summary numSequencePoints="3" visitedSequencePoints="3" numBranchPoints="0" visitedBranchPoints="0" sequenceCoverage="100.0" branchCoverage="0" maxCyclomaticComplexity="0" minCyclomaticComplexity="0" maxCrapScore="0" minCrapScore="0" visitedClasses="0" numClasses="0" visitedMethods="1" numMethods="1" />
              <MetadataToken>100663328</MetadataToken>
              <Name>System.Int32 FretNum::Return_Fret_Num()</Name>
              <FileRef uid="5" />
              <SequencePoints>
                <SequencePoint vc="3" uspid="1901" ordinal="0" offset="0" sl="19" sc="5" el="19" ec="5" bec="0" bev="0" fileid="5" />
                <SequencePoint vc="3" uspid="1902" ordinal="0" offset="1" sl="20" sc="9" el="20" ec="9" bec="0" bev="0" fileid="5" />
                <SequencePoint vc="3" uspid="1903" ordinal="0" offset="10" sl="21" sc="5" el="21" ec="5" bec="0" bev="0" fileid="5" />
              </SequencePoints>
              <BranchPoints />
            </Method>
          </Methods>
        </Class>
        <Class>
          <Summary numSequencePoints="60" visitedSequencePoints="52" numBranchPoints="0" visitedBranchPoints="0" sequenceCoverage="86.67" branchCoverage="0.0" maxCyclomaticComplexity="0" minCyclomaticComplexity="0" maxCrapScore="0" minCrapScore="0" visitedClasses="1" numClasses="1" visitedMethods="4" numMethods="4" />
          <FullName>GuitarSoundManager</FullName>
          <Methods>
            <Method visited="true" cyclomaticComplexity="0" nPathComplexity="0" sequenceCoverage="100.0" branchCoverage="0" crapScore="0" isConstructor="false" isStatic="false" isGetter="false" isSetter="false">
              <Summary numSequencePoints="15" visitedSequencePoints="15" numBranchPoints="0" visitedBranchPoints="0" sequenceCoverage="100.0" branchCoverage="0" maxCyclomaticComplexity="0" minCyclomaticComplexity="0" maxCrapScore="0" minCrapScore="0" visitedClasses="0" numClasses="0" visitedMethods="1" numMethods="1" />
              <MetadataToken>100663330</MetadataToken>
              <Name>System.Void GuitarSoundManager::Start()</Name>
              <FileRef uid="6" />
              <SequencePoints>
                <SequencePoint vc="22" uspid="1904" ordinal="0" offset="0" sl="34" sc="5" el="34" ec="5" bec="0" bev="0" fileid="6" />
                <SequencePoint vc="22" uspid="1905" ordinal="0" offset="1" sl="36" sc="9" el="36" ec="9" bec="0" bev="0" fileid="6" />
                <SequencePoint vc="22" uspid="1906" ordinal="0" offset="14" sl="37" sc="14" el="37" ec="14" bec="0" bev="0" fileid="6" />
                <SequencePoint vc="528" uspid="1907" ordinal="0" offset="18" sl="38" sc="9" el="38" ec="9" bec="0" bev="0" fileid="6" />
                <SequencePoint vc="528" uspid="1908" ordinal="0" offset="19" sl="39" sc="13" el="39" ec="13" bec="0" bev="0" fileid="6" />
                <SequencePoint vc="528" uspid="1909" ordinal="0" offset="45" sl="40" sc="9" el="40" ec="9" bec="0" bev="0" fileid="6" />
                <SequencePoint vc="528" uspid="1910" ordinal="0" offset="46" sl="37" sc="33" el="37" ec="33" bec="0" bev="0" fileid="6" />
                <SequencePoint vc="550" uspid="1911" ordinal="0" offset="50" sl="37" sc="25" el="37" ec="25" bec="0" bev="0" fileid="6" />
                <SequencePoint vc="22" uspid="1912" ordinal="0" offset="59" sl="42" sc="9" el="42" ec="9" bec="0" bev="0" fileid="6" />
                <SequencePoint vc="22" uspid="1913" ordinal="0" offset="71" sl="44" sc="9" el="44" ec="9" bec="0" bev="0" fileid="6" />
                <SequencePoint vc="22" uspid="1914" ordinal="0" offset="82" sl="45" sc="9" el="45" ec="9" bec="0" bev="0" fileid="6" />
                <SequencePoint vc="22" uspid="1915" ordinal="0" offset="93" sl="46" sc="9" el="46" ec="9" bec="0" bev="0" fileid="6" />
                <SequencePoint vc="22" uspid="1916" ordinal="0" offset="110" sl="49" sc="9" el="49" ec="9" bec="0" bev="0" fileid="6" />
                <SequencePoint vc="22" uspid="1917" ordinal="0" offset="128" sl="50" sc="9" el="50" ec="9" bec="0" bev="0" fileid="6" />
                <SequencePoint vc="22" uspid="1918" ordinal="0" offset="135" sl="51" sc="5" el="51" ec="5" bec="0" bev="0" fileid="6" />
              </SequencePoints>
              <BranchPoints />
            </Method>
            <Method visited="true" cyclomaticComplexity="0" nPathComplexity="0" sequenceCoverage="75.86" branchCoverage="0" crapScore="0" isConstructor="false" isStatic="false" isGetter="false" isSetter="false">
              <Summary numSequencePoints="29" visitedSequencePoints="22" numBranchPoints="0" visitedBranchPoints="0" sequenceCoverage="75.86" branchCoverage="0" maxCyclomaticComplexity="0" minCyclomaticComplexity="0" maxCrapScore="0" minCrapScore="0" visitedClasses="0" numClasses="0" visitedMethods="1" numMethods="1" />
              <MetadataToken>100663331</MetadataToken>
              <Name>System.Void GuitarSoundManager::PlayFretSound(System.Int32, System.Int32)</Name>
              <FileRef uid="6" />
              <SequencePoints>
                <SequencePoint vc="11" uspid="1919" ordinal="0" offset="0" sl="54" sc="5" el="54" ec="5" bec="0" bev="0" fileid="6" />
                <SequencePoint vc="11" uspid="1920" ordinal="0" offset="1" sl="55" sc="9" el="55" ec="9" bec="0" bev="0" fileid="6" />
                <SequencePoint vc="11" uspid="1921" ordinal="0" offset="15" sl="56" sc="9" el="56" ec="9" bec="0" bev="0" fileid="6" />
                <SequencePoint vc="11" uspid="1922" ordinal="0" offset="33" sl="57" sc="9" el="57" ec="9" bec="0" bev="0" fileid="6" />
                <SequencePoint vc="11" uspid="1923" ordinal="0" offset="52" sl="58" sc="9" el="58" ec="9" bec="0" bev="0" fileid="6" />
                <SequencePoint vc="11" uspid="1924" ordinal="0" offset="53" sl="59" sc="13" el="59" ec="13" bec="0" bev="0" fileid="6" />
                <SequencePoint vc="11" uspid="1925" ordinal="0" offset="66" sl="60" sc="13" el="60" ec="13" bec="0" bev="0" fileid="6" />
                <SequencePoint vc="0" uspid="1926" ordinal="0" offset="79" sl="61" sc="13" el="61" ec="13" bec="0" bev="0" fileid="6" />
                <SequencePoint vc="0" uspid="1927" ordinal="0" offset="80" sl="62" sc="13" el="62" ec="13" bec="0" bev="0" fileid="6" />
                <SequencePoint vc="0" uspid="1928" ordinal="0" offset="92" sl="63" sc="13" el="63" ec="13" bec="0" bev="0" fileid="6" />
                <SequencePoint vc="11" uspid="1929" ordinal="0" offset="93" sl="65" sc="13" el="65" ec="13" bec="0" bev="0" fileid="6" />
                <SequencePoint vc="11" uspid="1930" ordinal="0" offset="117" sl="67" sc="13" el="67" ec="13" bec="0" bev="0" fileid="6" />
                <SequencePoint vc="11" uspid="1931" ordinal="0" offset="129" sl="68" sc="18" el="68" ec="18" bec="0" bev="0" fileid="6" />
                <SequencePoint vc="32967" uspid="1932" ordinal="0" offset="134" sl="69" sc="13" el="69" ec="13" bec="0" bev="0" fileid="6" />
                <SequencePoint vc="32967" uspid="1933" ordinal="0" offset="135" sl="70" sc="17" el="70" ec="17" bec="0" bev="0" fileid="6" />
                <SequencePoint vc="32967" uspid="1934" ordinal="0" offset="147" sl="71" sc="17" el="71" ec="17" bec="0" bev="0" fileid="6" />
                <SequencePoint vc="8" uspid="1935" ordinal="0" offset="168" sl="71" sc="52" el="71" ec="52" bec="0" bev="0" fileid="6" />
                <SequencePoint vc="32959" uspid="1936" ordinal="0" offset="170" sl="72" sc="17" el="72" ec="17" bec="0" bev="0" fileid="6" />
                <SequencePoint vc="32959" uspid="1937" ordinal="0" offset="183" sl="73" sc="13" el="73" ec="13" bec="0" bev="0" fileid="6" />
                <SequencePoint vc="32959" uspid="1938" ordinal="0" offset="184" sl="68" sc="52" el="68" ec="52" bec="0" bev="0" fileid="6" />
                <SequencePoint vc="32970" uspid="1939" ordinal="0" offset="190" sl="68" sc="29" el="68" ec="29" bec="0" bev="0" fileid="6" />
                <SequencePoint vc="11" uspid="1940" ordinal="0" offset="208" sl="75" sc="13" el="75" ec="13" bec="0" bev="0" fileid="6" />
                <SequencePoint vc="11" uspid="1941" ordinal="0" offset="226" sl="77" sc="13" el="77" ec="13" bec="0" bev="0" fileid="6" />
                <SequencePoint vc="0" uspid="1942" ordinal="0" offset="243" sl="78" sc="13" el="78" ec="13" bec="0" bev="0" fileid="6" />
                <SequencePoint vc="0" uspid="1943" ordinal="0" offset="244" sl="79" sc="13" el="79" ec="13" bec="0" bev="0" fileid="6" />
                <SequencePoint vc="0" uspid="1944" ordinal="0" offset="257" sl="81" sc="13" el="81" ec="13" bec="0" bev="0" fileid="6" />
                <SequencePoint vc="0" uspid="1945" ordinal="0" offset="272" sl="82" sc="13" el="82" ec="13" bec="0" bev="0" fileid="6" />
                <SequencePoint vc="11" uspid="1946" ordinal="0" offset="273" sl="83" sc="9" el="83" ec="9" bec="0" bev="0" fileid="6" />
                <SequencePoint vc="11" uspid="1947" ordinal="0" offset="274" sl="84" sc="5" el="84" ec="5" bec="0" bev="0" fileid="6" />
              </SequencePoints>
              <BranchPoints />
            </Method>
            <Method visited="true" cyclomaticComplexity="0" nPathComplexity="0" sequenceCoverage="93.33" branchCoverage="0" crapScore="0" isConstructor="false" isStatic="false" isGetter="false" isSetter="false">
              <Summary numSequencePoints="15" visitedSequencePoints="14" numBranchPoints="0" visitedBranchPoints="0" sequenceCoverage="93.33" branchCoverage="0" maxCyclomaticComplexity="0" minCyclomaticComplexity="0" maxCrapScore="0" minCrapScore="0" visitedClasses="0" numClasses="0" visitedMethods="1" numMethods="1" />
              <MetadataToken>100663333</MetadataToken>
              <Name>UnityEngine.AudioSource GuitarSoundManager::GetStringSound(System.Int32)</Name>
              <FileRef uid="6" />
              <SequencePoints>
                <SequencePoint vc="11" uspid="1952" ordinal="0" offset="0" sl="93" sc="5" el="93" ec="5" bec="0" bev="0" fileid="6" />
                <SequencePoint vc="11" uspid="1953" ordinal="0" offset="1" sl="94" sc="9" el="94" ec="9" bec="0" bev="0" fileid="6" />
                <SequencePoint vc="2" uspid="1954" ordinal="0" offset="9" sl="95" sc="13" el="95" ec="13" bec="0" bev="0" fileid="6" />
                <SequencePoint vc="9" uspid="1955" ordinal="0" offset="18" sl="96" sc="14" el="96" ec="14" bec="0" bev="0" fileid="6" />
                <SequencePoint vc="1" uspid="1956" ordinal="0" offset="26" sl="97" sc="13" el="97" ec="13" bec="0" bev="0" fileid="6" />
                <SequencePoint vc="8" uspid="1957" ordinal="0" offset="35" sl="98" sc="14" el="98" ec="14" bec="0" bev="0" fileid="6" />
                <SequencePoint vc="2" uspid="1958" ordinal="0" offset="43" sl="99" sc="13" el="99" ec="13" bec="0" bev="0" fileid="6" />
                <SequencePoint vc="6" uspid="1959" ordinal="0" offset="52" sl="100" sc="14" el="100" ec="14" bec="0" bev="0" fileid="6" />
                <SequencePoint vc="3" uspid="1960" ordinal="0" offset="62" sl="101" sc="13" el="101" ec="13" bec="0" bev="0" fileid="6" />
                <SequencePoint vc="3" uspid="1961" ordinal="0" offset="71" sl="102" sc="14" el="102" ec="14" bec="0" bev="0" fileid="6" />
                <SequencePoint vc="2" uspid="1962" ordinal="0" offset="81" sl="103" sc="13" el="103" ec="13" bec="0" bev="0" fileid="6" />
                <SequencePoint vc="1" uspid="1963" ordinal="0" offset="90" sl="104" sc="14" el="104" ec="14" bec="0" bev="0" fileid="6" />
                <SequencePoint vc="1" uspid="1964" ordinal="0" offset="100" sl="105" sc="13" el="105" ec="13" bec="0" bev="0" fileid="6" />
                <SequencePoint vc="0" uspid="1965" ordinal="0" offset="109" sl="107" sc="13" el="107" ec="13" bec="0" bev="0" fileid="6" />
                <SequencePoint vc="11" uspid="1966" ordinal="0" offset="113" sl="108" sc="5" el="108" ec="5" bec="0" bev="0" fileid="6" />
              </SequencePoints>
              <BranchPoints />
            </Method>
            <Method visited="true" cyclomaticComplexity="0" nPathComplexity="0" sequenceCoverage="100.0" branchCoverage="0" crapScore="0" isConstructor="true" isStatic="false" isGetter="false" isSetter="false">
              <Summary numSequencePoints="1" visitedSequencePoints="1" numBranchPoints="0" visitedBranchPoints="0" sequenceCoverage="100.0" branchCoverage="0" maxCyclomaticComplexity="0" minCyclomaticComplexity="0" maxCrapScore="0" minCrapScore="0" visitedClasses="0" numClasses="0" visitedMethods="1" numMethods="1" />
              <MetadataToken>100663334</MetadataToken>
              <Name>GuitarSoundManager::GuitarSoundManager()</Name>
              <FileRef uid="6" />
              <SequencePoints>
                <SequencePoint vc="11" uspid="1967" ordinal="0" offset="0" sl="29" sc="5" el="29" ec="5" bec="0" bev="0" fileid="6" />
              </SequencePoints>
              <BranchPoints />
            </Method>
          </Methods>
        </Class>
        <Class>
          <Summary numSequencePoints="31" visitedSequencePoints="22" numBranchPoints="0" visitedBranchPoints="0" sequenceCoverage="70.97" branchCoverage="0.0" maxCyclomaticComplexity="0" minCyclomaticComplexity="0" maxCrapScore="0" minCrapScore="0" visitedClasses="1" numClasses="1" visitedMethods="2" numMethods="2" />
          <FullName>GuitarString</FullName>
          <Methods>
            <Method visited="true" cyclomaticComplexity="0" nPathComplexity="0" sequenceCoverage="67.86" branchCoverage="0" crapScore="0" isConstructor="false" isStatic="false" isGetter="false" isSetter="false">
              <Summary numSequencePoints="28" visitedSequencePoints="19" numBranchPoints="0" visitedBranchPoints="0" sequenceCoverage="67.86" branchCoverage="0" maxCyclomaticComplexity="0" minCyclomaticComplexity="0" maxCrapScore="0" minCrapScore="0" visitedClasses="0" numClasses="0" visitedMethods="1" numMethods="1" />
              <MetadataToken>100663335</MetadataToken>
              <Name>System.Void GuitarString::Awake()</Name>
              <FileRef uid="7" />
              <SequencePoints>
                <SequencePoint vc="6" uspid="1968" ordinal="0" offset="0" sl="11" sc="5" el="11" ec="5" bec="0" bev="0" fileid="7" />
                <SequencePoint vc="6" uspid="1969" ordinal="0" offset="1" sl="12" sc="9" el="12" ec="9" bec="0" bev="0" fileid="7" />
                <SequencePoint vc="6" uspid="1970" ordinal="0" offset="13" sl="13" sc="9" el="13" ec="9" bec="0" bev="0" fileid="7" />
                <SequencePoint vc="6" uspid="1971" ordinal="0" offset="30" sl="14" sc="9" el="14" ec="9" bec="0" bev="0" fileid="7" />
                <SequencePoint vc="1" uspid="1972" ordinal="0" offset="50" sl="15" sc="9" el="15" ec="9" bec="0" bev="0" fileid="7" />
                <SequencePoint vc="1" uspid="1973" ordinal="0" offset="51" sl="16" sc="13" el="16" ec="13" bec="0" bev="0" fileid="7" />
                <SequencePoint vc="1" uspid="1974" ordinal="0" offset="58" sl="17" sc="9" el="17" ec="9" bec="0" bev="0" fileid="7" />
                <SequencePoint vc="6" uspid="1975" ordinal="0" offset="59" sl="18" sc="9" el="18" ec="9" bec="0" bev="0" fileid="7" />
                <SequencePoint vc="0" uspid="1976" ordinal="0" offset="79" sl="19" sc="9" el="19" ec="9" bec="0" bev="0" fileid="7" />
                <SequencePoint vc="0" uspid="1977" ordinal="0" offset="80" sl="20" sc="13" el="20" ec="13" bec="0" bev="0" fileid="7" />
                <SequencePoint vc="0" uspid="1978" ordinal="0" offset="87" sl="21" sc="9" el="21" ec="9" bec="0" bev="0" fileid="7" />
                <SequencePoint vc="6" uspid="1979" ordinal="0" offset="88" sl="22" sc="9" el="22" ec="9" bec="0" bev="0" fileid="7" />
                <SequencePoint vc="1" uspid="1980" ordinal="0" offset="108" sl="23" sc="9" el="23" ec="9" bec="0" bev="0" fileid="7" />
                <SequencePoint vc="1" uspid="1981" ordinal="0" offset="109" sl="24" sc="13" el="24" ec="13" bec="0" bev="0" fileid="7" />
                <SequencePoint vc="1" uspid="1982" ordinal="0" offset="116" sl="25" sc="9" el="25" ec="9" bec="0" bev="0" fileid="7" />
                <SequencePoint vc="6" uspid="1983" ordinal="0" offset="117" sl="26" sc="9" el="26" ec="9" bec="0" bev="0" fileid="7" />
                <SequencePoint vc="1" uspid="1984" ordinal="0" offset="137" sl="27" sc="9" el="27" ec="9" bec="0" bev="0" fileid="7" />
                <SequencePoint vc="1" uspid="1985" ordinal="0" offset="138" sl="28" sc="13" el="28" ec="13" bec="0" bev="0" fileid="7" />
                <SequencePoint vc="1" uspid="1986" ordinal="0" offset="145" sl="29" sc="9" el="29" ec="9" bec="0" bev="0" fileid="7" />
                <SequencePoint vc="6" uspid="1987" ordinal="0" offset="146" sl="30" sc="9" el="30" ec="9" bec="0" bev="0" fileid="7" />
                <SequencePoint vc="0" uspid="1988" ordinal="0" offset="168" sl="31" sc="9" el="31" ec="9" bec="0" bev="0" fileid="7" />
                <SequencePoint vc="0" uspid="1989" ordinal="0" offset="169" sl="32" sc="13" el="32" ec="13" bec="0" bev="0" fileid="7" />
                <SequencePoint vc="0" uspid="1990" ordinal="0" offset="176" sl="33" sc="9" el="33" ec="9" bec="0" bev="0" fileid="7" />
                <SequencePoint vc="6" uspid="1991" ordinal="0" offset="177" sl="34" sc="9" el="34" ec="9" bec="0" bev="0" fileid="7" />
                <SequencePoint vc="0" uspid="1992" ordinal="0" offset="199" sl="35" sc="9" el="35" ec="9" bec="0" bev="0" fileid="7" />
                <SequencePoint vc="0" uspid="1993" ordinal="0" offset="200" sl="36" sc="13" el="36" ec="13" bec="0" bev="0" fileid="7" />
                <SequencePoint vc="0" uspid="1994" ordinal="0" offset="207" sl="37" sc="9" el="37" ec="9" bec="0" bev="0" fileid="7" />
                <SequencePoint vc="6" uspid="1995" ordinal="0" offset="208" sl="38" sc="5" el="38" ec="5" bec="0" bev="0" fileid="7" />
              </SequencePoints>
              <BranchPoints />
            </Method>
            <Method visited="true" cyclomaticComplexity="0" nPathComplexity="0" sequenceCoverage="100.0" branchCoverage="0" crapScore="0" isConstructor="false" isStatic="false" isGetter="false" isSetter="false">
              <Summary numSequencePoints="3" visitedSequencePoints="3" numBranchPoints="0" visitedBranchPoints="0" sequenceCoverage="100.0" branchCoverage="0" maxCyclomaticComplexity="0" minCyclomaticComplexity="0" maxCrapScore="0" minCrapScore="0" visitedClasses="0" numClasses="0" visitedMethods="1" numMethods="1" />
              <MetadataToken>100663336</MetadataToken>
              <Name>System.Int32 GuitarString::Return_String_Number()</Name>
              <FileRef uid="7" />
              <SequencePoints>
                <SequencePoint vc="3" uspid="1996" ordinal="0" offset="0" sl="40" sc="5" el="40" ec="5" bec="0" bev="0" fileid="7" />
                <SequencePoint vc="3" uspid="1997" ordinal="0" offset="1" sl="41" sc="9" el="41" ec="9" bec="0" bev="0" fileid="7" />
                <SequencePoint vc="3" uspid="1998" ordinal="0" offset="10" sl="42" sc="5" el="42" ec="5" bec="0" bev="0" fileid="7" />
              </SequencePoints>
              <BranchPoints />
            </Method>
          </Methods>
        </Class>
        <Class>
          <Summary numSequencePoints="1" visitedSequencePoints="1" numBranchPoints="0" visitedBranchPoints="0" sequenceCoverage="100.0" branchCoverage="0.0" maxCyclomaticComplexity="0" minCyclomaticComplexity="0" maxCrapScore="0" minCrapScore="0" visitedClasses="1" numClasses="1" visitedMethods="1" numMethods="1" />
          <FullName>AudioAnalyzer/&lt;&gt;c__DisplayClass6_0</FullName>
          <Methods>
            <Method visited="true" cyclomaticComplexity="0" nPathComplexity="0" sequenceCoverage="100.0" branchCoverage="0" crapScore="0" isConstructor="false" isStatic="false" isGetter="false" isSetter="false">
              <Summary numSequencePoints="1" visitedSequencePoints="1" numBranchPoints="0" visitedBranchPoints="0" sequenceCoverage="100.0" branchCoverage="0" maxCyclomaticComplexity="0" minCyclomaticComplexity="0" maxCrapScore="0" minCrapScore="0" visitedClasses="0" numClasses="0" visitedMethods="1" numMethods="1" />
              <MetadataToken>100663367</MetadataToken>
              <Name>System.Single AudioAnalyzer/&lt;&gt;c__DisplayClass6_0::&lt;MaxAbsoluteScaling&gt;b__0(System.Single)</Name>
              <FileRef uid="1" />
              <SequencePoints>
                <SequencePoint vc="45056" uspid="3013" ordinal="0" offset="0" sl="109" sc="33" el="109" ec="33" bec="0" bev="0" fileid="1" />
              </SequencePoints>
              <BranchPoints />
            </Method>
          </Methods>
        </Class>
      </Classes>
    </Module>
    <Module>
      <Summary numSequencePoints="157" visitedSequencePoints="157" numBranchPoints="0" visitedBranchPoints="0" sequenceCoverage="100.0" branchCoverage="0.0" maxCyclomaticComplexity="0" minCyclomaticComplexity="0" maxCrapScore="0" minCrapScore="0" visitedClasses="18" numClasses="18" visitedMethods="20" numMethods="20" />
      <ModuleTime>0001-01-01T00:00:00</ModuleTime>
      <ModuleName>PlayMode</ModuleName>
      <Files>
        <File uid="13" fullPath="C:/Users/Administrator/OneDrive/Documents/GitHub/AAA/AGS_guitarALL_EPICS/ULTIMATE_GUITAR/Assets/Unit Tests/PlayMode/AutoCorrelation.cs" />
        <File uid="14" fullPath="C:/Users/Administrator/OneDrive/Documents/GitHub/AAA/AGS_guitarALL_EPICS/ULTIMATE_GUITAR/Assets/Unit Tests/PlayMode/FretNum_StringNum_Validation.cs" />
      </Files>
      <Classes>
        <Class>
          <Summary numSequencePoints="48" visitedSequencePoints="48" numBranchPoints="0" visitedBranchPoints="0" sequenceCoverage="100.0" branchCoverage="0.0" maxCyclomaticComplexity="0" minCyclomaticComplexity="0" maxCrapScore="0" minCrapScore="0" visitedClasses="1" numClasses="1" visitedMethods="3" numMethods="3" />
          <FullName>AutoCorrelation</FullName>
          <Methods>
            <Method visited="true" cyclomaticComplexity="0" nPathComplexity="0" sequenceCoverage="100.0" branchCoverage="0" crapScore="0" isConstructor="false" isStatic="false" isGetter="false" isSetter="false">
              <Summary numSequencePoints="22" visitedSequencePoints="22" numBranchPoints="0" visitedBranchPoints="0" sequenceCoverage="100.0" branchCoverage="0" maxCyclomaticComplexity="0" minCyclomaticComplexity="0" maxCrapScore="0" minCrapScore="0" visitedClasses="0" numClasses="0" visitedMethods="1" numMethods="1" />
              <MetadataToken>100663297</MetadataToken>
              <Name>System.Void AutoCorrelation::SetUp()</Name>
              <FileRef uid="13" />
              <SequencePoints>
                <SequencePoint vc="11" uspid="3014" ordinal="0" offset="0" sl="27" sc="5" el="27" ec="5" bec="0" bev="0" fileid="13" />
                <SequencePoint vc="11" uspid="3015" ordinal="0" offset="1" sl="29" sc="9" el="29" ec="9" bec="0" bev="0" fileid="13" />
                <SequencePoint vc="11" uspid="3016" ordinal="0" offset="17" sl="30" sc="9" el="30" ec="9" bec="0" bev="0" fileid="13" />
                <SequencePoint vc="11" uspid="3017" ordinal="0" offset="34" sl="31" sc="9" el="31" ec="9" bec="0" bev="0" fileid="13" />
                <SequencePoint vc="11" uspid="3018" ordinal="0" offset="51" sl="32" sc="9" el="32" ec="9" bec="0" bev="0" fileid="13" />
                <SequencePoint vc="11" uspid="3019" ordinal="0" offset="68" sl="33" sc="9" el="33" ec="9" bec="0" bev="0" fileid="13" />
                <SequencePoint vc="11" uspid="3020" ordinal="0" offset="85" sl="34" sc="9" el="34" ec="9" bec="0" bev="0" fileid="13" />
                <SequencePoint vc="11" uspid="3021" ordinal="0" offset="102" sl="35" sc="9" el="35" ec="9" bec="0" bev="0" fileid="13" />
                <SequencePoint vc="11" uspid="3022" ordinal="0" offset="119" sl="36" sc="9" el="36" ec="9" bec="0" bev="0" fileid="13" />
                <SequencePoint vc="11" uspid="3023" ordinal="0" offset="131" sl="39" sc="9" el="39" ec="9" bec="0" bev="0" fileid="13" />
                <SequencePoint vc="11" uspid="3024" ordinal="0" offset="147" sl="40" sc="9" el="40" ec="9" bec="0" bev="0" fileid="13" />
                <SequencePoint vc="11" uspid="3025" ordinal="0" offset="163" sl="41" sc="9" el="41" ec="9" bec="0" bev="0" fileid="13" />
                <SequencePoint vc="11" uspid="3026" ordinal="0" offset="179" sl="42" sc="9" el="42" ec="9" bec="0" bev="0" fileid="13" />
                <SequencePoint vc="11" uspid="3027" ordinal="0" offset="195" sl="43" sc="9" el="43" ec="9" bec="0" bev="0" fileid="13" />
                <SequencePoint vc="11" uspid="3028" ordinal="0" offset="211" sl="44" sc="9" el="44" ec="9" bec="0" bev="0" fileid="13" />
                <SequencePoint vc="11" uspid="3029" ordinal="0" offset="227" sl="47" sc="9" el="47" ec="9" bec="0" bev="0" fileid="13" />
                <SequencePoint vc="11" uspid="3030" ordinal="0" offset="245" sl="48" sc="9" el="48" ec="9" bec="0" bev="0" fileid="13" />
                <SequencePoint vc="11" uspid="3031" ordinal="0" offset="263" sl="49" sc="9" el="49" ec="9" bec="0" bev="0" fileid="13" />
                <SequencePoint vc="11" uspid="3032" ordinal="0" offset="281" sl="50" sc="9" el="50" ec="9" bec="0" bev="0" fileid="13" />
                <SequencePoint vc="11" uspid="3033" ordinal="0" offset="299" sl="51" sc="9" el="51" ec="9" bec="0" bev="0" fileid="13" />
                <SequencePoint vc="11" uspid="3034" ordinal="0" offset="317" sl="52" sc="9" el="52" ec="9" bec="0" bev="0" fileid="13" />
                <SequencePoint vc="11" uspid="3035" ordinal="0" offset="335" sl="53" sc="5" el="53" ec="5" bec="0" bev="0" fileid="13" />
              </SequencePoints>
              <BranchPoints />
            </Method>
            <Method visited="true" cyclomaticComplexity="0" nPathComplexity="0" sequenceCoverage="100.0" branchCoverage="0" crapScore="0" isConstructor="false" isStatic="false" isGetter="false" isSetter="false">
              <Summary numSequencePoints="23" visitedSequencePoints="23" numBranchPoints="0" visitedBranchPoints="0" sequenceCoverage="100.0" branchCoverage="0" maxCyclomaticComplexity="0" minCyclomaticComplexity="0" maxCrapScore="0" minCrapScore="0" visitedClasses="0" numClasses="0" visitedMethods="1" numMethods="1" />
              <MetadataToken>100663309</MetadataToken>
              <Name>System.Void AutoCorrelation::AutocorrelationVerification(System.Int32, System.Int32, System.String)</Name>
              <FileRef uid="13" />
              <SequencePoints>
                <SequencePoint vc="11" uspid="3036" ordinal="0" offset="0" sl="143" sc="5" el="143" ec="5" bec="0" bev="0" fileid="13" />
                <SequencePoint vc="11" uspid="3037" ordinal="0" offset="1" sl="144" sc="9" el="144" ec="9" bec="0" bev="0" fileid="13" />
                <SequencePoint vc="11" uspid="3038" ordinal="0" offset="7" sl="145" sc="9" el="145" ec="9" bec="0" bev="0" fileid="13" />
                <SequencePoint vc="11" uspid="3039" ordinal="0" offset="13" sl="146" sc="9" el="146" ec="9" bec="0" bev="0" fileid="13" />
                <SequencePoint vc="11" uspid="3040" ordinal="0" offset="19" sl="147" sc="9" el="147" ec="9" bec="0" bev="0" fileid="13" />
                <SequencePoint vc="11" uspid="3041" ordinal="0" offset="25" sl="149" sc="9" el="149" ec="9" bec="0" bev="0" fileid="13" />
                <SequencePoint vc="11" uspid="3042" ordinal="0" offset="33" sl="150" sc="9" el="150" ec="9" bec="0" bev="0" fileid="13" />
                <SequencePoint vc="11" uspid="3043" ordinal="0" offset="41" sl="151" sc="9" el="151" ec="9" bec="0" bev="0" fileid="13" />
                <SequencePoint vc="11" uspid="3044" ordinal="0" offset="49" sl="153" sc="9" el="153" ec="9" bec="0" bev="0" fileid="13" />
                <SequencePoint vc="11" uspid="3045" ordinal="0" offset="58" sl="154" sc="9" el="154" ec="9" bec="0" bev="0" fileid="13" />
                <SequencePoint vc="11" uspid="3046" ordinal="0" offset="66" sl="155" sc="9" el="155" ec="9" bec="0" bev="0" fileid="13" />
                <SequencePoint vc="11" uspid="3047" ordinal="0" offset="75" sl="156" sc="9" el="156" ec="9" bec="0" bev="0" fileid="13" />
                <SequencePoint vc="11" uspid="3048" ordinal="0" offset="88" sl="158" sc="9" el="158" ec="9" bec="0" bev="0" fileid="13" />
                <SequencePoint vc="11" uspid="3049" ordinal="0" offset="101" sl="159" sc="9" el="159" ec="9" bec="0" bev="0" fileid="13" />
                <SequencePoint vc="11" uspid="3050" ordinal="0" offset="114" sl="160" sc="9" el="160" ec="9" bec="0" bev="0" fileid="13" />
                <SequencePoint vc="11" uspid="3051" ordinal="0" offset="127" sl="161" sc="9" el="161" ec="9" bec="0" bev="0" fileid="13" />
                <SequencePoint vc="11" uspid="3052" ordinal="0" offset="140" sl="162" sc="9" el="162" ec="9" bec="0" bev="0" fileid="13" />
                <SequencePoint vc="11" uspid="3053" ordinal="0" offset="153" sl="163" sc="9" el="163" ec="9" bec="0" bev="0" fileid="13" />
                <SequencePoint vc="11" uspid="3054" ordinal="0" offset="166" sl="165" sc="9" el="165" ec="9" bec="0" bev="0" fileid="13" />
                <SequencePoint vc="11" uspid="3055" ordinal="0" offset="174" sl="166" sc="9" el="166" ec="9" bec="0" bev="0" fileid="13" />
                <SequencePoint vc="11" uspid="3056" ordinal="0" offset="182" sl="167" sc="9" el="167" ec="9" bec="0" bev="0" fileid="13" />
                <SequencePoint vc="11" uspid="3057" ordinal="0" offset="192" sl="168" sc="9" el="168" ec="9" bec="0" bev="0" fileid="13" />
                <SequencePoint vc="11" uspid="3058" ordinal="0" offset="206" sl="169" sc="5" el="169" ec="5" bec="0" bev="0" fileid="13" />
              </SequencePoints>
              <BranchPoints />
            </Method>
            <Method visited="true" cyclomaticComplexity="0" nPathComplexity="0" sequenceCoverage="100.0" branchCoverage="0" crapScore="0" isConstructor="false" isStatic="false" isGetter="false" isSetter="false">
              <Summary numSequencePoints="3" visitedSequencePoints="3" numBranchPoints="0" visitedBranchPoints="0" sequenceCoverage="100.0" branchCoverage="0" maxCyclomaticComplexity="0" minCyclomaticComplexity="0" maxCrapScore="0" minCrapScore="0" visitedClasses="0" numClasses="0" visitedMethods="1" numMethods="1" />
              <MetadataToken>100663310</MetadataToken>
              <Name>System.Void AutoCorrelation::TearDown()</Name>
              <FileRef uid="13" />
              <SequencePoints>
                <SequencePoint vc="22" uspid="3059" ordinal="0" offset="0" sl="173" sc="5" el="173" ec="5" bec="0" bev="0" fileid="13" />
                <SequencePoint vc="22" uspid="3060" ordinal="0" offset="1" sl="175" sc="9" el="175" ec="9" bec="0" bev="0" fileid="13" />
                <SequencePoint vc="22" uspid="3061" ordinal="0" offset="13" sl="176" sc="5" el="176" ec="5" bec="0" bev="0" fileid="13" />
              </SequencePoints>
              <BranchPoints />
            </Method>
          </Methods>
        </Class>
        <Class>
          <Summary numSequencePoints="5" visitedSequencePoints="5" numBranchPoints="0" visitedBranchPoints="0" sequenceCoverage="100.0" branchCoverage="0.0" maxCyclomaticComplexity="0" minCyclomaticComplexity="0" maxCrapScore="0" minCrapScore="0" visitedClasses="1" numClasses="1" visitedMethods="1" numMethods="1" />
          <FullName>AutoCorrelation/&lt;AutocorrelationVerification_0Fret1String_E&gt;d__14</FullName>
          <Methods>
            <Method visited="true" cyclomaticComplexity="0" nPathComplexity="0" sequenceCoverage="100.0" branchCoverage="0" crapScore="0" isConstructor="false" isStatic="false" isGetter="false" isSetter="false">
              <Summary numSequencePoints="5" visitedSequencePoints="5" numBranchPoints="0" visitedBranchPoints="0" sequenceCoverage="100.0" branchCoverage="0" maxCyclomaticComplexity="0" minCyclomaticComplexity="0" maxCrapScore="0" minCrapScore="0" visitedClasses="0" numClasses="0" visitedMethods="1" numMethods="1" />
              <MetadataToken>100663321</MetadataToken>
              <Name>System.Boolean AutoCorrelation/&lt;AutocorrelationVerification_0Fret1String_E&gt;d__14::MoveNext()</Name>
              <FileRef uid="13" />
              <SequencePoints>
                <SequencePoint vc="1" uspid="3062" ordinal="0" offset="31" sl="57" sc="5" el="57" ec="5" bec="0" bev="0" fileid="13" />
                <SequencePoint vc="1" uspid="3063" ordinal="0" offset="32" sl="58" sc="9" el="58" ec="9" bec="0" bev="0" fileid="13" />
                <SequencePoint vc="1" uspid="3064" ordinal="0" offset="51" sl="59" sc="9" el="59" ec="9" bec="0" bev="0" fileid="13" />
                <SequencePoint vc="1" uspid="3065" ordinal="0" offset="63" sl="60" sc="9" el="60" ec="9" bec="0" bev="0" fileid="13" />
                <SequencePoint vc="1" uspid="3066" ordinal="0" offset="86" sl="61" sc="5" el="61" ec="5" bec="0" bev="0" fileid="13" />
              </SequencePoints>
              <BranchPoints />
            </Method>
          </Methods>
        </Class>
        <Class>
          <Summary numSequencePoints="5" visitedSequencePoints="5" numBranchPoints="0" visitedBranchPoints="0" sequenceCoverage="100.0" branchCoverage="0.0" maxCyclomaticComplexity="0" minCyclomaticComplexity="0" maxCrapScore="0" minCrapScore="0" visitedClasses="1" numClasses="1" visitedMethods="1" numMethods="1" />
          <FullName>AutoCorrelation/&lt;AutocorrelationVerification_0Fret3String_D&gt;d__15</FullName>
          <Methods>
            <Method visited="true" cyclomaticComplexity="0" nPathComplexity="0" sequenceCoverage="100.0" branchCoverage="0" crapScore="0" isConstructor="false" isStatic="false" isGetter="false" isSetter="false">
              <Summary numSequencePoints="5" visitedSequencePoints="5" numBranchPoints="0" visitedBranchPoints="0" sequenceCoverage="100.0" branchCoverage="0" maxCyclomaticComplexity="0" minCyclomaticComplexity="0" maxCrapScore="0" minCrapScore="0" visitedClasses="0" numClasses="0" visitedMethods="1" numMethods="1" />
              <MetadataToken>100663327</MetadataToken>
              <Name>System.Boolean AutoCorrelation/&lt;AutocorrelationVerification_0Fret3String_D&gt;d__15::MoveNext()</Name>
              <FileRef uid="13" />
              <SequencePoints>
                <SequencePoint vc="1" uspid="3067" ordinal="0" offset="31" sl="65" sc="5" el="65" ec="5" bec="0" bev="0" fileid="13" />
                <SequencePoint vc="1" uspid="3068" ordinal="0" offset="32" sl="66" sc="9" el="66" ec="9" bec="0" bev="0" fileid="13" />
                <SequencePoint vc="1" uspid="3069" ordinal="0" offset="51" sl="67" sc="9" el="67" ec="9" bec="0" bev="0" fileid="13" />
                <SequencePoint vc="1" uspid="3070" ordinal="0" offset="63" sl="68" sc="9" el="68" ec="9" bec="0" bev="0" fileid="13" />
                <SequencePoint vc="1" uspid="3071" ordinal="0" offset="86" sl="69" sc="5" el="69" ec="5" bec="0" bev="0" fileid="13" />
              </SequencePoints>
              <BranchPoints />
            </Method>
          </Methods>
        </Class>
        <Class>
          <Summary numSequencePoints="5" visitedSequencePoints="5" numBranchPoints="0" visitedBranchPoints="0" sequenceCoverage="100.0" branchCoverage="0.0" maxCyclomaticComplexity="0" minCyclomaticComplexity="0" maxCrapScore="0" minCrapScore="0" visitedClasses="1" numClasses="1" visitedMethods="1" numMethods="1" />
          <FullName>AutoCorrelation/&lt;AutocorrelationVerification_0Fret5String_B&gt;d__16</FullName>
          <Methods>
            <Method visited="true" cyclomaticComplexity="0" nPathComplexity="0" sequenceCoverage="100.0" branchCoverage="0" crapScore="0" isConstructor="false" isStatic="false" isGetter="false" isSetter="false">
              <Summary numSequencePoints="5" visitedSequencePoints="5" numBranchPoints="0" visitedBranchPoints="0" sequenceCoverage="100.0" branchCoverage="0" maxCyclomaticComplexity="0" minCyclomaticComplexity="0" maxCrapScore="0" minCrapScore="0" visitedClasses="0" numClasses="0" visitedMethods="1" numMethods="1" />
              <MetadataToken>100663333</MetadataToken>
              <Name>System.Boolean AutoCorrelation/&lt;AutocorrelationVerification_0Fret5String_B&gt;d__16::MoveNext()</Name>
              <FileRef uid="13" />
              <SequencePoints>
                <SequencePoint vc="1" uspid="3072" ordinal="0" offset="31" sl="73" sc="5" el="73" ec="5" bec="0" bev="0" fileid="13" />
                <SequencePoint vc="1" uspid="3073" ordinal="0" offset="32" sl="74" sc="9" el="74" ec="9" bec="0" bev="0" fileid="13" />
                <SequencePoint vc="1" uspid="3074" ordinal="0" offset="51" sl="75" sc="9" el="75" ec="9" bec="0" bev="0" fileid="13" />
                <SequencePoint vc="1" uspid="3075" ordinal="0" offset="63" sl="76" sc="9" el="76" ec="9" bec="0" bev="0" fileid="13" />
                <SequencePoint vc="1" uspid="3076" ordinal="0" offset="86" sl="77" sc="5" el="77" ec="5" bec="0" bev="0" fileid="13" />
              </SequencePoints>
              <BranchPoints />
            </Method>
          </Methods>
        </Class>
        <Class>
          <Summary numSequencePoints="5" visitedSequencePoints="5" numBranchPoints="0" visitedBranchPoints="0" sequenceCoverage="100.0" branchCoverage="0.0" maxCyclomaticComplexity="0" minCyclomaticComplexity="0" maxCrapScore="0" minCrapScore="0" visitedClasses="1" numClasses="1" visitedMethods="1" numMethods="1" />
          <FullName>AutoCorrelation/&lt;AutocorrelationVerification_5Fret2String_D&gt;d__17</FullName>
          <Methods>
            <Method visited="true" cyclomaticComplexity="0" nPathComplexity="0" sequenceCoverage="100.0" branchCoverage="0" crapScore="0" isConstructor="false" isStatic="false" isGetter="false" isSetter="false">
              <Summary numSequencePoints="5" visitedSequencePoints="5" numBranchPoints="0" visitedBranchPoints="0" sequenceCoverage="100.0" branchCoverage="0" maxCyclomaticComplexity="0" minCyclomaticComplexity="0" maxCrapScore="0" minCrapScore="0" visitedClasses="0" numClasses="0" visitedMethods="1" numMethods="1" />
              <MetadataToken>100663339</MetadataToken>
              <Name>System.Boolean AutoCorrelation/&lt;AutocorrelationVerification_5Fret2String_D&gt;d__17::MoveNext()</Name>
              <FileRef uid="13" />
              <SequencePoints>
                <SequencePoint vc="1" uspid="3077" ordinal="0" offset="31" sl="81" sc="5" el="81" ec="5" bec="0" bev="0" fileid="13" />
                <SequencePoint vc="1" uspid="3078" ordinal="0" offset="32" sl="82" sc="9" el="82" ec="9" bec="0" bev="0" fileid="13" />
                <SequencePoint vc="1" uspid="3079" ordinal="0" offset="51" sl="83" sc="9" el="83" ec="9" bec="0" bev="0" fileid="13" />
                <SequencePoint vc="1" uspid="3080" ordinal="0" offset="63" sl="84" sc="9" el="84" ec="9" bec="0" bev="0" fileid="13" />
                <SequencePoint vc="1" uspid="3081" ordinal="0" offset="86" sl="85" sc="5" el="85" ec="5" bec="0" bev="0" fileid="13" />
              </SequencePoints>
              <BranchPoints />
            </Method>
          </Methods>
        </Class>
        <Class>
          <Summary numSequencePoints="5" visitedSequencePoints="5" numBranchPoints="0" visitedBranchPoints="0" sequenceCoverage="100.0" branchCoverage="0.0" maxCyclomaticComplexity="0" minCyclomaticComplexity="0" maxCrapScore="0" minCrapScore="0" visitedClasses="1" numClasses="1" visitedMethods="1" numMethods="1" />
          <FullName>AutoCorrelation/&lt;AutocorrelationVerification_9Fret4String_E&gt;d__18</FullName>
          <Methods>
            <Method visited="true" cyclomaticComplexity="0" nPathComplexity="0" sequenceCoverage="100.0" branchCoverage="0" crapScore="0" isConstructor="false" isStatic="false" isGetter="false" isSetter="false">
              <Summary numSequencePoints="5" visitedSequencePoints="5" numBranchPoints="0" visitedBranchPoints="0" sequenceCoverage="100.0" branchCoverage="0" maxCyclomaticComplexity="0" minCyclomaticComplexity="0" maxCrapScore="0" minCrapScore="0" visitedClasses="0" numClasses="0" visitedMethods="1" numMethods="1" />
              <MetadataToken>100663345</MetadataToken>
              <Name>System.Boolean AutoCorrelation/&lt;AutocorrelationVerification_9Fret4String_E&gt;d__18::MoveNext()</Name>
              <FileRef uid="13" />
              <SequencePoints>
                <SequencePoint vc="1" uspid="3082" ordinal="0" offset="31" sl="89" sc="5" el="89" ec="5" bec="0" bev="0" fileid="13" />
                <SequencePoint vc="1" uspid="3083" ordinal="0" offset="32" sl="90" sc="9" el="90" ec="9" bec="0" bev="0" fileid="13" />
                <SequencePoint vc="1" uspid="3084" ordinal="0" offset="52" sl="91" sc="9" el="91" ec="9" bec="0" bev="0" fileid="13" />
                <SequencePoint vc="1" uspid="3085" ordinal="0" offset="64" sl="92" sc="9" el="92" ec="9" bec="0" bev="0" fileid="13" />
                <SequencePoint vc="1" uspid="3086" ordinal="0" offset="87" sl="93" sc="5" el="93" ec="5" bec="0" bev="0" fileid="13" />
              </SequencePoints>
              <BranchPoints />
            </Method>
          </Methods>
        </Class>
        <Class>
          <Summary numSequencePoints="5" visitedSequencePoints="5" numBranchPoints="0" visitedBranchPoints="0" sequenceCoverage="100.0" branchCoverage="0.0" maxCyclomaticComplexity="0" minCyclomaticComplexity="0" maxCrapScore="0" minCrapScore="0" visitedClasses="1" numClasses="1" visitedMethods="1" numMethods="1" />
          <FullName>AutoCorrelation/&lt;AutocorrelationVerification_14Fret6String_FSharp&gt;d__19</FullName>
          <Methods>
[...]
                <SequencePoint vc="1" uspid="3105" ordinal="0" offset="63" sl="124" sc="9" el="124" ec="9" bec="0" bev="0" fileid="13" />
                <SequencePoint vc="1" uspid="3106" ordinal="0" offset="86" sl="125" sc="5" el="125" ec="5" bec="0" bev="0" fileid="13" />
              </SequencePoints>
              <BranchPoints />
            </Method>
          </Methods>
        </Class>
        <Class>
          <Summary numSequencePoints="5" visitedSequencePoints="5" numBranchPoints="0" visitedBranchPoints="0" sequenceCoverage="100.0" branchCoverage="0.0" maxCyclomaticComplexity="0" minCyclomaticComplexity="0" maxCrapScore="0" minCrapScore="0" visitedClasses="1" numClasses="1" visitedMethods="1" numMethods="1" />
          <FullName>AutoCorrelation/&lt;AutocorrelationVerification_9Fret1String_CSharp&gt;d__23</FullName>
          <Methods>
            <Method visited="true" cyclomaticComplexity="0" nPathComplexity="0" sequenceCoverage="100.0" branchCoverage="0" crapScore="0" isConstructor="false" isStatic="false" isGetter="false" isSetter="false">
              <Summary numSequencePoints="5" visitedSequencePoints="5" numBranchPoints="0" visitedBranchPoints="0" sequenceCoverage="100.0" branchCoverage="0" maxCyclomaticComplexity="0" minCyclomaticComplexity="0" maxCrapScore="0" minCrapScore="0" visitedClasses="0" numClasses="0" visitedMethods="1" numMethods="1" />
              <MetadataToken>100663375</MetadataToken>
              <Name>System.Boolean AutoCorrelation/&lt;AutocorrelationVerification_9Fret1String_CSharp&gt;d__23::MoveNext()</Name>
              <FileRef uid="13" />
              <SequencePoints>
                <SequencePoint vc="1" uspid="3107" ordinal="0" offset="31" sl="129" sc="5" el="129" ec="5" bec="0" bev="0" fileid="13" />
                <SequencePoint vc="1" uspid="3108" ordinal="0" offset="32" sl="130" sc="9" el="130" ec="9" bec="0" bev="0" fileid="13" />
                <SequencePoint vc="1" uspid="3109" ordinal="0" offset="52" sl="131" sc="9" el="131" ec="9" bec="0" bev="0" fileid="13" />
                <SequencePoint vc="1" uspid="3110" ordinal="0" offset="64" sl="132" sc="9" el="132" ec="9" bec="0" bev="0" fileid="13" />
                <SequencePoint vc="1" uspid="3111" ordinal="0" offset="87" sl="133" sc="5" el="133" ec="5" bec="0" bev="0" fileid="13" />
              </SequencePoints>
              <BranchPoints />
            </Method>
          </Methods>
        </Class>
        <Class>
          <Summary numSequencePoints="5" visitedSequencePoints="5" numBranchPoints="0" visitedBranchPoints="0" sequenceCoverage="100.0" branchCoverage="0.0" maxCyclomaticComplexity="0" minCyclomaticComplexity="0" maxCrapScore="0" minCrapScore="0" visitedClasses="1" numClasses="1" visitedMethods="1" numMethods="1" />
          <FullName>AutoCorrelation/&lt;AutocorrelationVerification_2Fret5String_CSharp&gt;d__24</FullName>
          <Methods>
            <Method visited="true" cyclomaticComplexity="0" nPathComplexity="0" sequenceCoverage="100.0" branchCoverage="0" crapScore="0" isConstructor="false" isStatic="false" isGetter="false" isSetter="false">
              <Summary numSequencePoints="5" visitedSequencePoints="5" numBranchPoints="0" visitedBranchPoints="0" sequenceCoverage="100.0" branchCoverage="0" maxCyclomaticComplexity="0" minCyclomaticComplexity="0" maxCrapScore="0" minCrapScore="0" visitedClasses="0" numClasses="0" visitedMethods="1" numMethods="1" />
              <MetadataToken>100663381</MetadataToken>
              <Name>System.Boolean AutoCorrelation/&lt;AutocorrelationVerification_2Fret5String_CSharp&gt;d__24::MoveNext()</Name>
              <FileRef uid="13" />
              <SequencePoints>
                <SequencePoint vc="1" uspid="3112" ordinal="0" offset="31" sl="137" sc="5" el="137" ec="5" bec="0" bev="0" fileid="13" />
                <SequencePoint vc="1" uspid="3113" ordinal="0" offset="32" sl="138" sc="9" el="138" ec="9" bec="0" bev="0" fileid="13" />
                <SequencePoint vc="1" uspid="3114" ordinal="0" offset="51" sl="139" sc="9" el="139" ec="9" bec="0" bev="0" fileid="13" />
                <SequencePoint vc="1" uspid="3115" ordinal="0" offset="63" sl="140" sc="9" el="140" ec="9" bec="0" bev="0" fileid="13" />
                <SequencePoint vc="1" uspid="3116" ordinal="0" offset="86" sl="141" sc="5" el="141" ec="5" bec="0" bev="0" fileid="13" />
              </SequencePoints>
              <BranchPoints />
            </Method>
          </Methods>
        </Class>
        <Class>
          <Summary numSequencePoints="9" visitedSequencePoints="9" numBranchPoints="0" visitedBranchPoints="0" sequenceCoverage="100.0" branchCoverage="0.0" maxCyclomaticComplexity="0" minCyclomaticComplexity="0" maxCrapScore="0" minCrapScore="0" visitedClasses="1" numClasses="1" visitedMethods="1" numMethods="1" />
          <FullName>FretNum_StringNum_Validation/&lt;ReturnFretNum_5_5&gt;d__0</FullName>
          <Methods>
            <Method visited="true" cyclomaticComplexity="0" nPathComplexity="0" sequenceCoverage="100.0" branchCoverage="0" crapScore="0" isConstructor="false" isStatic="false" isGetter="false" isSetter="false">
              <Summary numSequencePoints="9" visitedSequencePoints="9" numBranchPoints="0" visitedBranchPoints="0" sequenceCoverage="100.0" branchCoverage="0" maxCyclomaticComplexity="0" minCyclomaticComplexity="0" maxCrapScore="0" minCrapScore="0" visitedClasses="0" numClasses="0" visitedMethods="1" numMethods="1" />
              <MetadataToken>100663387</MetadataToken>
              <Name>System.Boolean FretNum_StringNum_Validation/&lt;ReturnFretNum_5_5&gt;d__0::MoveNext()</Name>
              <FileRef uid="14" />
              <SequencePoints>
                <SequencePoint vc="1" uspid="3117" ordinal="0" offset="34" sl="11" sc="5" el="11" ec="5" bec="0" bev="0" fileid="14" />
                <SequencePoint vc="1" uspid="3118" ordinal="0" offset="35" sl="12" sc="9" el="12" ec="9" bec="0" bev="0" fileid="14" />
                <SequencePoint vc="1" uspid="3119" ordinal="0" offset="46" sl="13" sc="9" el="13" ec="9" bec="0" bev="0" fileid="14" />
                <SequencePoint vc="1" uspid="3120" ordinal="0" offset="58" sl="14" sc="9" el="14" ec="9" bec="0" bev="0" fileid="14" />
                <SequencePoint vc="1" uspid="3121" ordinal="0" offset="70" sl="15" sc="9" el="15" ec="9" bec="0" bev="0" fileid="14" />
                <SequencePoint vc="1" uspid="3122" ordinal="0" offset="87" sl="17" sc="9" el="17" ec="9" bec="0" bev="0" fileid="14" />
                <SequencePoint vc="1" uspid="3123" ordinal="0" offset="104" sl="18" sc="9" el="18" ec="9" bec="0" bev="0" fileid="14" />
                <SequencePoint vc="1" uspid="3124" ordinal="0" offset="137" sl="19" sc="9" el="19" ec="9" bec="0" bev="0" fileid="14" />
                <SequencePoint vc="1" uspid="3125" ordinal="0" offset="160" sl="20" sc="5" el="20" ec="5" bec="0" bev="0" fileid="14" />
              </SequencePoints>
              <BranchPoints />
            </Method>
          </Methods>
        </Class>
        <Class>
          <Summary numSequencePoints="9" visitedSequencePoints="9" numBranchPoints="0" visitedBranchPoints="0" sequenceCoverage="100.0" branchCoverage="0.0" maxCyclomaticComplexity="0" minCyclomaticComplexity="0" maxCrapScore="0" minCrapScore="0" visitedClasses="1" numClasses="1" visitedMethods="1" numMethods="1" />
          <FullName>FretNum_StringNum_Validation/&lt;ReturnFretNum_23_23&gt;d__1</FullName>
          <Methods>
            <Method visited="true" cyclomaticComplexity="0" nPathComplexity="0" sequenceCoverage="100.0" branchCoverage="0" crapScore="0" isConstructor="false" isStatic="false" isGetter="false" isSetter="false">
              <Summary numSequencePoints="9" visitedSequencePoints="9" numBranchPoints="0" visitedBranchPoints="0" sequenceCoverage="100.0" branchCoverage="0" maxCyclomaticComplexity="0" minCyclomaticComplexity="0" maxCrapScore="0" minCrapScore="0" visitedClasses="0" numClasses="0" visitedMethods="1" numMethods="1" />
              <MetadataToken>100663393</MetadataToken>
              <Name>System.Boolean FretNum_StringNum_Validation/&lt;ReturnFretNum_23_23&gt;d__1::MoveNext()</Name>
              <FileRef uid="14" />
              <SequencePoints>
                <SequencePoint vc="1" uspid="3126" ordinal="0" offset="34" sl="23" sc="5" el="23" ec="5" bec="0" bev="0" fileid="14" />
                <SequencePoint vc="1" uspid="3127" ordinal="0" offset="35" sl="24" sc="9" el="24" ec="9" bec="0" bev="0" fileid="14" />
                <SequencePoint vc="1" uspid="3128" ordinal="0" offset="46" sl="25" sc="9" el="25" ec="9" bec="0" bev="0" fileid="14" />
                <SequencePoint vc="1" uspid="3129" ordinal="0" offset="58" sl="26" sc="9" el="26" ec="9" bec="0" bev="0" fileid="14" />
                <SequencePoint vc="1" uspid="3130" ordinal="0" offset="70" sl="27" sc="9" el="27" ec="9" bec="0" bev="0" fileid="14" />
                <SequencePoint vc="1" uspid="3131" ordinal="0" offset="87" sl="29" sc="9" el="29" ec="9" bec="0" bev="0" fileid="14" />
                <SequencePoint vc="1" uspid="3132" ordinal="0" offset="104" sl="30" sc="9" el="30" ec="9" bec="0" bev="0" fileid="14" />
                <SequencePoint vc="1" uspid="3133" ordinal="0" offset="138" sl="31" sc="9" el="31" ec="9" bec="0" bev="0" fileid="14" />
                <SequencePoint vc="1" uspid="3134" ordinal="0" offset="161" sl="32" sc="5" el="32" ec="5" bec="0" bev="0" fileid="14" />
              </SequencePoints>
              <BranchPoints />
            </Method>
          </Methods>
        </Class>
        <Class>
          <Summary numSequencePoints="9" visitedSequencePoints="9" numBranchPoints="0" visitedBranchPoints="0" sequenceCoverage="100.0" branchCoverage="0.0" maxCyclomaticComplexity="0" minCyclomaticComplexity="0" maxCrapScore="0" minCrapScore="0" visitedClasses="1" numClasses="1" visitedMethods="1" numMethods="1" />
          <FullName>FretNum_StringNum_Validation/&lt;ReturnFretNum_12_12&gt;d__2</FullName>
          <Methods>
            <Method visited="true" cyclomaticComplexity="0" nPathComplexity="0" sequenceCoverage="100.0" branchCoverage="0" crapScore="0" isConstructor="false" isStatic="false" isGetter="false" isSetter="false">
              <Summary numSequencePoints="9" visitedSequencePoints="9" numBranchPoints="0" visitedBranchPoints="0" sequenceCoverage="100.0" branchCoverage="0" maxCyclomaticComplexity="0" minCyclomaticComplexity="0" maxCrapScore="0" minCrapScore="0" visitedClasses="0" numClasses="0" visitedMethods="1" numMethods="1" />
              <MetadataToken>100663399</MetadataToken>
              <Name>System.Boolean FretNum_StringNum_Validation/&lt;ReturnFretNum_12_12&gt;d__2::MoveNext()</Name>
              <FileRef uid="14" />
              <SequencePoints>
                <SequencePoint vc="1" uspid="3135" ordinal="0" offset="34" sl="35" sc="5" el="35" ec="5" bec="0" bev="0" fileid="14" />
                <SequencePoint vc="1" uspid="3136" ordinal="0" offset="35" sl="36" sc="9" el="36" ec="9" bec="0" bev="0" fileid="14" />
                <SequencePoint vc="1" uspid="3137" ordinal="0" offset="46" sl="37" sc="9" el="37" ec="9" bec="0" bev="0" fileid="14" />
                <SequencePoint vc="1" uspid="3138" ordinal="0" offset="58" sl="38" sc="9" el="38" ec="9" bec="0" bev="0" fileid="14" />
                <SequencePoint vc="1" uspid="3139" ordinal="0" offset="70" sl="39" sc="9" el="39" ec="9" bec="0" bev="0" fileid="14" />
                <SequencePoint vc="1" uspid="3140" ordinal="0" offset="87" sl="41" sc="9" el="41" ec="9" bec="0" bev="0" fileid="14" />
                <SequencePoint vc="1" uspid="3141" ordinal="0" offset="104" sl="42" sc="9" el="42" ec="9" bec="0" bev="0" fileid="14" />
                <SequencePoint vc="1" uspid="3142" ordinal="0" offset="138" sl="43" sc="9" el="43" ec="9" bec="0" bev="0" fileid="14" />
                <SequencePoint vc="1" uspid="3143" ordinal="0" offset="161" sl="44" sc="5" el="44" ec="5" bec="0" bev="0" fileid="14" />
              </SequencePoints>
              <BranchPoints />
            </Method>
          </Methods>
        </Class>
        <Class>
          <Summary numSequencePoints="9" visitedSequencePoints="9" numBranchPoints="0" visitedBranchPoints="0" sequenceCoverage="100.0" branchCoverage="0.0" maxCyclomaticComplexity="0" minCyclomaticComplexity="0" maxCrapScore="0" minCrapScore="0" visitedClasses="1" numClasses="1" visitedMethods="1" numMethods="1" />
          <FullName>FretNum_StringNum_Validation/&lt;ReturnStringNum_Elow_1&gt;d__3</FullName>
          <Methods>
            <Method visited="true" cyclomaticComplexity="0" nPathComplexity="0" sequenceCoverage="100.0" branchCoverage="0" crapScore="0" isConstructor="false" isStatic="false" isGetter="false" isSetter="false">
              <Summary numSequencePoints="9" visitedSequencePoints="9" numBranchPoints="0" visitedBranchPoints="0" sequenceCoverage="100.0" branchCoverage="0" maxCyclomaticComplexity="0" minCyclomaticComplexity="0" maxCrapScore="0" minCrapScore="0" visitedClasses="0" numClasses="0" visitedMethods="1" numMethods="1" />
              <MetadataToken>100663405</MetadataToken>
              <Name>System.Boolean FretNum_StringNum_Validation/&lt;ReturnStringNum_Elow_1&gt;d__3::MoveNext()</Name>
              <FileRef uid="14" />
              <SequencePoints>
                <SequencePoint vc="1" uspid="3144" ordinal="0" offset="34" sl="48" sc="5" el="48" ec="5" bec="0" bev="0" fileid="14" />
                <SequencePoint vc="1" uspid="3145" ordinal="0" offset="35" sl="49" sc="9" el="49" ec="9" bec="0" bev="0" fileid="14" />
                <SequencePoint vc="1" uspid="3146" ordinal="0" offset="46" sl="50" sc="9" el="50" ec="9" bec="0" bev="0" fileid="14" />
                <SequencePoint vc="1" uspid="3147" ordinal="0" offset="58" sl="51" sc="9" el="51" ec="9" bec="0" bev="0" fileid="14" />
                <SequencePoint vc="1" uspid="3148" ordinal="0" offset="70" sl="52" sc="9" el="52" ec="9" bec="0" bev="0" fileid="14" />
                <SequencePoint vc="1" uspid="3149" ordinal="0" offset="87" sl="54" sc="9" el="54" ec="9" bec="0" bev="0" fileid="14" />
                <SequencePoint vc="1" uspid="3150" ordinal="0" offset="104" sl="55" sc="9" el="55" ec="9" bec="0" bev="0" fileid="14" />
                <SequencePoint vc="1" uspid="3151" ordinal="0" offset="137" sl="56" sc="9" el="56" ec="9" bec="0" bev="0" fileid="14" />
                <SequencePoint vc="1" uspid="3152" ordinal="0" offset="160" sl="57" sc="5" el="57" ec="5" bec="0" bev="0" fileid="14" />
              </SequencePoints>
              <BranchPoints />
            </Method>
          </Methods>
        </Class>
        <Class>
          <Summary numSequencePoints="9" visitedSequencePoints="9" numBranchPoints="0" visitedBranchPoints="0" sequenceCoverage="100.0" branchCoverage="0.0" maxCyclomaticComplexity="0" minCyclomaticComplexity="0" maxCrapScore="0" minCrapScore="0" visitedClasses="1" numClasses="1" visitedMethods="1" numMethods="1" />
          <FullName>FretNum_StringNum_Validation/&lt;ReturnStringNum__D_3&gt;d__4</FullName>
          <Methods>
            <Method visited="true" cyclomaticComplexity="0" nPathComplexity="0" sequenceCoverage="100.0" branchCoverage="0" crapScore="0" isConstructor="false" isStatic="false" isGetter="false" isSetter="false">
              <Summary numSequencePoints="9" visitedSequencePoints="9" numBranchPoints="0" visitedBranchPoints="0" sequenceCoverage="100.0" branchCoverage="0" maxCyclomaticComplexity="0" minCyclomaticComplexity="0" maxCrapScore="0" minCrapScore="0" visitedClasses="0" numClasses="0" visitedMethods="1" numMethods="1" />
              <MetadataToken>100663411</MetadataToken>
              <Name>System.Boolean FretNum_StringNum_Validation/&lt;ReturnStringNum__D_3&gt;d__4::MoveNext()</Name>
              <FileRef uid="14" />
              <SequencePoints>
                <SequencePoint vc="1" uspid="3153" ordinal="0" offset="34" sl="61" sc="5" el="61" ec="5" bec="0" bev="0" fileid="14" />
                <SequencePoint vc="1" uspid="3154" ordinal="0" offset="35" sl="62" sc="9" el="62" ec="9" bec="0" bev="0" fileid="14" />
                <SequencePoint vc="1" uspid="3155" ordinal="0" offset="46" sl="63" sc="9" el="63" ec="9" bec="0" bev="0" fileid="14" />
                <SequencePoint vc="1" uspid="3156" ordinal="0" offset="58" sl="64" sc="9" el="64" ec="9" bec="0" bev="0" fileid="14" />
                <SequencePoint vc="1" uspid="3157" ordinal="0" offset="70" sl="65" sc="9" el="65" ec="9" bec="0" bev="0" fileid="14" />
                <SequencePoint vc="1" uspid="3158" ordinal="0" offset="87" sl="67" sc="9" el="67" ec="9" bec="0" bev="0" fileid="14" />
                <SequencePoint vc="1" uspid="3159" ordinal="0" offset="104" sl="68" sc="9" el="68" ec="9" bec="0" bev="0" fileid="14" />
                <SequencePoint vc="1" uspid="3160" ordinal="0" offset="137" sl="69" sc="9" el="69" ec="9" bec="0" bev="0" fileid="14" />
                <SequencePoint vc="1" uspid="3161" ordinal="0" offset="160" sl="70" sc="5" el="70" ec="5" bec="0" bev="0" fileid="14" />
              </SequencePoints>
              <BranchPoints />
            </Method>
          </Methods>
        </Class>
        <Class>
          <Summary numSequencePoints="9" visitedSequencePoints="9" numBranchPoints="0" visitedBranchPoints="0" sequenceCoverage="100.0" branchCoverage="0.0" maxCyclomaticComplexity="0" minCyclomaticComplexity="0" maxCrapScore="0" minCrapScore="0" visitedClasses="1" numClasses="1" visitedMethods="1" numMethods="1" />
          <FullName>FretNum_StringNum_Validation/&lt;ReturnStringNum_G_4&gt;d__5</FullName>
          <Methods>
            <Method visited="true" cyclomaticComplexity="0" nPathComplexity="0" sequenceCoverage="100.0" branchCoverage="0" crapScore="0" isConstructor="false" isStatic="false" isGetter="false" isSetter="false">
              <Summary numSequencePoints="9" visitedSequencePoints="9" numBranchPoints="0" visitedBranchPoints="0" sequenceCoverage="100.0" branchCoverage="0" maxCyclomaticComplexity="0" minCyclomaticComplexity="0" maxCrapScore="0" minCrapScore="0" visitedClasses="0" numClasses="0" visitedMethods="1" numMethods="1" />
              <MetadataToken>100663417</MetadataToken>
              <Name>System.Boolean FretNum_StringNum_Validation/&lt;ReturnStringNum_G_4&gt;d__5::MoveNext()</Name>
              <FileRef uid="14" />
              <SequencePoints>
                <SequencePoint vc="1" uspid="3162" ordinal="0" offset="34" sl="73" sc="5" el="73" ec="5" bec="0" bev="0" fileid="14" />
                <SequencePoint vc="1" uspid="3163" ordinal="0" offset="35" sl="74" sc="9" el="74" ec="9" bec="0" bev="0" fileid="14" />
                <SequencePoint vc="1" uspid="3164" ordinal="0" offset="46" sl="75" sc="9" el="75" ec="9" bec="0" bev="0" fileid="14" />
                <SequencePoint vc="1" uspid="3165" ordinal="0" offset="58" sl="76" sc="9" el="76" ec="9" bec="0" bev="0" fileid="14" />
                <SequencePoint vc="1" uspid="3166" ordinal="0" offset="70" sl="77" sc="9" el="77" ec="9" bec="0" bev="0" fileid="14" />
                <SequencePoint vc="1" uspid="3167" ordinal="0" offset="87" sl="79" sc="9" el="79" ec="9" bec="0" bev="0" fileid="14" />
                <SequencePoint vc="1" uspid="3168" ordinal="0" offset="104" sl="80" sc="9" el="80" ec="9" bec="0" bev="0" fileid="14" />
                <SequencePoint vc="1" uspid="3169" ordinal="0" offset="137" sl="81" sc="9" el="81" ec="9" bec="0" bev="0" fileid="14" />
                <SequencePoint vc="1" uspid="3170" ordinal="0" offset="160" sl="82" sc="5" el="82" ec="5" bec="0" bev="0" fileid="14" />
              </SequencePoints>
              <BranchPoints />
            </Method>
          </Methods>
        </Class>
      </Classes>
    </Module>
  </Modules>
</CoverageSession>