<?xml version="1.0" encoding="utf-8"?>
<CoverageSession xmlns:xsd="http://www.w3.org/2001/XMLSchema" xmlns:xsi="http://www.w3.org/2001/XMLSchema-instance" Version="0.0.0.0">
  <Summary numSequencePoints="279" visitedSequencePoints="254" numBranchPoints="0" visitedBranchPoints="0" sequenceCoverage="91.04" branchCoverage="0.0" maxCyclomaticComplexity="0" minCyclomaticComplexity="0" maxCrapScore="0" minCrapScore="0" visitedClasses="7" numClasses="9" visitedMethods="15" numMethods="19" />
  <Modules>
    <Module>
      <Summary numSequencePoints="191" visitedSequencePoints="166" numBranchPoints="0" visitedBranchPoints="0" sequenceCoverage="86.91" branchCoverage="0.0" maxCyclomaticComplexity="0" minCyclomaticComplexity="0" maxCrapScore="0" minCrapScore="0" visitedClasses="6" numClasses="8" visitedMethods="8" numMethods="12" />
      <ModuleTime>0001-01-01T00:00:00</ModuleTime>
      <ModuleName>Scripts</ModuleName>
      <Files>
        <File uid="1" fullPath="C:/Users/Administrator/OneDrive/Documents/GitHub/AAA/AGS_guitarALL_EPICS/ULTIMATE_GUITAR/Assets/Scripts/AudioAnalyzer.cs" />
        <File uid="2" fullPath="C:/Users/Administrator/OneDrive/Documents/GitHub/AAA/AGS_guitarALL_EPICS/ULTIMATE_GUITAR/Assets/Scripts/ButtonScript.cs" />
        <File uid="3" fullPath="C:/Users/Administrator/OneDrive/Documents/GitHub/AAA/AGS_guitarALL_EPICS/ULTIMATE_GUITAR/Assets/Scripts/CapoController.cs" />
        <File uid="4" fullPath="C:/Users/Administrator/OneDrive/Documents/GitHub/AAA/AGS_guitarALL_EPICS/ULTIMATE_GUITAR/Assets/Scripts/FileHandler.cs" />
        <File uid="5" fullPath="C:/Users/Administrator/OneDrive/Documents/GitHub/AAA/AGS_guitarALL_EPICS/ULTIMATE_GUITAR/Assets/Scripts/FretNum.cs" />
        <File uid="6" fullPath="C:/Users/Administrator/OneDrive/Documents/GitHub/AAA/AGS_guitarALL_EPICS/ULTIMATE_GUITAR/Assets/Scripts/GuitarSoundManager.cs" />
        <File uid="7" fullPath="C:/Users/Administrator/OneDrive/Documents/GitHub/AAA/AGS_guitarALL_EPICS/ULTIMATE_GUITAR/Assets/Scripts/GuitarString.cs" />
        <File uid="8" fullPath="C:/Users/Administrator/OneDrive/Documents/GitHub/AAA/AGS_guitarALL_EPICS/ULTIMATE_GUITAR/Assets/Scripts/JsonCompare.cs" />
        <File uid="9" fullPath="C:/Users/Administrator/OneDrive/Documents/GitHub/AAA/AGS_guitarALL_EPICS/ULTIMATE_GUITAR/Assets/Scripts/ManualGuitar/AudioTesting.cs" />
        <File uid="10" fullPath="C:/Users/Administrator/OneDrive/Documents/GitHub/AAA/AGS_guitarALL_EPICS/ULTIMATE_GUITAR/Assets/Scripts/SphereController.cs" />
        <File uid="11" fullPath="C:/Users/Administrator/OneDrive/Documents/GitHub/AAA/AGS_guitarALL_EPICS/ULTIMATE_GUITAR/Assets/Scripts/StorePlayedNote.cs" />
        <File uid="12" fullPath="C:/Users/Administrator/OneDrive/Documents/GitHub/AAA/AGS_guitarALL_EPICS/ULTIMATE_GUITAR/Assets/Scripts/StringClickHandler.cs" />
      </Files>
      <Classes>
        <Class>
          <Summary numSequencePoints="3" visitedSequencePoints="3" numBranchPoints="0" visitedBranchPoints="0" sequenceCoverage="100.0" branchCoverage="0.0" maxCyclomaticComplexity="0" minCyclomaticComplexity="0" maxCrapScore="0" minCrapScore="0" visitedClasses="1" numClasses="1" visitedMethods="1" numMethods="1" />
          <FullName>CapoController</FullName>
          <Methods>
            <Method visited="true" cyclomaticComplexity="0" nPathComplexity="0" sequenceCoverage="100.0" branchCoverage="0" crapScore="0" isConstructor="true" isStatic="false" isGetter="false" isSetter="false">
              <Summary numSequencePoints="3" visitedSequencePoints="3" numBranchPoints="0" visitedBranchPoints="0" sequenceCoverage="100.0" branchCoverage="0" maxCyclomaticComplexity="0" minCyclomaticComplexity="0" maxCrapScore="0" minCrapScore="0" visitedClasses="0" numClasses="0" visitedMethods="1" numMethods="1" />
              <MetadataToken>100663319</MetadataToken>
              <Name>CapoController::CapoController()</Name>
              <FileRef uid="3" />
              <SequencePoints>
                <SequencePoint vc="1" uspid="1852" ordinal="0" offset="0" sl="9" sc="5" el="9" ec="5" bec="0" bev="0" fileid="3" />
                <SequencePoint vc="1" uspid="1853" ordinal="0" offset="300" sl="29" sc="5" el="29" ec="5" bec="0" bev="0" fileid="3" />
                <SequencePoint vc="1" uspid="1854" ordinal="0" offset="600" sl="49" sc="5" el="49" ec="5" bec="0" bev="0" fileid="3" />
              </SequencePoints>
              <BranchPoints />
            </Method>
          </Methods>
        </Class>
        <Class>
          <Summary numSequencePoints="14" visitedSequencePoints="0" numBranchPoints="0" visitedBranchPoints="0" sequenceCoverage="0.0" branchCoverage="0.0" maxCyclomaticComplexity="0" minCyclomaticComplexity="0" maxCrapScore="0" minCrapScore="0" visitedClasses="0" numClasses="1" visitedMethods="0" numMethods="2" />
          <FullName>FileHandler</FullName>
          <Methods>
            <Method visited="false" cyclomaticComplexity="0" nPathComplexity="0" sequenceCoverage="0.0" branchCoverage="0" crapScore="0" isConstructor="false" isStatic="true" isGetter="false" isSetter="false">
              <Summary numSequencePoints="6" visitedSequencePoints="0" numBranchPoints="0" visitedBranchPoints="0" sequenceCoverage="0.0" branchCoverage="0" maxCyclomaticComplexity="0" minCyclomaticComplexity="0" maxCrapScore="0" minCrapScore="0" visitedClasses="0" numClasses="0" visitedMethods="0" numMethods="1" />
              <MetadataToken>100663320</MetadataToken>
              <Name>static System.Void FileHandler::SaveToJSON[T](System.Collections.Generic.List[T], System.String)</Name>
              <FileRef uid="4" />
              <SequencePoints>
                <SequencePoint vc="0" uspid="1855" ordinal="0" offset="0" sl="10" sc="0" el="10" ec="0" bec="0" bev="0" fileid="4" />
                <SequencePoint vc="0" uspid="1856" ordinal="0" offset="1" sl="11" sc="0" el="11" ec="0" bec="0" bev="0" fileid="4" />
                <SequencePoint vc="0" uspid="1857" ordinal="0" offset="13" sl="12" sc="0" el="12" ec="0" bec="0" bev="0" fileid="4" />
                <SequencePoint vc="0" uspid="1858" ordinal="0" offset="25" sl="13" sc="0" el="13" ec="0" bec="0" bev="0" fileid="4" />
                <SequencePoint vc="0" uspid="1859" ordinal="0" offset="42" sl="14" sc="0" el="14" ec="0" bec="0" bev="0" fileid="4" />
                <SequencePoint vc="0" uspid="1860" ordinal="0" offset="55" sl="15" sc="0" el="15" ec="0" bec="0" bev="0" fileid="4" />
              </SequencePoints>
              <BranchPoints />
            </Method>
            <Method visited="false" cyclomaticComplexity="0" nPathComplexity="0" sequenceCoverage="0.0" branchCoverage="0" crapScore="0" isConstructor="false" isStatic="true" isGetter="false" isSetter="false">
              <Summary numSequencePoints="8" visitedSequencePoints="0" numBranchPoints="0" visitedBranchPoints="0" sequenceCoverage="0.0" branchCoverage="0" maxCyclomaticComplexity="0" minCyclomaticComplexity="0" maxCrapScore="0" minCrapScore="0" visitedClasses="0" numClasses="0" visitedMethods="0" numMethods="1" />
              <MetadataToken>100663321</MetadataToken>
              <Name>static System.Collections.Generic.List[T] FileHandler::ReadFromJSON[T](System.String)</Name>
              <FileRef uid="4" />
              <SequencePoints>
                <SequencePoint vc="0" uspid="1861" ordinal="0" offset="0" sl="18" sc="0" el="18" ec="0" bec="0" bev="0" fileid="4" />
                <SequencePoint vc="0" uspid="1862" ordinal="0" offset="1" sl="19" sc="0" el="19" ec="0" bec="0" bev="0" fileid="4" />
                <SequencePoint vc="0" uspid="1863" ordinal="0" offset="13" sl="21" sc="0" el="21" ec="0" bec="0" bev="0" fileid="4" />
                <SequencePoint vc="0" uspid="1864" ordinal="0" offset="39" sl="22" sc="0" el="22" ec="0" bec="0" bev="0" fileid="4" />
                <SequencePoint vc="0" uspid="1865" ordinal="0" offset="40" sl="23" sc="0" el="23" ec="0" bec="0" bev="0" fileid="4" />
                <SequencePoint vc="0" uspid="1866" ordinal="0" offset="48" sl="26" sc="0" el="26" ec="0" bec="0" bev="0" fileid="4" />
                <SequencePoint vc="0" uspid="1867" ordinal="0" offset="60" sl="27" sc="0" el="27" ec="0" bec="0" bev="0" fileid="4" />
                <SequencePoint vc="0" uspid="1868" ordinal="0" offset="64" sl="28" sc="0" el="28" ec="0" bec="0" bev="0" fileid="4" />
              </SequencePoints>
              <BranchPoints />
            </Method>
          </Methods>
        </Class>
        <Class>
          <Summary numSequencePoints="9" visitedSequencePoints="0" numBranchPoints="0" visitedBranchPoints="0" sequenceCoverage="0.0" branchCoverage="0.0" maxCyclomaticComplexity="0" minCyclomaticComplexity="0" maxCrapScore="0" minCrapScore="0" visitedClasses="0" numClasses="1" visitedMethods="0" numMethods="2" />
          <FullName>JsonHelper</FullName>
          <Methods>
            <Method visited="false" cyclomaticComplexity="0" nPathComplexity="0" sequenceCoverage="0.0" branchCoverage="0" crapScore="0" isConstructor="false" isStatic="true" isGetter="false" isSetter="false">
              <Summary numSequencePoints="4" visitedSequencePoints="0" numBranchPoints="0" visitedBranchPoints="0" sequenceCoverage="0.0" branchCoverage="0" maxCyclomaticComplexity="0" minCyclomaticComplexity="0" maxCrapScore="0" minCrapScore="0" visitedClasses="0" numClasses="0" visitedMethods="0" numMethods="1" />
              <MetadataToken>100663325</MetadataToken>
              <Name>static JsonHelper::FromJson[T](System.String)</Name>
              <FileRef uid="4" />
              <SequencePoints>
                <SequencePoint vc="0" uspid="1888" ordinal="0" offset="0" sl="61" sc="0" el="61" ec="0" bec="0" bev="0" fileid="4" />
                <SequencePoint vc="0" uspid="1889" ordinal="0" offset="1" sl="62" sc="0" el="62" ec="0" bec="0" bev="0" fileid="4" />
                <SequencePoint vc="0" uspid="1890" ordinal="0" offset="8" sl="63" sc="0" el="63" ec="0" bec="0" bev="0" fileid="4" />
                <SequencePoint vc="0" uspid="1891" ordinal="0" offset="17" sl="64" sc="0" el="64" ec="0" bec="0" bev="0" fileid="4" />
              </SequencePoints>
              <BranchPoints />
            </Method>
            <Method visited="false" cyclomaticComplexity="0" nPathComplexity="0" sequenceCoverage="0.0" branchCoverage="0" crapScore="0" isConstructor="false" isStatic="true" isGetter="false" isSetter="false">
              <Summary numSequencePoints="5" visitedSequencePoints="0" numBranchPoints="0" visitedBranchPoints="0" sequenceCoverage="0.0" branchCoverage="0" maxCyclomaticComplexity="0" minCyclomaticComplexity="0" maxCrapScore="0" minCrapScore="0" visitedClasses="0" numClasses="0" visitedMethods="0" numMethods="1" />
              <MetadataToken>100663326</MetadataToken>
              <Name>static System.String JsonHelper::ToJson[T]()</Name>
              <FileRef uid="4" />
              <SequencePoints>
                <SequencePoint vc="0" uspid="1892" ordinal="0" offset="0" sl="66" sc="0" el="66" ec="0" bec="0" bev="0" fileid="4" />
                <SequencePoint vc="0" uspid="1893" ordinal="0" offset="1" sl="67" sc="0" el="67" ec="0" bec="0" bev="0" fileid="4" />
                <SequencePoint vc="0" uspid="1894" ordinal="0" offset="7" sl="68" sc="0" el="68" ec="0" bec="0" bev="0" fileid="4" />
                <SequencePoint vc="0" uspid="1895" ordinal="0" offset="14" sl="69" sc="0" el="69" ec="0" bec="0" bev="0" fileid="4" />
                <SequencePoint vc="0" uspid="1896" ordinal="0" offset="23" sl="70" sc="0" el="70" ec="0" bec="0" bev="0" fileid="4" />
              </SequencePoints>
              <BranchPoints />
            </Method>
          </Methods>
        </Class>
        <Class>
          <Summary numSequencePoints="1" visitedSequencePoints="1" numBranchPoints="0" visitedBranchPoints="0" sequenceCoverage="100.0" branchCoverage="0.0" maxCyclomaticComplexity="0" minCyclomaticComplexity="0" maxCrapScore="0" minCrapScore="0" visitedClasses="1" numClasses="1" visitedMethods="1" numMethods="1" />
          <FullName>GuitarSoundManager</FullName>
          <Methods>
            <Method visited="true" cyclomaticComplexity="0" nPathComplexity="0" sequenceCoverage="100.0" branchCoverage="0" crapScore="0" isConstructor="true" isStatic="false" isGetter="false" isSetter="false">
              <Summary numSequencePoints="1" visitedSequencePoints="1" numBranchPoints="0" visitedBranchPoints="0" sequenceCoverage="100.0" branchCoverage="0" maxCyclomaticComplexity="0" minCyclomaticComplexity="0" maxCrapScore="0" minCrapScore="0" visitedClasses="0" numClasses="0" visitedMethods="1" numMethods="1" />
              <MetadataToken>100663334</MetadataToken>
              <Name>GuitarSoundManager::GuitarSoundManager()</Name>
              <FileRef uid="6" />
              <SequencePoints>
                <SequencePoint vc="1" uspid="1967" ordinal="0" offset="0" sl="29" sc="5" el="29" ec="5" bec="0" bev="0" fileid="6" />
              </SequencePoints>
              <BranchPoints />
            </Method>
          </Methods>
        </Class>
        <Class>
          <Summary numSequencePoints="145" visitedSequencePoints="143" numBranchPoints="0" visitedBranchPoints="0" sequenceCoverage="98.62" branchCoverage="0.0" maxCyclomaticComplexity="0" minCyclomaticComplexity="0" maxCrapScore="0" minCrapScore="0" visitedClasses="1" numClasses="1" visitedMethods="3" numMethods="3" />
          <FullName>JsonCompare</FullName>
          <Methods>
            <Method visited="true" cyclomaticComplexity="0" nPathComplexity="0" sequenceCoverage="97.67" branchCoverage="0" crapScore="0" isConstructor="false" isStatic="true" isGetter="false" isSetter="false">
              <Summary numSequencePoints="86" visitedSequencePoints="84" numBranchPoints="0" visitedBranchPoints="0" sequenceCoverage="97.67" branchCoverage="0" maxCyclomaticComplexity="0" minCyclomaticComplexity="0" maxCrapScore="0" minCrapScore="0" visitedClasses="0" numClasses="0" visitedMethods="1" numMethods="1" />
              <MetadataToken>100663339</MetadataToken>
              <Name>static System.Void JsonCompare::JsonConverterToCharacter(StorePlayedNote[], StorePlayedNote[])</Name>
              <FileRef uid="8" />
              <SequencePoints>
                <SequencePoint vc="7" uspid="2006" ordinal="0" offset="0" sl="66" sc="5" el="66" ec="5" bec="0" bev="0" fileid="8" />
                <SequencePoint vc="7" uspid="2007" ordinal="0" offset="1" sl="68" sc="9" el="68" ec="9" bec="0" bev="0" fileid="8" />
                <SequencePoint vc="7" uspid="2008" ordinal="0" offset="10" sl="69" sc="9" el="69" ec="9" bec="0" bev="0" fileid="8" />
                <SequencePoint vc="7" uspid="2009" ordinal="0" offset="19" sl="71" sc="9" el="71" ec="9" bec="0" bev="0" fileid="8" />
                <SequencePoint vc="7" uspid="2010" ordinal="0" offset="29" sl="72" sc="9" el="72" ec="9" bec="0" bev="0" fileid="8" />
                <SequencePoint vc="7" uspid="2011" ordinal="0" offset="39" sl="74" sc="14" el="74" ec="14" bec="0" bev="0" fileid="8" />
                <SequencePoint vc="27" uspid="2012" ordinal="0" offset="44" sl="75" sc="9" el="75" ec="9" bec="0" bev="0" fileid="8" />
                <SequencePoint vc="27" uspid="2013" ordinal="0" offset="45" sl="76" sc="18" el="76" ec="18" bec="0" bev="0" fileid="8" />
                <SequencePoint vc="97" uspid="2014" ordinal="0" offset="50" sl="77" sc="13" el="77" ec="13" bec="0" bev="0" fileid="8" />
                <SequencePoint vc="97" uspid="2015" ordinal="0" offset="51" sl="78" sc="13" el="78" ec="13" bec="0" bev="0" fileid="8" />
                <SequencePoint vc="27" uspid="2016" ordinal="0" offset="79" sl="79" sc="13" el="79" ec="13" bec="0" bev="0" fileid="8" />
                <SequencePoint vc="27" uspid="2017" ordinal="0" offset="80" sl="80" sc="21" el="80" ec="21" bec="0" bev="0" fileid="8" />
                <SequencePoint vc="27" uspid="2018" ordinal="0" offset="103" sl="82" sc="21" el="82" ec="21" bec="0" bev="0" fileid="8" />
                <SequencePoint vc="70" uspid="2019" ordinal="0" offset="105" sl="84" sc="13" el="84" ec="13" bec="0" bev="0" fileid="8" />
                <SequencePoint vc="70" uspid="2020" ordinal="0" offset="106" sl="76" sc="37" el="76" ec="37" bec="0" bev="0" fileid="8" />
                <SequencePoint vc="97" uspid="2021" ordinal="0" offset="112" sl="76" sc="29" el="76" ec="29" bec="0" bev="0" fileid="8" />
                <SequencePoint vc="27" uspid="2022" ordinal="0" offset="124" sl="85" sc="9" el="85" ec="9" bec="0" bev="0" fileid="8" />
                <SequencePoint vc="27" uspid="2023" ordinal="0" offset="125" sl="74" sc="54" el="74" ec="54" bec="0" bev="0" fileid="8" />
                <SequencePoint vc="34" uspid="2024" ordinal="0" offset="131" sl="74" sc="25" el="74" ec="25" bec="0" bev="0" fileid="8" />
                <SequencePoint vc="7" uspid="2025" ordinal="0" offset="144" sl="86" sc="14" el="86" ec="14" bec="0" bev="0" fileid="8" />
                <SequencePoint vc="24" uspid="2026" ordinal="0" offset="149" sl="87" sc="9" el="87" ec="9" bec="0" bev="0" fileid="8" />
                <SequencePoint vc="24" uspid="2027" ordinal="0" offset="150" sl="88" sc="18" el="88" ec="18" bec="0" bev="0" fileid="8" />
                <SequencePoint vc="147" uspid="2028" ordinal="0" offset="155" sl="89" sc="13" el="89" ec="13" bec="0" bev="0" fileid="8" />
                <SequencePoint vc="147" uspid="2029" ordinal="0" offset="156" sl="90" sc="17" el="90" ec="17" bec="0" bev="0" fileid="8" />
                <SequencePoint vc="24" uspid="2030" ordinal="0" offset="184" sl="91" sc="17" el="91" ec="17" bec="0" bev="0" fileid="8" />
                <SequencePoint vc="24" uspid="2031" ordinal="0" offset="185" sl="92" sc="21" el="92" ec="21" bec="0" bev="0" fileid="8" />
                <SequencePoint vc="24" uspid="2032" ordinal="0" offset="209" sl="94" sc="21" el="94" ec="21" bec="0" bev="0" fileid="8" />
                <SequencePoint vc="123" uspid="2033" ordinal="0" offset="211" sl="96" sc="13" el="96" ec="13" bec="0" bev="0" fileid="8" />
                <SequencePoint vc="123" uspid="2034" ordinal="0" offset="212" sl="88" sc="37" el="88" ec="37" bec="0" bev="0" fileid="8" />
                <SequencePoint vc="147" uspid="2035" ordinal="0" offset="218" sl="88" sc="29" el="88" ec="29" bec="0" bev="0" fileid="8" />
                <SequencePoint vc="24" uspid="2036" ordinal="0" offset="230" sl="97" sc="9" el="97" ec="9" bec="0" bev="0" fileid="8" />
                <SequencePoint vc="24" uspid="2037" ordinal="0" offset="231" sl="86" sc="50" el="86" ec="50" bec="0" bev="0" fileid="8" />
                <SequencePoint vc="31" uspid="2038" ordinal="0" offset="237" sl="86" sc="25" el="86" ec="25" bec="0" bev="0" fileid="8" />
                <SequencePoint vc="7" uspid="2039" ordinal="0" offset="250" sl="98" sc="14" el="98" ec="14" bec="0" bev="0" fileid="8" />
                <SequencePoint vc="27" uspid="2040" ordinal="0" offset="255" sl="99" sc="9" el="99" ec="9" bec="0" bev="0" fileid="8" />
                <SequencePoint vc="27" uspid="2041" ordinal="0" offset="256" sl="100" sc="18" el="100" ec="18" bec="0" bev="0" fileid="8" />
                <SequencePoint vc="27" uspid="2042" ordinal="0" offset="261" sl="101" sc="13" el="101" ec="13" bec="0" bev="0" fileid="8" />
                <SequencePoint vc="27" uspid="2043" ordinal="0" offset="262" sl="102" sc="17" el="102" ec="17" bec="0" bev="0" fileid="8" />
                <SequencePoint vc="27" uspid="2044" ordinal="0" offset="290" sl="103" sc="17" el="103" ec="17" bec="0" bev="0" fileid="8" />
                <SequencePoint vc="27" uspid="2045" ordinal="0" offset="291" sl="104" sc="21" el="104" ec="21" bec="0" bev="0" fileid="8" />
                <SequencePoint vc="27" uspid="2046" ordinal="0" offset="314" sl="106" sc="21" el="106" ec="21" bec="0" bev="0" fileid="8" />
                <SequencePoint vc="0" uspid="2047" ordinal="0" offset="316" sl="108" sc="13" el="108" ec="13" bec="0" bev="0" fileid="8" />
                <SequencePoint vc="0" uspid="2048" ordinal="0" offset="317" sl="100" sc="36" el="100" ec="36" bec="0" bev="0" fileid="8" />
                <SequencePoint vc="27" uspid="2049" ordinal="0" offset="323" sl="100" sc="29" el="100" ec="29" bec="0" bev="0" fileid="8" />
                <SequencePoint vc="27" uspid="2050" ordinal="0" offset="334" sl="109" sc="9" el="109" ec="9" bec="0" bev="0" fileid="8" />
                <SequencePoint vc="27" uspid="2051" ordinal="0" offset="335" sl="98" sc="54" el="98" ec="54" bec="0" bev="0" fileid="8" />
                <SequencePoint vc="34" uspid="2052" ordinal="0" offset="341" sl="98" sc="25" el="98" ec="25" bec="0" bev="0" fileid="8" />
                <SequencePoint vc="7" uspid="2053" ordinal="0" offset="354" sl="110" sc="14" el="110" ec="14" bec="0" bev="0" fileid="8" />
                <SequencePoint vc="24" uspid="2054" ordinal="0" offset="359" sl="111" sc="9" el="111" ec="9" bec="0" bev="0" fileid="8" />
                <SequencePoint vc="24" uspid="2055" ordinal="0" offset="360" sl="112" sc="18" el="112" ec="18" bec="0" bev="0" fileid="8" />
                <SequencePoint vc="49" uspid="2056" ordinal="0" offset="365" sl="113" sc="13" el="113" ec="13" bec="0" bev="0" fileid="8" />
                <SequencePoint vc="49" uspid="2057" ordinal="0" offset="366" sl="114" sc="17" el="114" ec="17" bec="0" bev="0" fileid="8" />
                <SequencePoint vc="24" uspid="2058" ordinal="0" offset="394" sl="115" sc="17" el="115" ec="17" bec="0" bev="0" fileid="8" />
                <SequencePoint vc="24" uspid="2059" ordinal="0" offset="395" sl="116" sc="21" el="116" ec="21" bec="0" bev="0" fileid="8" />
                <SequencePoint vc="24" uspid="2060" ordinal="0" offset="419" sl="118" sc="21" el="118" ec="21" bec="0" bev="0" fileid="8" />
                <SequencePoint vc="25" uspid="2061" ordinal="0" offset="421" sl="120" sc="13" el="120" ec="13" bec="0" bev="0" fileid="8" />
                <SequencePoint vc="25" uspid="2062" ordinal="0" offset="422" sl="112" sc="36" el="112" ec="36" bec="0" bev="0" fileid="8" />
                <SequencePoint vc="49" uspid="2063" ordinal="0" offset="428" sl="112" sc="29" el="112" ec="29" bec="0" bev="0" fileid="8" />
                <SequencePoint vc="24" uspid="2064" ordinal="0" offset="439" sl="121" sc="9" el="121" ec="9" bec="0" bev="0" fileid="8" />
                <SequencePoint vc="24" uspid="2065" ordinal="0" offset="440" sl="110" sc="50" el="110" ec="50" bec="0" bev="0" fileid="8" />
                <SequencePoint vc="31" uspid="2066" ordinal="0" offset="446" sl="110" sc="25" el="110" ec="25" bec="0" bev="0" fileid="8" />
                <SequencePoint vc="7" uspid="2067" ordinal="0" offset="459" sl="122" sc="9" el="122" ec="9" bec="0" bev="0" fileid="8" />
                <SequencePoint vc="7" uspid="2068" ordinal="0" offset="472" sl="123" sc="9" el="123" ec="9" bec="0" bev="0" fileid="8" />
                <SequencePoint vc="7" uspid="2069" ordinal="0" offset="485" sl="124" sc="9" el="124" ec="9" bec="0" bev="0" fileid="8" />
                <SequencePoint vc="7" uspid="2070" ordinal="0" offset="499" sl="125" sc="9" el="125" ec="9" bec="0" bev="0" fileid="8" />
                <SequencePoint vc="7" uspid="2071" ordinal="0" offset="513" sl="127" sc="9" el="127" ec="9" bec="0" bev="0" fileid="8" />
                <SequencePoint vc="7" uspid="2072" ordinal="0" offset="523" sl="128" sc="9" el="128" ec="9" bec="0" bev="0" fileid="8" />
                <SequencePoint vc="7" uspid="2073" ordinal="0" offset="533" sl="130" sc="9" el="130" ec="9" bec="0" bev="0" fileid="8" />
                <SequencePoint vc="7" uspid="2074" ordinal="0" offset="556" sl="131" sc="9" el="131" ec="9" bec="0" bev="0" fileid="8" />
                <SequencePoint vc="7" uspid="2075" ordinal="0" offset="584" sl="133" sc="9" el="133" ec="9" bec="0" bev="0" fileid="8" />
                <SequencePoint vc="7" uspid="2076" ordinal="0" offset="606" sl="134" sc="9" el="134" ec="9" bec="0" bev="0" fileid="8" />
                <SequencePoint vc="7" uspid="2077" ordinal="0" offset="628" sl="136" sc="9" el="136" ec="9" bec="0" bev="0" fileid="8" />
                <SequencePoint vc="7" uspid="2078" ordinal="0" offset="645" sl="137" sc="9" el="137" ec="9" bec="0" bev="0" fileid="8" />
                <SequencePoint vc="7" uspid="2079" ordinal="0" offset="662" sl="139" sc="9" el="139" ec="9" bec="0" bev="0" fileid="8" />
                <SequencePoint vc="5" uspid="2080" ordinal="0" offset="687" sl="140" sc="9" el="140" ec="9" bec="0" bev="0" fileid="8" />
                <SequencePoint vc="5" uspid="2081" ordinal="0" offset="688" sl="141" sc="13" el="141" ec="13" bec="0" bev="0" fileid="8" />
                <SequencePoint vc="1" uspid="2082" ordinal="0" offset="724" sl="142" sc="13" el="142" ec="13" bec="0" bev="0" fileid="8" />
                <SequencePoint vc="1" uspid="2083" ordinal="0" offset="725" sl="143" sc="17" el="143" ec="17" bec="0" bev="0" fileid="8" />
                <SequencePoint vc="1" uspid="2084" ordinal="0" offset="745" sl="144" sc="13" el="144" ec="13" bec="0" bev="0" fileid="8" />
                <SequencePoint vc="5" uspid="2085" ordinal="0" offset="746" sl="145" sc="13" el="145" ec="13" bec="0" bev="0" fileid="8" />
                <SequencePoint vc="5" uspid="2086" ordinal="0" offset="787" sl="147" sc="9" el="147" ec="9" bec="0" bev="0" fileid="8" />
                <SequencePoint vc="2" uspid="2087" ordinal="0" offset="790" sl="149" sc="9" el="149" ec="9" bec="0" bev="0" fileid="8" />
                <SequencePoint vc="2" uspid="2088" ordinal="0" offset="791" sl="150" sc="13" el="150" ec="13" bec="0" bev="0" fileid="8" />
                <SequencePoint vc="2" uspid="2089" ordinal="0" offset="805" sl="151" sc="13" el="151" ec="13" bec="0" bev="0" fileid="8" />
                <SequencePoint vc="2" uspid="2090" ordinal="0" offset="846" sl="152" sc="9" el="152" ec="9" bec="0" bev="0" fileid="8" />
                <SequencePoint vc="7" uspid="2091" ordinal="0" offset="847" sl="154" sc="5" el="154" ec="5" bec="0" bev="0" fileid="8" />
              </SequencePoints>
              <BranchPoints />
            </Method>
            <Method visited="true" cyclomaticComplexity="0" nPathComplexity="0" sequenceCoverage="100.0" branchCoverage="0" crapScore="0" isConstructor="false" isStatic="true" isGetter="false" isSetter="false">
              <Summary numSequencePoints="53" visitedSequencePoints="53" numBranchPoints="0" visitedBranchPoints="0" sequenceCoverage="100.0" branchCoverage="0" maxCyclomaticComplexity="0" minCyclomaticComplexity="0" maxCrapScore="0" minCrapScore="0" visitedClasses="0" numClasses="0" visitedMethods="1" numMethods="1" />
              <MetadataToken>100663340</MetadataToken>
              <Name>static System.Int32 JsonCompare::NeedlemanWunsch(System.String, System.String)</Name>
              <FileRef uid="8" />
              <SequencePoints>
                <SequencePoint vc="14" uspid="2092" ordinal="0" offset="0" sl="157" sc="5" el="157" ec="5" bec="0" bev="0" fileid="8" />
                <SequencePoint vc="14" uspid="2093" ordinal="0" offset="1" sl="158" sc="9" el="158" ec="9" bec="0" bev="0" fileid="8" />
                <SequencePoint vc="14" uspid="2094" ordinal="0" offset="8" sl="159" sc="9" el="159" ec="9" bec="0" bev="0" fileid="8" />
                <SequencePoint vc="14" uspid="2095" ordinal="0" offset="15" sl="162" sc="9" el="162" ec="9" bec="0" bev="0" fileid="8" />
                <SequencePoint vc="14" uspid="2096" ordinal="0" offset="28" sl="163" sc="14" el="163" ec="14" bec="0" bev="0" fileid="8" />
                <SequencePoint vc="54" uspid="2097" ordinal="0" offset="32" sl="164" sc="9" el="164" ec="9" bec="0" bev="0" fileid="8" />
                <SequencePoint vc="54" uspid="2098" ordinal="0" offset="33" sl="165" sc="13" el="165" ec="13" bec="0" bev="0" fileid="8" />
                <SequencePoint vc="54" uspid="2099" ordinal="0" offset="44" sl="166" sc="9" el="166" ec="9" bec="0" bev="0" fileid="8" />
                <SequencePoint vc="54" uspid="2100" ordinal="0" offset="45" sl="163" sc="29" el="163" ec="29" bec="0" bev="0" fileid="8" />
                <SequencePoint vc="68" uspid="2101" ordinal="0" offset="49" sl="163" sc="21" el="163" ec="21" bec="0" bev="0" fileid="8" />
                <SequencePoint vc="14" uspid="2102" ordinal="0" offset="62" sl="167" sc="14" el="167" ec="14" bec="0" bev="0" fileid="8" />
                <SequencePoint vc="48" uspid="2103" ordinal="0" offset="66" sl="168" sc="9" el="168" ec="9" bec="0" bev="0" fileid="8" />
                <SequencePoint vc="48" uspid="2104" ordinal="0" offset="67" sl="169" sc="13" el="169" ec="13" bec="0" bev="0" fileid="8" />
                <SequencePoint vc="48" uspid="2105" ordinal="0" offset="78" sl="170" sc="9" el="170" ec="9" bec="0" bev="0" fileid="8" />
                <SequencePoint vc="48" uspid="2106" ordinal="0" offset="79" sl="167" sc="29" el="167" ec="29" bec="0" bev="0" fileid="8" />
                <SequencePoint vc="62" uspid="2107" ordinal="0" offset="83" sl="167" sc="21" el="167" ec="21" bec="0" bev="0" fileid="8" />
                <SequencePoint vc="14" uspid="2108" ordinal="0" offset="96" sl="173" sc="14" el="173" ec="14" bec="0" bev="0" fileid="8" />
                <SequencePoint vc="54" uspid="2109" ordinal="0" offset="103" sl="174" sc="9" el="174" ec="9" bec="0" bev="0" fileid="8" />
                <SequencePoint vc="54" uspid="2110" ordinal="0" offset="104" sl="175" sc="18" el="175" ec="18" bec="0" bev="0" fileid="8" />
                <SequencePoint vc="196" uspid="2111" ordinal="0" offset="108" sl="176" sc="13" el="176" ec="13" bec="0" bev="0" fileid="8" />
                <SequencePoint vc="196" uspid="2112" ordinal="0" offset="109" sl="177" sc="17" el="177" ec="17" bec="0" bev="0" fileid="8" />
                <SequencePoint vc="196" uspid="2113" ordinal="0" offset="135" sl="178" sc="17" el="178" ec="17" bec="0" bev="0" fileid="8" />
                <SequencePoint vc="196" uspid="2114" ordinal="0" offset="153" sl="179" sc="17" el="179" ec="17" bec="0" bev="0" fileid="8" />
                <SequencePoint vc="196" uspid="2115" ordinal="0" offset="168" sl="180" sc="17" el="180" ec="17" bec="0" bev="0" fileid="8" />
                <SequencePoint vc="196" uspid="2116" ordinal="0" offset="183" sl="181" sc="17" el="181" ec="17" bec="0" bev="0" fileid="8" />
                <SequencePoint vc="196" uspid="2117" ordinal="0" offset="208" sl="182" sc="13" el="182" ec="13" bec="0" bev="0" fileid="8" />
                <SequencePoint vc="196" uspid="2118" ordinal="0" offset="209" sl="175" sc="33" el="175" ec="33" bec="0" bev="0" fileid="8" />
                <SequencePoint vc="250" uspid="2119" ordinal="0" offset="213" sl="175" sc="25" el="175" ec="25" bec="0" bev="0" fileid="8" />
                <SequencePoint vc="54" uspid="2120" ordinal="0" offset="226" sl="183" sc="9" el="183" ec="9" bec="0" bev="0" fileid="8" />
                <SequencePoint vc="54" uspid="2121" ordinal="0" offset="227" sl="173" sc="29" el="173" ec="29" bec="0" bev="0" fileid="8" />
                <SequencePoint vc="68" uspid="2122" ordinal="0" offset="231" sl="173" sc="21" el="173" ec="21" bec="0" bev="0" fileid="8" />
                <SequencePoint vc="14" uspid="2123" ordinal="0" offset="247" sl="186" sc="9" el="186" ec="9" bec="0" bev="0" fileid="8" />
                <SequencePoint vc="14" uspid="2124" ordinal="0" offset="249" sl="187" sc="9" el="187" ec="9" bec="0" bev="0" fileid="8" />
                <SequencePoint vc="14" uspid="2125" ordinal="0" offset="251" sl="188" sc="9" el="188" ec="9" bec="0" bev="0" fileid="8" />
                <SequencePoint vc="49" uspid="2126" ordinal="0" offset="259" sl="190" sc="13" el="190" ec="13" bec="0" bev="0" fileid="8" />
                <SequencePoint vc="49" uspid="2127" ordinal="0" offset="260" sl="191" sc="13" el="191" ec="13" bec="0" bev="0" fileid="8" />
                <SequencePoint vc="49" uspid="2128" ordinal="0" offset="286" sl="192" sc="13" el="192" ec="13" bec="0" bev="0" fileid="8" />
                <SequencePoint vc="43" uspid="2129" ordinal="0" offset="319" sl="193" sc="13" el="193" ec="13" bec="0" bev="0" fileid="8" />
                <SequencePoint vc="43" uspid="2130" ordinal="0" offset="320" sl="194" sc="17" el="194" ec="17" bec="0" bev="0" fileid="8" />
                <SequencePoint vc="43" uspid="2131" ordinal="0" offset="334" sl="195" sc="17" el="195" ec="17" bec="0" bev="0" fileid="8" />
                <SequencePoint vc="43" uspid="2132" ordinal="0" offset="338" sl="196" sc="17" el="196" ec="17" bec="0" bev="0" fileid="8" />
                <SequencePoint vc="43" uspid="2133" ordinal="0" offset="342" sl="197" sc="13" el="197" ec="13" bec="0" bev="0" fileid="8" />
                <SequencePoint vc="6" uspid="2134" ordinal="0" offset="345" sl="198" sc="18" el="198" ec="18" bec="0" bev="0" fileid="8" />
                <SequencePoint vc="5" uspid="2135" ordinal="0" offset="375" sl="199" sc="13" el="199" ec="13" bec="0" bev="0" fileid="8" />
                <SequencePoint vc="5" uspid="2136" ordinal="0" offset="376" sl="200" sc="17" el="200" ec="17" bec="0" bev="0" fileid="8" />
                <SequencePoint vc="5" uspid="2137" ordinal="0" offset="380" sl="201" sc="13" el="201" ec="13" bec="0" bev="0" fileid="8" />
                <SequencePoint vc="1" uspid="2138" ordinal="0" offset="383" sl="203" sc="13" el="203" ec="13" bec="0" bev="0" fileid="8" />
                <SequencePoint vc="1" uspid="2139" ordinal="0" offset="384" sl="204" sc="17" el="204" ec="17" bec="0" bev="0" fileid="8" />
                <SequencePoint vc="1" uspid="2140" ordinal="0" offset="388" sl="205" sc="13" el="205" ec="13" bec="0" bev="0" fileid="8" />
                <SequencePoint vc="49" uspid="2141" ordinal="0" offset="389" sl="206" sc="13" el="206" ec="13" bec="0" bev="0" fileid="8" />
                <SequencePoint vc="63" uspid="2142" ordinal="0" offset="390" sl="189" sc="13" el="189" ec="13" bec="0" bev="0" fileid="8" />
                <SequencePoint vc="14" uspid="2143" ordinal="0" offset="410" sl="208" sc="9" el="208" ec="9" bec="0" bev="0" fileid="8" />
                <SequencePoint vc="14" uspid="2144" ordinal="0" offset="416" sl="209" sc="5" el="209" ec="5" bec="0" bev="0" fileid="8" />
              </SequencePoints>
              <BranchPoints />
            </Method>
            <Method visited="true" cyclomaticComplexity="0" nPathComplexity="0" sequenceCoverage="100.0" branchCoverage="0" crapScore="0" isConstructor="true" isStatic="true" isGetter="false" isSetter="false">
              <Summary numSequencePoints="6" visitedSequencePoints="6" numBranchPoints="0" visitedBranchPoints="0" sequenceCoverage="100.0" branchCoverage="0" maxCyclomaticComplexity="0" minCyclomaticComplexity="0" maxCrapScore="0" minCrapScore="0" visitedClasses="0" numClasses="0" visitedMethods="1" numMethods="1" />
              <MetadataToken>100663341</MetadataToken>
              <Name>static JsonCompare::JsonCompare()</Name>
              <FileRef uid="8" />
              <SequencePoints>
                <SequencePoint vc="1" uspid="2145" ordinal="0" offset="0" sl="11" sc="5" el="11" ec="5" bec="0" bev="0" fileid="8" />
                <SequencePoint vc="1" uspid="2146" ordinal="0" offset="10" sl="12" sc="5" el="12" ec="5" bec="0" bev="0" fileid="8" />
                <SequencePoint vc="1" uspid="2147" ordinal="0" offset="20" sl="22" sc="5" el="22" ec="5" bec="0" bev="0" fileid="8" />
                <SequencePoint vc="1" uspid="2148" ordinal="0" offset="234" sl="36" sc="5" el="36" ec="5" bec="0" bev="0" fileid="8" />
                <SequencePoint vc="1" uspid="2149" ordinal="0" offset="346" sl="44" sc="5" el="44" ec="5" bec="0" bev="0" fileid="8" />
                <SequencePoint vc="1" uspid="2150" ordinal="0" offset="457" sl="45" sc="5" el="45" ec="5" bec="0" bev="0" fileid="8" />
              </SequencePoints>
              <BranchPoints />
            </Method>
          </Methods>
        </Class>
        <Class>
          <Summary numSequencePoints="7" visitedSequencePoints="7" numBranchPoints="0" visitedBranchPoints="0" sequenceCoverage="100.0" branchCoverage="0.0" maxCyclomaticComplexity="0" minCyclomaticComplexity="0" maxCrapScore="0" minCrapScore="0" visitedClasses="1" numClasses="1" visitedMethods="1" numMethods="1" />
          <FullName>SphereController</FullName>
          <Methods>
            <Method visited="true" cyclomaticComplexity="0" nPathComplexity="0" sequenceCoverage="100.0" branchCoverage="0" crapScore="0" isConstructor="true" isStatic="false" isGetter="false" isSetter="false">
              <Summary numSequencePoints="7" visitedSequencePoints="7" numBranchPoints="0" visitedBranchPoints="0" sequenceCoverage="100.0" branchCoverage="0" maxCyclomaticComplexity="0" minCyclomaticComplexity="0" maxCrapScore="0" minCrapScore="0" visitedClasses="0" numClasses="0" visitedMethods="1" numMethods="1" />
              <MetadataToken>100663346</MetadataToken>
              <Name>SphereController::SphereController()</Name>
              <FileRef uid="10" />
              <SequencePoints>
                <SequencePoint vc="1" uspid="2233" ordinal="0" offset="0" sl="15" sc="5" el="15" ec="5" bec="0" bev="0" fileid="10" />
                <SequencePoint vc="1" uspid="2234" ordinal="0" offset="419" sl="42" sc="5" el="42" ec="5" bec="0" bev="0" fileid="10" />
                <SequencePoint vc="1" uspid="2235" ordinal="0" offset="838" sl="69" sc="5" el="69" ec="5" bec="0" bev="0" fileid="10" />
                <SequencePoint vc="1" uspid="2236" ordinal="0" offset="1257" sl="96" sc="5" el="96" ec="5" bec="0" bev="0" fileid="10" />
                <SequencePoint vc="1" uspid="2237" ordinal="0" offset="1676" sl="123" sc="5" el="123" ec="5" bec="0" bev="0" fileid="10" />
                <SequencePoint vc="1" uspid="2238" ordinal="0" offset="2095" sl="150" sc="5" el="150" ec="5" bec="0" bev="0" fileid="10" />
                <SequencePoint vc="1" uspid="2239" ordinal="0" offset="2514" sl="177" sc="5" el="177" ec="5" bec="0" bev="0" fileid="10" />
              </SequencePoints>
              <BranchPoints />
            </Method>
          </Methods>
        </Class>
        <Class>
          <Summary numSequencePoints="5" visitedSequencePoints="5" numBranchPoints="0" visitedBranchPoints="0" sequenceCoverage="100.0" branchCoverage="0.0" maxCyclomaticComplexity="0" minCyclomaticComplexity="0" maxCrapScore="0" minCrapScore="0" visitedClasses="1" numClasses="1" visitedMethods="1" numMethods="1" />
          <FullName>StorePlayedNote</FullName>
          <Methods>
            <Method visited="true" cyclomaticComplexity="0" nPathComplexity="0" sequenceCoverage="100.0" branchCoverage="0" crapScore="0" isConstructor="true" isStatic="false" isGetter="false" isSetter="false">
              <Summary numSequencePoints="5" visitedSequencePoints="5" numBranchPoints="0" visitedBranchPoints="0" sequenceCoverage="100.0" branchCoverage="0" maxCyclomaticComplexity="0" minCyclomaticComplexity="0" maxCrapScore="0" minCrapScore="0" visitedClasses="0" numClasses="0" visitedMethods="1" numMethods="1" />
              <MetadataToken>100663347</MetadataToken>
              <Name>StorePlayedNote::StorePlayedNote(System.String, System.String)</Name>
              <FileRef uid="11" />
              <SequencePoints>
                <SequencePoint vc="47" uspid="2240" ordinal="0" offset="0" sl="10" sc="5" el="10" ec="5" bec="0" bev="0" fileid="11" />
                <SequencePoint vc="47" uspid="2241" ordinal="0" offset="7" sl="11" sc="5" el="11" ec="5" bec="0" bev="0" fileid="11" />
                <SequencePoint vc="47" uspid="2242" ordinal="0" offset="8" sl="12" sc="9" el="12" ec="9" bec="0" bev="0" fileid="11" />
                <SequencePoint vc="47" uspid="2243" ordinal="0" offset="15" sl="13" sc="9" el="13" ec="9" bec="0" bev="0" fileid="11" />
                <SequencePoint vc="47" uspid="2244" ordinal="0" offset="22" sl="14" sc="5" el="14" ec="5" bec="0" bev="0" fileid="11" />
              </SequencePoints>
              <BranchPoints />
            </Method>
          </Methods>
        </Class>
        <Class>
          <Summary numSequencePoints="7" visitedSequencePoints="7" numBranchPoints="0" visitedBranchPoints="0" sequenceCoverage="100.0" branchCoverage="0.0" maxCyclomaticComplexity="0" minCyclomaticComplexity="0" maxCrapScore="0" minCrapScore="0" visitedClasses="1" numClasses="1" visitedMethods="1" numMethods="1" />
          <FullName>StringClickHandler</FullName>
          <Methods>
            <Method visited="true" cyclomaticComplexity="0" nPathComplexity="0" sequenceCoverage="100.0" branchCoverage="0" crapScore="0" isConstructor="true" isStatic="false" isGetter="false" isSetter="false">
              <Summary numSequencePoints="7" visitedSequencePoints="7" numBranchPoints="0" visitedBranchPoints="0" sequenceCoverage="100.0" branchCoverage="0" maxCyclomaticComplexity="0" minCyclomaticComplexity="0" maxCrapScore="0" minCrapScore="0" visitedClasses="0" numClasses="0" visitedMethods="1" numMethods="1" />
              <MetadataToken>100663365</MetadataToken>
              <Name>StringClickHandler::StringClickHandler()</Name>
              <FileRef uid="12" />
              <SequencePoints>
                <SequencePoint vc="1" uspid="3006" ordinal="0" offset="0" sl="29" sc="5" el="29" ec="5" bec="0" bev="0" fileid="12" />
                <SequencePoint vc="1" uspid="3007" ordinal="0" offset="7" sl="30" sc="5" el="30" ec="5" bec="0" bev="0" fileid="12" />
                <SequencePoint vc="1" uspid="3008" ordinal="0" offset="14" sl="31" sc="5" el="31" ec="5" bec="0" bev="0" fileid="12" />
                <SequencePoint vc="1" uspid="3009" ordinal="0" offset="21" sl="32" sc="5" el="32" ec="5" bec="0" bev="0" fileid="12" />
                <SequencePoint vc="1" uspid="3010" ordinal="0" offset="28" sl="33" sc="5" el="33" ec="5" bec="0" bev="0" fileid="12" />
                <SequencePoint vc="1" uspid="3011" ordinal="0" offset="35" sl="43" sc="5" el="43" ec="5" bec="0" bev="0" fileid="12" />
                <SequencePoint vc="1" uspid="3012" ordinal="0" offset="46" sl="49" sc="5" el="49" ec="5" bec="0" bev="0" fileid="12" />
              </SequencePoints>
              <BranchPoints />
            </Method>
          </Methods>
        </Class>
      </Classes>
    </Module>
    <Module>
      <Summary numSequencePoints="88" visitedSequencePoints="88" numBranchPoints="0" visitedBranchPoints="0" sequenceCoverage="100.0" branchCoverage="0.0" maxCyclomaticComplexity="0" minCyclomaticComplexity="0" maxCrapScore="0" minCrapScore="0" visitedClasses="1" numClasses="1" visitedMethods="7" numMethods="7" />
      <ModuleTime>0001-01-01T00:00:00</ModuleTime>
      <ModuleName>EditMode</ModuleName>
      <Files>
        <File uid="15" fullPath="C:/Users/Administrator/OneDrive/Documents/GitHub/AAA/AGS_guitarALL_EPICS/ULTIMATE_GUITAR/Assets/Unit Tests/EditMode/AudioSimilarityTest.cs" />
      </Files>
      <Classes>
        <Class>
          <Summary numSequencePoints="88" visitedSequencePoints="88" numBranchPoints="0" visitedBranchPoints="0" sequenceCoverage="100.0" branchCoverage="0.0" maxCyclomaticComplexity="0" minCyclomaticComplexity="0" maxCrapScore="0" minCrapScore="0" visitedClasses="1" numClasses="1" visitedMethods="7" numMethods="7" />
          <FullName>AudioSimilarityTest</FullName>
          <Methods>
            <Method visited="true" cyclomaticComplexity="0" nPathComplexity="0" sequenceCoverage="100.0" branchCoverage="0" crapScore="0" isConstructor="false" isStatic="false" isGetter="false" isSetter="false">
              <Summary numSequencePoints="9" visitedSequencePoints="9" numBranchPoints="0" visitedBranchPoints="0" sequenceCoverage="100.0" branchCoverage="0" maxCyclomaticComplexity="0" minCyclomaticComplexity="0" maxCrapScore="0" minCrapScore="0" visitedClasses="0" numClasses="0" visitedMethods="1" numMethods="1" />
              <MetadataToken>100663297</MetadataToken>
              <Name>System.Void AudioSimilarityTest::JsonConverterToCharacter_ExactlySameNotes_100PercentSimilarity()</Name>
              <FileRef uid="15" />
              <SequencePoints>
                <SequencePoint vc="1" uspid="3171" ordinal="0" offset="0" sl="13" sc="5" el="13" ec="5" bec="0" bev="0" fileid="15" />
                <SequencePoint vc="1" uspid="3172" ordinal="0" offset="1" sl="14" sc="9" el="14" ec="9" bec="0" bev="0" fileid="15" />
                <SequencePoint vc="1" uspid="3173" ordinal="0" offset="17" sl="15" sc="9" el="15" ec="9" bec="0" bev="0" fileid="15" />
                <SequencePoint vc="1" uspid="3174" ordinal="0" offset="33" sl="16" sc="9" el="16" ec="9" bec="0" bev="0" fileid="15" />
                <SequencePoint vc="1" uspid="3175" ordinal="0" offset="49" sl="17" sc="9" el="17" ec="9" bec="0" bev="0" fileid="15" />
                <SequencePoint vc="1" uspid="3176" ordinal="0" offset="65" sl="19" sc="9" el="19" ec="9" bec="0" bev="0" fileid="15" />
                <SequencePoint vc="1" uspid="3177" ordinal="0" offset="89" sl="20" sc="9" el="20" ec="9" bec="0" bev="0" fileid="15" />
                <SequencePoint vc="1" uspid="3178" ordinal="0" offset="99" sl="21" sc="9" el="21" ec="9" bec="0" bev="0" fileid="15" />
                <SequencePoint vc="1" uspid="3179" ordinal="0" offset="122" sl="22" sc="5" el="22" ec="5" bec="0" bev="0" fileid="15" />
              </SequencePoints>
              <BranchPoints />
            </Method>
            <Method visited="true" cyclomaticComplexity="0" nPathComplexity="0" sequenceCoverage="100.0" branchCoverage="0" crapScore="0" isConstructor="false" isStatic="false" isGetter="false" isSetter="false">
              <Summary numSequencePoints="13" visitedSequencePoints="13" numBranchPoints="0" visitedBranchPoints="0" sequenceCoverage="100.0" branchCoverage="0" maxCyclomaticComplexity="0" minCyclomaticComplexity="0" maxCrapScore="0" minCrapScore="0" visitedClasses="0" numClasses="0" visitedMethods="1" numMethods="1" />
              <MetadataToken>100663298</MetadataToken>
              <Name>System.Void AudioSimilarityTest::JsonConverterToCharacter_CompletelyDifferentNotes_0PercentSimilarity()</Name>
              <FileRef uid="15" />
              <SequencePoints>
                <SequencePoint vc="1" uspid="3180" ordinal="0" offset="0" sl="26" sc="5" el="26" ec="5" bec="0" bev="0" fileid="15" />
                <SequencePoint vc="1" uspid="3181" ordinal="0" offset="1" sl="27" sc="9" el="27" ec="9" bec="0" bev="0" fileid="15" />
                <SequencePoint vc="1" uspid="3182" ordinal="0" offset="17" sl="28" sc="9" el="28" ec="9" bec="0" bev="0" fileid="15" />
                <SequencePoint vc="1" uspid="3183" ordinal="0" offset="33" sl="29" sc="9" el="29" ec="9" bec="0" bev="0" fileid="15" />
                <SequencePoint vc="1" uspid="3184" ordinal="0" offset="49" sl="30" sc="9" el="30" ec="9" bec="0" bev="0" fileid="15" />
                <SequencePoint vc="1" uspid="3185" ordinal="0" offset="65" sl="31" sc="9" el="31" ec="9" bec="0" bev="0" fileid="15" />
                <SequencePoint vc="1" uspid="3186" ordinal="0" offset="82" sl="32" sc="9" el="32" ec="9" bec="0" bev="0" fileid="15" />
                <SequencePoint vc="1" uspid="3187" ordinal="0" offset="99" sl="33" sc="9" el="33" ec="9" bec="0" bev="0" fileid="15" />
                <SequencePoint vc="1" uspid="3188" ordinal="0" offset="116" sl="35" sc="9" el="35" ec="9" bec="0" bev="0" fileid="15" />
                <SequencePoint vc="1" uspid="3189" ordinal="0" offset="140" sl="36" sc="9" el="36" ec="9" bec="0" bev="0" fileid="15" />
                <SequencePoint vc="1" uspid="3190" ordinal="0" offset="163" sl="37" sc="9" el="37" ec="9" bec="0" bev="0" fileid="15" />
                <SequencePoint vc="1" uspid="3191" ordinal="0" offset="173" sl="38" sc="9" el="38" ec="9" bec="0" bev="0" fileid="15" />
                <SequencePoint vc="1" uspid="3192" ordinal="0" offset="195" sl="39" sc="5" el="39" ec="5" bec="0" bev="0" fileid="15" />
              </SequencePoints>
              <BranchPoints />
            </Method>
            <Method visited="true" cyclomaticComplexity="0" nPathComplexity="0" sequenceCoverage="100.0" branchCoverage="0" crapScore="0" isConstructor="false" isStatic="false" isGetter="false" isSetter="false">
              <Summary numSequencePoints="14" visitedSequencePoints="14" numBranchPoints="0" visitedBranchPoints="0" sequenceCoverage="100.0" branchCoverage="0" maxCyclomaticComplexity="0" minCyclomaticComplexity="0" maxCrapScore="0" minCrapScore="0" visitedClasses="0" numClasses="0" visitedMethods="1" numMethods="1" />
              <MetadataToken>100663299</MetadataToken>
              <Name>System.Void AudioSimilarityTest::JsonConverterToCharacter_HalfEqualNotes_50PercentSimilarity()</Name>
              <FileRef uid="15" />
              <SequencePoints>
                <SequencePoint vc="1" uspid="3193" ordinal="0" offset="0" sl="43" sc="5" el="43" ec="5" bec="0" bev="0" fileid="15" />
                <SequencePoint vc="1" uspid="3194" ordinal="0" offset="1" sl="44" sc="9" el="44" ec="9" bec="0" bev="0" fileid="15" />
                <SequencePoint vc="1" uspid="3195" ordinal="0" offset="17" sl="45" sc="9" el="45" ec="9" bec="0" bev="0" fileid="15" />
                <SequencePoint vc="1" uspid="3196" ordinal="0" offset="33" sl="46" sc="9" el="46" ec="9" bec="0" bev="0" fileid="15" />
                <SequencePoint vc="1" uspid="3197" ordinal="0" offset="49" sl="47" sc="9" el="47" ec="9" bec="0" bev="0" fileid="15" />
                <SequencePoint vc="1" uspid="3198" ordinal="0" offset="65" sl="49" sc="9" el="49" ec="9" bec="0" bev="0" fileid="15" />
                <SequencePoint vc="1" uspid="3199" ordinal="0" offset="82" sl="50" sc="9" el="50" ec="9" bec="0" bev="0" fileid="15" />
                <SequencePoint vc="1" uspid="3200" ordinal="0" offset="99" sl="51" sc="9" el="51" ec="9" bec="0" bev="0" fileid="15" />
                <SequencePoint vc="1" uspid="3201" ordinal="0" offset="116" sl="52" sc="9" el="52" ec="9" bec="0" bev="0" fileid="15" />
                <SequencePoint vc="1" uspid="3202" ordinal="0" offset="133" sl="54" sc="9" el="54" ec="9" bec="0" bev="0" fileid="15" />
                <SequencePoint vc="1" uspid="3203" ordinal="0" offset="157" sl="55" sc="9" el="55" ec="9" bec="0" bev="0" fileid="15" />
                <SequencePoint vc="1" uspid="3204" ordinal="0" offset="185" sl="56" sc="9" el="56" ec="9" bec="0" bev="0" fileid="15" />
                <SequencePoint vc="1" uspid="3205" ordinal="0" offset="195" sl="57" sc="9" el="57" ec="9" bec="0" bev="0" fileid="15" />
                <SequencePoint vc="1" uspid="3206" ordinal="0" offset="218" sl="58" sc="5" el="58" ec="5" bec="0" bev="0" fileid="15" />
              </SequencePoints>
              <BranchPoints />
            </Method>
            <Method visited="true" cyclomaticComplexity="0" nPathComplexity="0" sequenceCoverage="100.0" branchCoverage="0" crapScore="0" isConstructor="false" isStatic="false" isGetter="false" isSetter="false">
              <Summary numSequencePoints="17" visitedSequencePoints="17" numBranchPoints="0" visitedBranchPoints="0" sequenceCoverage="100.0" branchCoverage="0" maxCyclomaticComplexity="0" minCyclomaticComplexity="0" maxCrapScore="0" minCrapScore="0" visitedClasses="0" numClasses="0" visitedMethods="1" numMethods="1" />
              <MetadataToken>100663300</MetadataToken>
              <Name>System.Void AudioSimilarityTest::JsonConverterToCharacter_ManySimilarNotes_60orMoreandLessthan95PercentSimilarity()</Name>
              <FileRef uid="15" />
              <SequencePoints>
                <SequencePoint vc="1" uspid="3207" ordinal="0" offset="0" sl="62" sc="5" el="62" ec="5" bec="0" bev="0" fileid="15" />
                <SequencePoint vc="1" uspid="3208" ordinal="0" offset="1" sl="63" sc="9" el="63" ec="9" bec="0" bev="0" fileid="15" />
                <SequencePoint vc="1" uspid="3209" ordinal="0" offset="17" sl="64" sc="9" el="64" ec="9" bec="0" bev="0" fileid="15" />
                <SequencePoint vc="1" uspid="3210" ordinal="0" offset="33" sl="65" sc="9" el="65" ec="9" bec="0" bev="0" fileid="15" />
                <SequencePoint vc="1" uspid="3211" ordinal="0" offset="49" sl="66" sc="9" el="66" ec="9" bec="0" bev="0" fileid="15" />
                <SequencePoint vc="1" uspid="3212" ordinal="0" offset="65" sl="67" sc="9" el="67" ec="9" bec="0" bev="0" fileid="15" />
                <SequencePoint vc="1" uspid="3213" ordinal="0" offset="82" sl="68" sc="9" el="68" ec="9" bec="0" bev="0" fileid="15" />
                <SequencePoint vc="1" uspid="3214" ordinal="0" offset="99" sl="70" sc="9" el="70" ec="9" bec="0" bev="0" fileid="15" />
                <SequencePoint vc="1" uspid="3215" ordinal="0" offset="116" sl="71" sc="9" el="71" ec="9" bec="0" bev="0" fileid="15" />
                <SequencePoint vc="1" uspid="3216" ordinal="0" offset="133" sl="72" sc="9" el="72" ec="9" bec="0" bev="0" fileid="15" />
                <SequencePoint vc="1" uspid="3217" ordinal="0" offset="150" sl="73" sc="9" el="73" ec="9" bec="0" bev="0" fileid="15" />
                <SequencePoint vc="1" uspid="3218" ordinal="0" offset="167" sl="74" sc="9" el="74" ec="9" bec="0" bev="0" fileid="15" />
                <SequencePoint vc="1" uspid="3219" ordinal="0" offset="184" sl="76" sc="9" el="76" ec="9" bec="0" bev="0" fileid="15" />
                <SequencePoint vc="1" uspid="3220" ordinal="0" offset="218" sl="77" sc="9" el="77" ec="9" bec="0" bev="0" fileid="15" />
                <SequencePoint vc="1" uspid="3221" ordinal="0" offset="251" sl="78" sc="9" el="78" ec="9" bec="0" bev="0" fileid="15" />
                <SequencePoint vc="1" uspid="3222" ordinal="0" offset="261" sl="79" sc="9" el="79" ec="9" bec="0" bev="0" fileid="15" />
                <SequencePoint vc="1" uspid="3223" ordinal="0" offset="302" sl="80" sc="5" el="80" ec="5" bec="0" bev="0" fileid="15" />
              </SequencePoints>
              <BranchPoints />
            </Method>
            <Method visited="true" cyclomaticComplexity="0" nPathComplexity="0" sequenceCoverage="100.0" branchCoverage="0" crapScore="0" isConstructor="false" isStatic="false" isGetter="false" isSetter="false">
              <Summary numSequencePoints="14" visitedSequencePoints="14" numBranchPoints="0" visitedBranchPoints="0" sequenceCoverage="100.0" branchCoverage="0" maxCyclomaticComplexity="0" minCyclomaticComplexity="0" maxCrapScore="0" minCrapScore="0" visitedClasses="0" numClasses="0" visitedMethods="1" numMethods="1" />
              <MetadataToken>100663301</MetadataToken>
              <Name>System.Void AudioSimilarityTest::JsonConverterToCharacter_DoubleLengthOfNotes_0PercentSimilarity()</Name>
              <FileRef uid="15" />
              <SequencePoints>
                <SequencePoint vc="1" uspid="3224" ordinal="0" offset="0" sl="84" sc="5" el="84" ec="5" bec="0" bev="0" fileid="15" />
                <SequencePoint vc="1" uspid="3225" ordinal="0" offset="1" sl="85" sc="9" el="85" ec="9" bec="0" bev="0" fileid="15" />
                <SequencePoint vc="1" uspid="3226" ordinal="0" offset="17" sl="86" sc="9" el="86" ec="9" bec="0" bev="0" fileid="15" />
                <SequencePoint vc="1" uspid="3227" ordinal="0" offset="33" sl="87" sc="9" el="87" ec="9" bec="0" bev="0" fileid="15" />
                <SequencePoint vc="1" uspid="3228" ordinal="0" offset="49" sl="89" sc="9" el="89" ec="9" bec="0" bev="0" fileid="15" />
                <SequencePoint vc="1" uspid="3229" ordinal="0" offset="65" sl="90" sc="9" el="90" ec="9" bec="0" bev="0" fileid="15" />
                <SequencePoint vc="1" uspid="3230" ordinal="0" offset="82" sl="91" sc="9" el="91" ec="9" bec="0" bev="0" fileid="15" />
                <SequencePoint vc="1" uspid="3231" ordinal="0" offset="99" sl="92" sc="9" el="92" ec="9" bec="0" bev="0" fileid="15" />
                <SequencePoint vc="1" uspid="3232" ordinal="0" offset="116" sl="93" sc="9" el="93" ec="9" bec="0" bev="0" fileid="15" />
                <SequencePoint vc="1" uspid="3233" ordinal="0" offset="133" sl="95" sc="9" el="95" ec="9" bec="0" bev="0" fileid="15" />
                <SequencePoint vc="1" uspid="3234" ordinal="0" offset="153" sl="96" sc="9" el="96" ec="9" bec="0" bev="0" fileid="15" />
                <SequencePoint vc="1" uspid="3235" ordinal="0" offset="185" sl="97" sc="9" el="97" ec="9" bec="0" bev="0" fileid="15" />
                <SequencePoint vc="1" uspid="3236" ordinal="0" offset="195" sl="98" sc="9" el="98" ec="9" bec="0" bev="0" fileid="15" />
                <SequencePoint vc="1" uspid="3237" ordinal="0" offset="217" sl="99" sc="5" el="99" ec="5" bec="0" bev="0" fileid="15" />
              </SequencePoints>
              <BranchPoints />
            </Method>
            <Method visited="true" cyclomaticComplexity="0" nPathComplexity="0" sequenceCoverage="100.0" branchCoverage="0" crapScore="0" isConstructor="false" isStatic="false" isGetter="false" isSetter="false">
              <Summary numSequencePoints="12" visitedSequencePoints="12" numBranchPoints="0" visitedBranchPoints="0" sequenceCoverage="100.0" branchCoverage="0" maxCyclomaticComplexity="0" minCyclomaticComplexity="0" maxCrapScore="0" minCrapScore="0" visitedClasses="0" numClasses="0" visitedMethods="1" numMethods="1" />
              <MetadataToken>100663302</MetadataToken>
              <Name>System.Void AudioSimilarityTest::JsonConverterToCharacter_SameLengthDiffNotes_0PercentSimilarity()</Name>
              <FileRef uid="15" />
              <SequencePoints>
                <SequencePoint vc="1" uspid="3238" ordinal="0" offset="0" sl="103" sc="5" el="103" ec="5" bec="0" bev="0" fileid="15" />
                <SequencePoint vc="1" uspid="3239" ordinal="0" offset="1" sl="104" sc="9" el="104" ec="9" bec="0" bev="0" fileid="15" />
                <SequencePoint vc="1" uspid="3240" ordinal="0" offset="17" sl="105" sc="9" el="105" ec="9" bec="0" bev="0" fileid="15" />
                <SequencePoint vc="1" uspid="3241" ordinal="0" offset="33" sl="106" sc="9" el="106" ec="9" bec="0" bev="0" fileid="15" />
                <SequencePoint vc="1" uspid="3242" ordinal="0" offset="49" sl="108" sc="9" el="108" ec="9" bec="0" bev="0" fileid="15" />
                <SequencePoint vc="1" uspid="3243" ordinal="0" offset="65" sl="109" sc="9" el="109" ec="9" bec="0" bev="0" fileid="15" />
                <SequencePoint vc="1" uspid="3244" ordinal="0" offset="82" sl="110" sc="9" el="110" ec="9" bec="0" bev="0" fileid="15" />
                <SequencePoint vc="1" uspid="3245" ordinal="0" offset="99" sl="112" sc="9" el="112" ec="9" bec="0" bev="0" fileid="15" />
                <SequencePoint vc="1" uspid="3246" ordinal="0" offset="119" sl="113" sc="9" el="113" ec="9" bec="0" bev="0" fileid="15" />
                <SequencePoint vc="1" uspid="3247" ordinal="0" offset="141" sl="114" sc="9" el="114" ec="9" bec="0" bev="0" fileid="15" />
                <SequencePoint vc="1" uspid="3248" ordinal="0" offset="151" sl="115" sc="9" el="115" ec="9" bec="0" bev="0" fileid="15" />
                <SequencePoint vc="1" uspid="3249" ordinal="0" offset="173" sl="116" sc="5" el="116" ec="5" bec="0" bev="0" fileid="15" />
              </SequencePoints>
              <BranchPoints />
            </Method>
            <Method visited="true" cyclomaticComplexity="0" nPathComplexity="0" sequenceCoverage="100.0" branchCoverage="0" crapScore="0" isConstructor="false" isStatic="false" isGetter="false" isSetter="false">
              <Summary numSequencePoints="9" visitedSequencePoints="9" numBranchPoints="0" visitedBranchPoints="0" sequenceCoverage="100.0" branchCoverage="0" maxCyclomaticComplexity="0" minCyclomaticComplexity="0" maxCrapScore="0" minCrapScore="0" visitedClasses="0" numClasses="0" visitedMethods="1" numMethods="1" />
              <MetadataToken>100663303</MetadataToken>
              <Name>System.Void AudioSimilarityTest::JsonConverterToCharacter_NoNotesPlayed_0PercentSimilarity()</Name>
              <FileRef uid="15" />
              <SequencePoints>
                <SequencePoint vc="1" uspid="3250" ordinal="0" offset="0" sl="120" sc="5" el="120" ec="5" bec="0" bev="0" fileid="15" />
                <SequencePoint vc="1" uspid="3251" ordinal="0" offset="1" sl="121" sc="9" el="121" ec="9" bec="0" bev="0" fileid="15" />
                <SequencePoint vc="1" uspid="3252" ordinal="0" offset="17" sl="122" sc="9" el="122" ec="9" bec="0" bev="0" fileid="15" />
                <SequencePoint vc="1" uspid="3253" ordinal="0" offset="33" sl="123" sc="9" el="123" ec="9" bec="0" bev="0" fileid="15" />
                <SequencePoint vc="1" uspid="3254" ordinal="0" offset="49" sl="125" sc="9" el="125" ec="9" bec="0" bev="0" fileid="15" />
                <SequencePoint vc="1" uspid="3255" ordinal="0" offset="68" sl="126" sc="9" el="126" ec="9" bec="0" bev="0" fileid="15" />
                <SequencePoint vc="1" uspid="3256" ordinal="0" offset="76" sl="127" sc="9" el="127" ec="9" bec="0" bev="0" fileid="15" />
                <SequencePoint vc="1" uspid="3257" ordinal="0" offset="85" sl="128" sc="9" el="128" ec="9" bec="0" bev="0" fileid="15" />
                <SequencePoint vc="1" uspid="3258" ordinal="0" offset="107" sl="129" sc="5" el="129" ec="5" bec="0" bev="0" fileid="15" />
              </SequencePoints>
              <BranchPoints />
            </Method>
          </Methods>
        </Class>
      </Classes>
    </Module>
  </Modules>
</CoverageSession>